[35m[1mConsolidate compiler generated dependencies of target cpp_stepper_controller[0m
[ 33%] [32mBuilding CXX object CMakeFiles/cpp_stepper_controller.dir/src/StepperController.cpp.o[0m
[ 66%] [32m[1mLinking CXX executable cpp_stepper_controller[0m
[100%] Built target cpp_stepper_controller
-- Install configuration: ""
-- Installing: /home/seds/Desktop/TERRANCE/Terrance/install/cpp_stepper_controller/lib/cpp_stepper_controller/cpp_stepper_controller
-- Set runtime path of "/home/seds/Desktop/TERRANCE/Terrance/install/cpp_stepper_controller/lib/cpp_stepper_controller/cpp_stepper_controller" to ""
-- Up-to-date: /home/seds/Desktop/TERRANCE/Terrance/install/cpp_stepper_controller/share/ament_index/resource_index/package_run_dependencies/cpp_stepper_controller
-- Up-to-date: /home/seds/Desktop/TERRANCE/Terrance/install/cpp_stepper_controller/share/ament_index/resource_index/parent_prefix_path/cpp_stepper_controller
-- Up-to-date: /home/seds/Desktop/TERRANCE/Terrance/install/cpp_stepper_controller/share/cpp_stepper_controller/environment/ament_prefix_path.sh
-- Up-to-date: /home/seds/Desktop/TERRANCE/Terrance/install/cpp_stepper_controller/share/cpp_stepper_controller/environment/ament_prefix_path.dsv
-- Up-to-date: /home/seds/Desktop/TERRANCE/Terrance/install/cpp_stepper_controller/share/cpp_stepper_controller/environment/path.sh
-- Up-to-date: /home/seds/Desktop/TERRANCE/Terrance/install/cpp_stepper_controller/share/cpp_stepper_controller/environment/path.dsv
-- Up-to-date: /home/seds/Desktop/TERRANCE/Terrance/install/cpp_stepper_controller/share/cpp_stepper_controller/local_setup.bash
-- Up-to-date: /home/seds/Desktop/TERRANCE/Terrance/install/cpp_stepper_controller/share/cpp_stepper_controller/local_setup.sh
-- Up-to-date: /home/seds/Desktop/TERRANCE/Terrance/install/cpp_stepper_controller/share/cpp_stepper_controller/local_setup.zsh
-- Up-to-date: /home/seds/Desktop/TERRANCE/Terrance/install/cpp_stepper_controller/share/cpp_stepper_controller/local_setup.dsv
-- Installing: /home/seds/Desktop/TERRANCE/Terrance/install/cpp_stepper_controller/share/cpp_stepper_controller/package.dsv
-- Up-to-date: /home/seds/Desktop/TERRANCE/Terrance/install/cpp_stepper_controller/share/ament_index/resource_index/packages/cpp_stepper_controller
-- Up-to-date: /home/seds/Desktop/TERRANCE/Terrance/install/cpp_stepper_controller/share/cpp_stepper_controller/cmake/cpp_stepper_controllerConfig.cmake
-- Up-to-date: /home/seds/Desktop/TERRANCE/Terrance/install/cpp_stepper_controller/share/cpp_stepper_controller/cmake/cpp_stepper_controllerConfig-version.cmake
-- Up-to-date: /home/seds/Desktop/TERRANCE/Terrance/install/cpp_stepper_controller/share/cpp_stepper_controller/package.xml
