[0.053s] Invoking command in '/home/seds/Desktop/TERRANCE/Terrance/build/cpp_stepper_controller': CMAKE_PREFIX_PATH=/opt/ros/iron /usr/bin/cmake /home/seds/Desktop/TERRANCE/Terrance/src/cpp_stepper_controller -DCMAKE_INSTALL_PREFIX=/home/seds/Desktop/TERRANCE/Terrance/install/cpp_stepper_controller
[0.427s] -- The C compiler identification is GNU 11.4.0
[1.190s] -- The CXX compiler identification is GNU 11.4.0
[1.235s] -- Detecting C compiler ABI info
[1.633s] -- Detecting C compiler ABI info - done
[1.659s] -- Check for working C compiler: /usr/bin/cc - skipped
[1.662s] -- Detecting C compile features
[1.665s] -- Detecting C compile features - done
[1.684s] -- Detecting CXX compiler ABI info
[2.121s] -- Detecting CXX compiler ABI info - done
[2.151s] -- Check for working CXX compiler: /usr/bin/c++ - skipped
[2.152s] -- Detecting CXX compile features
[2.154s] -- Detecting CXX compile features - done
[2.186s] -- Found ament_cmake: 2.0.4 (/opt/ros/iron/share/ament_cmake/cmake)
[3.146s] -- Found Python3: /usr/bin/python3.10 (found version "3.10.12") found components: Interpreter 
[3.838s] -- Found ament_lint_auto: 0.14.3 (/opt/ros/iron/share/ament_lint_auto/cmake)
[4.336s] -- Added test 'cppcheck' to perform static code analysis on C / C++ code
[4.337s] -- Configured cppcheck include dirs: $<BUILD_INTERFACE:/home/seds/Desktop/TERRANCE/Terrance/src/cpp_stepper_controller/include>
[4.337s] -- Configured cppcheck exclude dirs and/or files: 
[4.344s] -- Added test 'lint_cmake' to check CMake code style
[4.356s] -- Added test 'uncrustify' to check C / C++ code style
[4.357s] -- Configured uncrustify additional arguments: 
[4.360s] -- Added test 'xmllint' to check XML markup files
[4.369s] -- Configuring done
[4.407s] -- Generating done
[4.413s] -- Build files have been written to: /home/seds/Desktop/TERRANCE/Terrance/build/cpp_stepper_controller
[4.430s] Invoked command in '/home/seds/Desktop/TERRANCE/Terrance/build/cpp_stepper_controller' returned '0': CMAKE_PREFIX_PATH=/opt/ros/iron /usr/bin/cmake /home/seds/Desktop/TERRANCE/Terrance/src/cpp_stepper_controller -DCMAKE_INSTALL_PREFIX=/home/seds/Desktop/TERRANCE/Terrance/install/cpp_stepper_controller
[4.442s] Invoking command in '/home/seds/Desktop/TERRANCE/Terrance/build/cpp_stepper_controller': CMAKE_PREFIX_PATH=/opt/ros/iron /usr/bin/cmake --build /home/seds/Desktop/TERRANCE/Terrance/build/cpp_stepper_controller -- -j4 -l4
[4.667s] [ 50%] [32mBuilding CXX object CMakeFiles/cpp_stepper_controller.dir/src/cpp_stepper_controller.cpp.o[0m
[4.881s] [100%] [32m[1mLinking CXX executable cpp_stepper_controller[0m
[5.117s] [100%] Built target cpp_stepper_controller
[5.172s] Invoked command in '/home/seds/Desktop/TERRANCE/Terrance/build/cpp_stepper_controller' returned '0': CMAKE_PREFIX_PATH=/opt/ros/iron /usr/bin/cmake --build /home/seds/Desktop/TERRANCE/Terrance/build/cpp_stepper_controller -- -j4 -l4
[5.372s] Invoking command in '/home/seds/Desktop/TERRANCE/Terrance/build/cpp_stepper_controller': CMAKE_PREFIX_PATH=/opt/ros/iron /usr/bin/cmake --install /home/seds/Desktop/TERRANCE/Terrance/build/cpp_stepper_controller
[5.408s] -- Install configuration: ""
[5.409s] -- Installing: /home/seds/Desktop/TERRANCE/Terrance/install/cpp_stepper_controller/lib/cpp_stepper_controller/cpp_stepper_controller
[5.411s] -- Installing: /home/seds/Desktop/TERRANCE/Terrance/install/cpp_stepper_controller/share/ament_index/resource_index/package_run_dependencies/cpp_stepper_controller
[5.413s] -- Installing: /home/seds/Desktop/TERRANCE/Terrance/install/cpp_stepper_controller/share/ament_index/resource_index/parent_prefix_path/cpp_stepper_controller
[5.417s] -- Installing: /home/seds/Desktop/TERRANCE/Terrance/install/cpp_stepper_controller/share/cpp_stepper_controller/environment/ament_prefix_path.sh
[5.418s] -- Installing: /home/seds/Desktop/TERRANCE/Terrance/install/cpp_stepper_controller/share/cpp_stepper_controller/environment/ament_prefix_path.dsv
[5.420s] -- Installing: /home/seds/Desktop/TERRANCE/Terrance/install/cpp_stepper_controller/share/cpp_stepper_controller/environment/path.sh
[5.421s] -- Installing: /home/seds/Desktop/TERRANCE/Terrance/install/cpp_stepper_controller/share/cpp_stepper_controller/environment/path.dsv
[5.423s] -- Installing: /home/seds/Desktop/TERRANCE/Terrance/install/cpp_stepper_controller/share/cpp_stepper_controller/local_setup.bash
[5.424s] -- Installing: /home/seds/Desktop/TERRANCE/Terrance/install/cpp_stepper_controller/share/cpp_stepper_controller/local_setup.sh
[5.426s] -- Installing: /home/seds/Desktop/TERRANCE/Terrance/install/cpp_stepper_controller/share/cpp_stepper_controller/local_setup.zsh
[5.427s] -- Installing: /home/seds/Desktop/TERRANCE/Terrance/install/cpp_stepper_controller/share/cpp_stepper_controller/local_setup.dsv
[5.429s] -- Installing: /home/seds/Desktop/TERRANCE/Terrance/install/cpp_stepper_controller/share/cpp_stepper_controller/package.dsv
[5.431s] -- Installing: /home/seds/Desktop/TERRANCE/Terrance/install/cpp_stepper_controller/share/ament_index/resource_index/packages/cpp_stepper_controller
[5.432s] -- Installing: /home/seds/Desktop/TERRANCE/Terrance/install/cpp_stepper_controller/share/cpp_stepper_controller/cmake/cpp_stepper_controllerConfig.cmake
[5.434s] -- Installing: /home/seds/Desktop/TERRANCE/Terrance/install/cpp_stepper_controller/share/cpp_stepper_controller/cmake/cpp_stepper_controllerConfig-version.cmake
[5.435s] -- Installing: /home/seds/Desktop/TERRANCE/Terrance/install/cpp_stepper_controller/share/cpp_stepper_controller/package.xml
[5.442s] Invoked command in '/home/seds/Desktop/TERRANCE/Terrance/build/cpp_stepper_controller' returned '0': CMAKE_PREFIX_PATH=/opt/ros/iron /usr/bin/cmake --install /home/seds/Desktop/TERRANCE/Terrance/build/cpp_stepper_controller
