[35m[1mConsolidate compiler generated dependencies of target cpp_stepper_controller[0m
[ 25%] [32mBuilding CXX object CMakeFiles/cpp_stepper_controller.dir/src/cpp_stepper_controller.cpp.o[0m
[01m[K/root/Terrance/src/cpp_stepper_controller/src/cpp_stepper_controller.cpp:[m[K In function ‘[01m[Kvoid signal_handler(int)[m[K’:
[01m[K/root/Terrance/src/cpp_stepper_controller/src/cpp_stepper_controller.cpp:16:25:[m[K [01;35m[Kwarning: [m[Kunused parameter ‘[01m[Ksignal[m[K’ [[01;35m[K]8;;https://gcc.gnu.org/onlinedocs/gcc/Warning-Options.html#index-Wunused-parameter-Wunused-parameter]8;;[m[K]
   16 | void signal_handler([01;35m[Kint signal[m[K)
      |                     [01;35m[K~~~~^~~~~~[m[K
[01m[K/root/Terrance/src/cpp_stepper_controller/src/cpp_stepper_controller.cpp:[m[K In function ‘[01m[Kint main(int, char**)[m[K’:
[01m[K/root/Terrance/src/cpp_stepper_controller/src/cpp_stepper_controller.cpp:50:28:[m[K [01;35m[Kwarning: [m[Kformat ‘[01m[K%f[m[K’ expects argument of type ‘[01m[Kdouble[m[K’, but argument 2 has type ‘[01m[Kint[m[K’ [[01;35m[K]8;;https://gcc.gnu.org/onlinedocs/gcc/Warning-Options.html#index-Wformat=-Wformat=]8;;[m[K]
   50 |     printf("left_stick.x: [01;35m[K%f[m[K\n", [32m[Kgamepad.left_stick.x[m[K);
      |                           [01;35m[K~^[m[K     [32m[K~~~~~~~~~~~~~~~~~~~~[m[K
      |                            [01;35m[K|[m[K                        [32m[K|[m[K
      |                            [01;35m[Kdouble[m[K                   [32m[Kint[m[K
      |                           [32m[K%d[m[K
[ 50%] [32m[1mLinking CXX executable cpp_stepper_controller[0m
[100%] Built target cpp_stepper_controller
-- Install configuration: ""
-- Installing: /root/Terrance/install/cpp_stepper_controller/lib/cpp_stepper_controller/cpp_stepper_controller
-- Set runtime path of "/root/Terrance/install/cpp_stepper_controller/lib/cpp_stepper_controller/cpp_stepper_controller" to ""
-- Up-to-date: /root/Terrance/install/cpp_stepper_controller/share/ament_index/resource_index/package_run_dependencies/cpp_stepper_controller
-- Up-to-date: /root/Terrance/install/cpp_stepper_controller/share/ament_index/resource_index/parent_prefix_path/cpp_stepper_controller
-- Up-to-date: /root/Terrance/install/cpp_stepper_controller/share/cpp_stepper_controller/environment/ament_prefix_path.sh
-- Up-to-date: /root/Terrance/install/cpp_stepper_controller/share/cpp_stepper_controller/environment/ament_prefix_path.dsv
-- Up-to-date: /root/Terrance/install/cpp_stepper_controller/share/cpp_stepper_controller/environment/path.sh
-- Up-to-date: /root/Terrance/install/cpp_stepper_controller/share/cpp_stepper_controller/environment/path.dsv
-- Up-to-date: /root/Terrance/install/cpp_stepper_controller/share/cpp_stepper_controller/local_setup.bash
-- Up-to-date: /root/Terrance/install/cpp_stepper_controller/share/cpp_stepper_controller/local_setup.sh
-- Up-to-date: /root/Terrance/install/cpp_stepper_controller/share/cpp_stepper_controller/local_setup.zsh
-- Up-to-date: /root/Terrance/install/cpp_stepper_controller/share/cpp_stepper_controller/local_setup.dsv
-- Installing: /root/Terrance/install/cpp_stepper_controller/share/cpp_stepper_controller/package.dsv
-- Up-to-date: /root/Terrance/install/cpp_stepper_controller/share/ament_index/resource_index/packages/cpp_stepper_controller
-- Up-to-date: /root/Terrance/install/cpp_stepper_controller/share/cpp_stepper_controller/cmake/cpp_stepper_controllerConfig.cmake
-- Up-to-date: /root/Terrance/install/cpp_stepper_controller/share/cpp_stepper_controller/cmake/cpp_stepper_controllerConfig-version.cmake
-- Up-to-date: /root/Terrance/install/cpp_stepper_controller/share/cpp_stepper_controller/package.xml
