[0.052s] Invoking command in '/home/seds/Desktop/TERRANCE/Terrance/build/cpp_stepper_controller': /usr/bin/cmake /home/seds/Desktop/TERRANCE/Terrance/src/cpp_stepper_controller -DCMAKE_INSTALL_PREFIX=/home/seds/Desktop/TERRANCE/Terrance/install/cpp_stepper_controller
[0.352s] -- The C compiler identification is GNU 11.4.0
[0.633s] -- The CXX compiler identification is GNU 11.4.0
[0.667s] -- Detecting C compiler ABI info
[1.008s] -- Detecting C compiler ABI info - done
[1.044s] -- Check for working C compiler: /usr/bin/cc - skipped
[1.045s] -- Detecting C compile features
[1.045s] -- Detecting C compile features - done
[1.057s] -- Detecting CXX compiler ABI info
[1.503s] -- Detecting CXX compiler ABI info - done
[1.534s] -- Check for working CXX compiler: /usr/bin/c++ - skipped
[1.536s] -- Detecting CXX compile features
[1.540s] -- Detecting CXX compile features - done
[1.711s] [31mCMake Error at CMakeLists.txt:12 (find_package):
[1.713s]   By not providing "Findament_cmake.cmake" in CMAKE_MODULE_PATH this project
[1.714s]   has asked CMake to find a package configuration file provided by
[1.714s]   "ament_cmake", but CMake did not find one.
[1.715s] 
[1.716s]   Could not find a package configuration file provided by "ament_cmake" with
[1.717s]   any of the following names:
[1.718s] 
[1.719s]     ament_cmakeConfig.cmake
[1.720s]     ament_cmake-config.cmake
[1.721s] 
[1.721s]   Add the installation prefix of "ament_cmake" to CMAKE_PREFIX_PATH or set
[1.722s]   "ament_cmake_DIR" to a directory containing one of the above files.  If
[1.724s]   "ament_cmake" provides a separate development package or SDK, be sure it
[1.732s]   has been installed.
[1.733s] 
[1.733s] [0m
[1.734s] -- Configuring incomplete, errors occurred!
[1.735s] See also "/home/seds/Desktop/TERRANCE/Terrance/build/cpp_stepper_controller/CMakeFiles/CMakeOutput.log".
[1.736s] Invoked command in '/home/seds/Desktop/TERRANCE/Terrance/build/cpp_stepper_controller' returned '1': /usr/bin/cmake /home/seds/Desktop/TERRANCE/Terrance/src/cpp_stepper_controller -DCMAKE_INSTALL_PREFIX=/home/seds/Desktop/TERRANCE/Terrance/install/cpp_stepper_controller
