/home/seds/Desktop/TERRANCE/Terrance/install/py_publisher/lib/python3.10/site-packages/py_publisher/publisher_member_function.py
/home/seds/Desktop/TERRANCE/Terrance/install/py_publisher/lib/python3.10/site-packages/py_publisher/subscriber_member_function.py
/home/seds/Desktop/TERRANCE/Terrance/install/py_publisher/lib/python3.10/site-packages/py_publisher/__init__.py
/home/seds/Desktop/TERRANCE/Terrance/install/py_publisher/lib/python3.10/site-packages/py_publisher/gamepad.py
/home/seds/Desktop/TERRANCE/Terrance/install/py_publisher/lib/python3.10/site-packages/py_publisher/__pycache__/publisher_member_function.cpython-310.pyc
/home/seds/Desktop/TERRANCE/Terrance/install/py_publisher/lib/python3.10/site-packages/py_publisher/__pycache__/subscriber_member_function.cpython-310.pyc
/home/seds/Desktop/TERRANCE/Terrance/install/py_publisher/lib/python3.10/site-packages/py_publisher/__pycache__/__init__.cpython-310.pyc
/home/seds/Desktop/TERRANCE/Terrance/install/py_publisher/lib/python3.10/site-packages/py_publisher/__pycache__/gamepad.cpython-310.pyc
/home/seds/Desktop/TERRANCE/Terrance/install/py_publisher/share/ament_index/resource_index/packages/py_publisher
/home/seds/Desktop/TERRANCE/Terrance/install/py_publisher/share/py_publisher/package.xml
/home/seds/Desktop/TERRANCE/Terrance/install/py_publisher/lib/python3.10/site-packages/py_publisher-0.0.0-py3.10.egg-info/dependency_links.txt
/home/seds/Desktop/TERRANCE/Terrance/install/py_publisher/lib/python3.10/site-packages/py_publisher-0.0.0-py3.10.egg-info/top_level.txt
/home/seds/Desktop/TERRANCE/Terrance/install/py_publisher/lib/python3.10/site-packages/py_publisher-0.0.0-py3.10.egg-info/requires.txt
/home/seds/Desktop/TERRANCE/Terrance/install/py_publisher/lib/python3.10/site-packages/py_publisher-0.0.0-py3.10.egg-info/entry_points.txt
/home/seds/Desktop/TERRANCE/Terrance/install/py_publisher/lib/python3.10/site-packages/py_publisher-0.0.0-py3.10.egg-info/SOURCES.txt
/home/seds/Desktop/TERRANCE/Terrance/install/py_publisher/lib/python3.10/site-packages/py_publisher-0.0.0-py3.10.egg-info/zip-safe
/home/seds/Desktop/TERRANCE/Terrance/install/py_publisher/lib/python3.10/site-packages/py_publisher-0.0.0-py3.10.egg-info/PKG-INFO
/home/seds/Desktop/TERRANCE/Terrance/install/py_publisher/lib/py_publisher/gamepad
/home/seds/Desktop/TERRANCE/Terrance/install/py_publisher/lib/py_publisher/listener
/home/seds/Desktop/TERRANCE/Terrance/install/py_publisher/lib/py_publisher/talker
