[0.381s] Invoking command in '/root/Terrance/src/py_publisher': PYTHONPATH=/root/Terrance/build/py_publisher/prefix_override:/root/Terrance/install/py_publisher/lib/python3.10/site-packages:${PYTHONPATH} /usr/bin/python3 -W ignore:setup.py install is deprecated setup.py egg_info --egg-base ../../build/py_publisher build --build-base /root/Terrance/build/py_publisher/build install --record /root/Terrance/build/py_publisher/install.log --single-version-externally-managed install_data
[0.524s] running egg_info
[0.524s] writing ../../build/py_publisher/py_publisher.egg-info/PKG-INFO
[0.525s] writing dependency_links to ../../build/py_publisher/py_publisher.egg-info/dependency_links.txt
[0.525s] writing entry points to ../../build/py_publisher/py_publisher.egg-info/entry_points.txt
[0.525s] writing requirements to ../../build/py_publisher/py_publisher.egg-info/requires.txt
[0.526s] writing top-level names to ../../build/py_publisher/py_publisher.egg-info/top_level.txt
[0.527s] reading manifest file '../../build/py_publisher/py_publisher.egg-info/SOURCES.txt'
[0.528s] adding license file 'LICENSE'
[0.528s] writing manifest file '../../build/py_publisher/py_publisher.egg-info/SOURCES.txt'
[0.528s] running build
[0.528s] running build_py
[0.528s] running install
[0.529s] running install_lib
[0.529s] running install_data
[0.529s] running install_egg_info
[0.531s] removing '/root/Terrance/install/py_publisher/lib/python3.10/site-packages/py_publisher-0.0.0-py3.10.egg-info' (and everything under it)
[0.531s] Copying ../../build/py_publisher/py_publisher.egg-info to /root/Terrance/install/py_publisher/lib/python3.10/site-packages/py_publisher-0.0.0-py3.10.egg-info
[0.532s] running install_scripts
[0.545s] Installing gamepad script to /root/Terrance/install/py_publisher/lib/py_publisher
[0.545s] Installing listener script to /root/Terrance/install/py_publisher/lib/py_publisher
[0.545s] Installing talker script to /root/Terrance/install/py_publisher/lib/py_publisher
[0.546s] writing list of installed files to '/root/Terrance/build/py_publisher/install.log'
[0.560s] Invoked command in '/root/Terrance/src/py_publisher' returned '0': PYTHONPATH=/root/Terrance/build/py_publisher/prefix_override:/root/Terrance/install/py_publisher/lib/python3.10/site-packages:${PYTHONPATH} /usr/bin/python3 -W ignore:setup.py install is deprecated setup.py egg_info --egg-base ../../build/py_publisher build --build-base /root/Terrance/build/py_publisher/build install --record /root/Terrance/build/py_publisher/install.log --single-version-externally-managed install_data
