[0.009s] Invoking command in '/root/Terrance/build/cpp_stepper_controller': CMAKE_PREFIX_PATH=${CMAKE_PREFIX_PATH}:/root/Terrance/install/py_publisher:/opt/ros/iron /usr/bin/cmake --build /root/Terrance/build/cpp_stepper_controller -- -j20 -l20
[0.028s] [35m[1mConsolidate compiler generated dependencies of target cpp_stepper_controller[0m
[0.035s] [ 25%] [32mBuilding CXX object CMakeFiles/cpp_stepper_controller.dir/src/StepperController.cpp.o[0m
[0.036s] [ 50%] [32mBuilding CXX object CMakeFiles/cpp_stepper_controller.dir/src/cpp_stepper_controller.cpp.o[0m
[4.198s] [ 75%] [32m[1mLinking CXX executable cpp_stepper_controller[0m
[4.453s] [100%] Built target cpp_stepper_controller
[4.458s] Invoked command in '/root/Terrance/build/cpp_stepper_controller' returned '0': CMAKE_PREFIX_PATH=${CMAKE_PREFIX_PATH}:/root/Terrance/install/py_publisher:/opt/ros/iron /usr/bin/cmake --build /root/Terrance/build/cpp_stepper_controller -- -j20 -l20
[4.475s] Invoking command in '/root/Terrance/build/cpp_stepper_controller': CMAKE_PREFIX_PATH=${CMAKE_PREFIX_PATH}:/root/Terrance/install/py_publisher:/opt/ros/iron /usr/bin/cmake --install /root/Terrance/build/cpp_stepper_controller
[4.478s] -- Install configuration: ""
[4.478s] -- Installing: /root/Terrance/install/cpp_stepper_controller/lib/cpp_stepper_controller/cpp_stepper_controller
[4.481s] -- Set runtime path of "/root/Terrance/install/cpp_stepper_controller/lib/cpp_stepper_controller/cpp_stepper_controller" to ""
[4.481s] -- Up-to-date: /root/Terrance/install/cpp_stepper_controller/share/ament_index/resource_index/package_run_dependencies/cpp_stepper_controller
[4.481s] -- Up-to-date: /root/Terrance/install/cpp_stepper_controller/share/ament_index/resource_index/parent_prefix_path/cpp_stepper_controller
[4.481s] -- Up-to-date: /root/Terrance/install/cpp_stepper_controller/share/cpp_stepper_controller/environment/ament_prefix_path.sh
[4.481s] -- Up-to-date: /root/Terrance/install/cpp_stepper_controller/share/cpp_stepper_controller/environment/ament_prefix_path.dsv
[4.481s] -- Up-to-date: /root/Terrance/install/cpp_stepper_controller/share/cpp_stepper_controller/environment/path.sh
[4.481s] -- Up-to-date: /root/Terrance/install/cpp_stepper_controller/share/cpp_stepper_controller/environment/path.dsv
[4.481s] -- Up-to-date: /root/Terrance/install/cpp_stepper_controller/share/cpp_stepper_controller/local_setup.bash
[4.481s] -- Up-to-date: /root/Terrance/install/cpp_stepper_controller/share/cpp_stepper_controller/local_setup.sh
[4.481s] -- Up-to-date: /root/Terrance/install/cpp_stepper_controller/share/cpp_stepper_controller/local_setup.zsh
[4.481s] -- Up-to-date: /root/Terrance/install/cpp_stepper_controller/share/cpp_stepper_controller/local_setup.dsv
[4.481s] -- Installing: /root/Terrance/install/cpp_stepper_controller/share/cpp_stepper_controller/package.dsv
[4.481s] -- Up-to-date: /root/Terrance/install/cpp_stepper_controller/share/ament_index/resource_index/packages/cpp_stepper_controller
[4.481s] -- Up-to-date: /root/Terrance/install/cpp_stepper_controller/share/cpp_stepper_controller/cmake/cpp_stepper_controllerConfig.cmake
[4.481s] -- Up-to-date: /root/Terrance/install/cpp_stepper_controller/share/cpp_stepper_controller/cmake/cpp_stepper_controllerConfig-version.cmake
[4.482s] -- Up-to-date: /root/Terrance/install/cpp_stepper_controller/share/cpp_stepper_controller/package.xml
[4.483s] Invoked command in '/root/Terrance/build/cpp_stepper_controller' returned '0': CMAKE_PREFIX_PATH=${CMAKE_PREFIX_PATH}:/root/Terrance/install/py_publisher:/opt/ros/iron /usr/bin/cmake --install /root/Terrance/build/cpp_stepper_controller
