[3.425s] Invoking command in '/home/seds/Desktop/TERRANCE/Terrance/src/py_publisher': PYTHONPATH=/home/seds/Desktop/TERRANCE/Terrance/build/py_publisher/prefix_override:/home/seds/Desktop/TERRANCE/Terrance/install/py_publisher/lib/python3.10/site-packages:${PYTHONPATH} /usr/bin/python3 -W ignore:setup.py install is deprecated setup.py egg_info --egg-base ../../build/py_publisher build --build-base /home/seds/Desktop/TERRANCE/Terrance/build/py_publisher/build install --record /home/seds/Desktop/TERRANCE/Terrance/build/py_publisher/install.log --single-version-externally-managed install_data
[4.653s] running egg_info
[4.655s] writing ../../build/py_publisher/py_publisher.egg-info/PKG-INFO
[4.657s] writing dependency_links to ../../build/py_publisher/py_publisher.egg-info/dependency_links.txt
[4.658s] writing entry points to ../../build/py_publisher/py_publisher.egg-info/entry_points.txt
[4.659s] writing requirements to ../../build/py_publisher/py_publisher.egg-info/requires.txt
[4.659s] writing top-level names to ../../build/py_publisher/py_publisher.egg-info/top_level.txt
[4.669s] reading manifest file '../../build/py_publisher/py_publisher.egg-info/SOURCES.txt'
[4.671s] adding license file 'LICENSE'
[4.674s] writing manifest file '../../build/py_publisher/py_publisher.egg-info/SOURCES.txt'
[4.674s] running build
[4.675s] running build_py
[4.677s] running install
[4.678s] running install_lib
[4.684s] running install_data
[4.685s] running install_egg_info
[4.696s] removing '/home/seds/Desktop/TERRANCE/Terrance/install/py_publisher/lib/python3.10/site-packages/py_publisher-0.0.0-py3.10.egg-info' (and everything under it)
[4.698s] Copying ../../build/py_publisher/py_publisher.egg-info to /home/seds/Desktop/TERRANCE/Terrance/install/py_publisher/lib/python3.10/site-packages/py_publisher-0.0.0-py3.10.egg-info
[4.704s] running install_scripts
[4.789s] Installing gamepad script to /home/seds/Desktop/TERRANCE/Terrance/install/py_publisher/lib/py_publisher
[4.790s] Installing listener script to /home/seds/Desktop/TERRANCE/Terrance/install/py_publisher/lib/py_publisher
[4.791s] Installing talker script to /home/seds/Desktop/TERRANCE/Terrance/install/py_publisher/lib/py_publisher
[4.793s] writing list of installed files to '/home/seds/Desktop/TERRANCE/Terrance/build/py_publisher/install.log'
[4.932s] Invoked command in '/home/seds/Desktop/TERRANCE/Terrance/src/py_publisher' returned '0': PYTHONPATH=/home/seds/Desktop/TERRANCE/Terrance/build/py_publisher/prefix_override:/home/seds/Desktop/TERRANCE/Terrance/install/py_publisher/lib/python3.10/site-packages:${PYTHONPATH} /usr/bin/python3 -W ignore:setup.py install is deprecated setup.py egg_info --egg-base ../../build/py_publisher build --build-base /home/seds/Desktop/TERRANCE/Terrance/build/py_publisher/build install --record /home/seds/Desktop/TERRANCE/Terrance/build/py_publisher/install.log --single-version-externally-managed install_data
