[0.267s] Invoking command in '/home/colin/Terrance/src/py_publisher': PYTHONPATH=/home/colin/Terrance/build/py_publisher/prefix_override:/home/colin/Terrance/install/py_publisher/lib/python3.10/site-packages: /usr/bin/python3 -W ignore:setup.py install is deprecated setup.py egg_info --egg-base ../../build/py_publisher build --build-base /home/colin/Terrance/build/py_publisher/build install --record /home/colin/Terrance/build/py_publisher/install.log --single-version-externally-managed install_data
[0.353s] running egg_info
[0.354s] writing ../../build/py_publisher/py_publisher.egg-info/PKG-INFO
[0.354s] writing dependency_links to ../../build/py_publisher/py_publisher.egg-info/dependency_links.txt
[0.354s] writing entry points to ../../build/py_publisher/py_publisher.egg-info/entry_points.txt
[0.355s] writing requirements to ../../build/py_publisher/py_publisher.egg-info/requires.txt
[0.355s] writing top-level names to ../../build/py_publisher/py_publisher.egg-info/top_level.txt
[0.356s] reading manifest file '../../build/py_publisher/py_publisher.egg-info/SOURCES.txt'
[0.356s] adding license file 'LICENSE'
[0.357s] writing manifest file '../../build/py_publisher/py_publisher.egg-info/SOURCES.txt'
[0.357s] running build
[0.357s] running build_py
[0.357s] running install
[0.357s] running install_lib
[0.358s] running install_data
[0.358s] running install_egg_info
[0.359s] removing '/home/colin/Terrance/install/py_publisher/lib/python3.10/site-packages/py_publisher-0.0.0-py3.10.egg-info' (and everything under it)
[0.360s] Copying ../../build/py_publisher/py_publisher.egg-info to /home/colin/Terrance/install/py_publisher/lib/python3.10/site-packages/py_publisher-0.0.0-py3.10.egg-info
[0.361s] running install_scripts
[0.372s] Installing listener script to /home/colin/Terrance/install/py_publisher/lib/py_publisher
[0.372s] Installing talker script to /home/colin/Terrance/install/py_publisher/lib/py_publisher
[0.372s] writing list of installed files to '/home/colin/Terrance/build/py_publisher/install.log'
[0.384s] Invoked command in '/home/colin/Terrance/src/py_publisher' returned '0': PYTHONPATH=/home/colin/Terrance/build/py_publisher/prefix_override:/home/colin/Terrance/install/py_publisher/lib/python3.10/site-packages: /usr/bin/python3 -W ignore:setup.py install is deprecated setup.py egg_info --egg-base ../../build/py_publisher build --build-base /home/colin/Terrance/build/py_publisher/build install --record /home/colin/Terrance/build/py_publisher/install.log --single-version-externally-managed install_data
