[0.304s] Invoking command in '/root/Terrance/src/py_publisher': PYTHONPATH=/root/Terrance/build/py_publisher/prefix_override:/root/Terrance/install/py_publisher/lib/python3.10/site-packages:${PYTHONPATH} /usr/bin/python3 -W ignore:setup.py install is deprecated setup.py egg_info --egg-base ../../build/py_publisher build --build-base /root/Terrance/build/py_publisher/build install --record /root/Terrance/build/py_publisher/install.log --single-version-externally-managed install_data
[0.417s] running egg_info
[0.417s] writing ../../build/py_publisher/py_publisher.egg-info/PKG-INFO
[0.417s] writing dependency_links to ../../build/py_publisher/py_publisher.egg-info/dependency_links.txt
[0.417s] writing entry points to ../../build/py_publisher/py_publisher.egg-info/entry_points.txt
[0.417s] writing requirements to ../../build/py_publisher/py_publisher.egg-info/requires.txt
[0.418s] writing top-level names to ../../build/py_publisher/py_publisher.egg-info/top_level.txt
[0.418s] reading manifest file '../../build/py_publisher/py_publisher.egg-info/SOURCES.txt'
[0.419s] adding license file 'LICENSE'
[0.419s] writing manifest file '../../build/py_publisher/py_publisher.egg-info/SOURCES.txt'
[0.419s] running build
[0.419s] running build_py
[0.419s] copying py_publisher/gamepad.py -> /root/Terrance/build/py_publisher/build/lib/py_publisher
[0.419s] running install
[0.420s] running install_lib
[0.420s] copying /root/Terrance/build/py_publisher/build/lib/py_publisher/gamepad.py -> /root/Terrance/install/py_publisher/lib/python3.10/site-packages/py_publisher
[0.420s] byte-compiling /root/Terrance/install/py_publisher/lib/python3.10/site-packages/py_publisher/gamepad.py to gamepad.cpython-310.pyc
[0.421s] running install_data
[0.421s] running install_egg_info
[0.422s] removing '/root/Terrance/install/py_publisher/lib/python3.10/site-packages/py_publisher-0.0.0-py3.10.egg-info' (and everything under it)
[0.422s] Copying ../../build/py_publisher/py_publisher.egg-info to /root/Terrance/install/py_publisher/lib/python3.10/site-packages/py_publisher-0.0.0-py3.10.egg-info
[0.423s] running install_scripts
[0.433s] Installing gamepad script to /root/Terrance/install/py_publisher/lib/py_publisher
[0.433s] Installing listener script to /root/Terrance/install/py_publisher/lib/py_publisher
[0.433s] Installing talker script to /root/Terrance/install/py_publisher/lib/py_publisher
[0.434s] writing list of installed files to '/root/Terrance/build/py_publisher/install.log'
[0.446s] Invoked command in '/root/Terrance/src/py_publisher' returned '0': PYTHONPATH=/root/Terrance/build/py_publisher/prefix_override:/root/Terrance/install/py_publisher/lib/python3.10/site-packages:${PYTHONPATH} /usr/bin/python3 -W ignore:setup.py install is deprecated setup.py egg_info --egg-base ../../build/py_publisher build --build-base /root/Terrance/build/py_publisher/build install --record /root/Terrance/build/py_publisher/install.log --single-version-externally-managed install_data
