[0.454s] DEBUG:colcon:Command line arguments: ['/usr/bin/colcon', 'build']
[0.455s] DEBUG:colcon:Parsed command line arguments: Namespace(log_base=None, log_level=None, verb_name='build', build_base='build', install_base='install', merge_install=False, symlink_install=False, test_result_base=None, continue_on_error=False, executor='parallel', parallel_workers=4, event_handlers=None, ignore_user_meta=False, metas=['./colcon.meta'], base_paths=['.'], packages_ignore=None, packages_ignore_regex=None, paths=None, packages_up_to=None, packages_up_to_regex=None, packages_above=None, packages_above_and_dependencies=None, packages_above_depth=None, packages_select_by_dep=None, packages_skip_by_dep=None, packages_skip_up_to=None, packages_select_build_failed=False, packages_skip_build_finished=False, packages_select_test_failures=False, packages_skip_test_passed=False, packages_select=None, packages_skip=None, packages_select_regex=None, packages_skip_regex=None, packages_start=None, packages_end=None, allow_overriding=[], cmake_args=None, cmake_target=None, cmake_target_skip_unavailable=False, cmake_clean_cache=False, cmake_clean_first=False, cmake_force_configure=False, ament_cmake_args=None, catkin_cmake_args=None, catkin_skip_building_tests=False, mixin_files=None, mixin=None, verb_parser=<colcon_mixin.mixin.mixin_argument.MixinArgumentDecorator object at 0xffffb936e020>, verb_extension=<colcon_core.verb.build.BuildVerb object at 0xffffb936db70>, main=<bound method BuildVerb.main of <colcon_core.verb.build.BuildVerb object at 0xffffb936db70>>, mixin_verb=('build',))
[1.252s] Level 1:colcon.colcon_core.package_discovery:discover_packages(colcon_meta) check parameters
[1.252s] Level 1:colcon.colcon_core.package_discovery:discover_packages(recursive) check parameters
[1.252s] Level 1:colcon.colcon_core.package_discovery:discover_packages(ignore) check parameters
[1.253s] Level 1:colcon.colcon_core.package_discovery:discover_packages(path) check parameters
[1.253s] Level 1:colcon.colcon_core.package_discovery:discover_packages(colcon_meta) discover
[1.253s] Level 1:colcon.colcon_core.package_discovery:discover_packages(recursive) discover
[1.253s] INFO:colcon.colcon_core.package_discovery:Crawling recursively for packages in '/home/seds/Desktop/TERRANCE/Terrance'
[1.256s] Level 1:colcon.colcon_core.package_identification:_identify(.) by extensions ['ignore', 'ignore_ament_install']
[1.257s] Level 1:colcon.colcon_core.package_identification:_identify(.) by extension 'ignore'
[1.257s] Level 1:colcon.colcon_core.package_identification:_identify(.) by extension 'ignore_ament_install'
[1.257s] Level 1:colcon.colcon_core.package_identification:_identify(.) by extensions ['colcon_pkg']
[1.257s] Level 1:colcon.colcon_core.package_identification:_identify(.) by extension 'colcon_pkg'
[1.257s] Level 1:colcon.colcon_core.package_identification:_identify(.) by extensions ['colcon_meta']
[1.257s] Level 1:colcon.colcon_core.package_identification:_identify(.) by extension 'colcon_meta'
[1.258s] Level 1:colcon.colcon_core.package_identification:_identify(.) by extensions ['ros']
[1.258s] Level 1:colcon.colcon_core.package_identification:_identify(.) by extension 'ros'
[1.301s] Level 1:colcon.colcon_core.package_identification:_identify(.) by extensions ['cmake', 'python']
[1.302s] Level 1:colcon.colcon_core.package_identification:_identify(.) by extension 'cmake'
[1.302s] Level 1:colcon.colcon_core.package_identification:_identify(.) by extension 'python'
[1.302s] Level 1:colcon.colcon_core.package_identification:_identify(.) by extensions ['python_setup_py']
[1.302s] Level 1:colcon.colcon_core.package_identification:_identify(.) by extension 'python_setup_py'
[1.303s] Level 1:colcon.colcon_core.package_identification:_identify(build) by extensions ['ignore', 'ignore_ament_install']
[1.303s] Level 1:colcon.colcon_core.package_identification:_identify(build) by extension 'ignore'
[1.303s] Level 1:colcon.colcon_core.package_identification:_identify(build) ignored
[1.304s] Level 1:colcon.colcon_core.package_identification:_identify(install) by extensions ['ignore', 'ignore_ament_install']
[1.304s] Level 1:colcon.colcon_core.package_identification:_identify(install) by extension 'ignore'
[1.304s] Level 1:colcon.colcon_core.package_identification:_identify(install) ignored
[1.306s] Level 1:colcon.colcon_core.package_identification:_identify(log) by extensions ['ignore', 'ignore_ament_install']
[1.306s] Level 1:colcon.colcon_core.package_identification:_identify(log) by extension 'ignore'
[1.306s] Level 1:colcon.colcon_core.package_identification:_identify(log) ignored
[1.307s] Level 1:colcon.colcon_core.package_identification:_identify(scripts) by extensions ['ignore', 'ignore_ament_install']
[1.307s] Level 1:colcon.colcon_core.package_identification:_identify(scripts) by extension 'ignore'
[1.307s] Level 1:colcon.colcon_core.package_identification:_identify(scripts) by extension 'ignore_ament_install'
[1.307s] Level 1:colcon.colcon_core.package_identification:_identify(scripts) by extensions ['colcon_pkg']
[1.308s] Level 1:colcon.colcon_core.package_identification:_identify(scripts) by extension 'colcon_pkg'
[1.308s] Level 1:colcon.colcon_core.package_identification:_identify(scripts) by extensions ['colcon_meta']
[1.308s] Level 1:colcon.colcon_core.package_identification:_identify(scripts) by extension 'colcon_meta'
[1.308s] Level 1:colcon.colcon_core.package_identification:_identify(scripts) by extensions ['ros']
[1.308s] Level 1:colcon.colcon_core.package_identification:_identify(scripts) by extension 'ros'
[1.308s] Level 1:colcon.colcon_core.package_identification:_identify(scripts) by extensions ['cmake', 'python']
[1.308s] Level 1:colcon.colcon_core.package_identification:_identify(scripts) by extension 'cmake'
[1.309s] Level 1:colcon.colcon_core.package_identification:_identify(scripts) by extension 'python'
[1.309s] Level 1:colcon.colcon_core.package_identification:_identify(scripts) by extensions ['python_setup_py']
[1.309s] Level 1:colcon.colcon_core.package_identification:_identify(scripts) by extension 'python_setup_py'
[1.309s] Level 1:colcon.colcon_core.package_identification:_identify(src) by extensions ['ignore', 'ignore_ament_install']
[1.310s] Level 1:colcon.colcon_core.package_identification:_identify(src) by extension 'ignore'
[1.310s] Level 1:colcon.colcon_core.package_identification:_identify(src) by extension 'ignore_ament_install'
[1.310s] Level 1:colcon.colcon_core.package_identification:_identify(src) by extensions ['colcon_pkg']
[1.310s] Level 1:colcon.colcon_core.package_identification:_identify(src) by extension 'colcon_pkg'
[1.310s] Level 1:colcon.colcon_core.package_identification:_identify(src) by extensions ['colcon_meta']
[1.310s] Level 1:colcon.colcon_core.package_identification:_identify(src) by extension 'colcon_meta'
[1.311s] Level 1:colcon.colcon_core.package_identification:_identify(src) by extensions ['ros']
[1.311s] Level 1:colcon.colcon_core.package_identification:_identify(src) by extension 'ros'
[1.311s] Level 1:colcon.colcon_core.package_identification:_identify(src) by extensions ['cmake', 'python']
[1.311s] Level 1:colcon.colcon_core.package_identification:_identify(src) by extension 'cmake'
[1.311s] Level 1:colcon.colcon_core.package_identification:_identify(src) by extension 'python'
[1.311s] Level 1:colcon.colcon_core.package_identification:_identify(src) by extensions ['python_setup_py']
[1.311s] Level 1:colcon.colcon_core.package_identification:_identify(src) by extension 'python_setup_py'
[1.312s] Level 1:colcon.colcon_core.package_identification:_identify(src/build) by extensions ['ignore', 'ignore_ament_install']
[1.312s] Level 1:colcon.colcon_core.package_identification:_identify(src/build) by extension 'ignore'
[1.312s] Level 1:colcon.colcon_core.package_identification:_identify(src/build) ignored
[1.313s] Level 1:colcon.colcon_core.package_identification:_identify(src/cpp_stepper_controller) by extensions ['ignore', 'ignore_ament_install']
[1.313s] Level 1:colcon.colcon_core.package_identification:_identify(src/cpp_stepper_controller) by extension 'ignore'
[1.313s] Level 1:colcon.colcon_core.package_identification:_identify(src/cpp_stepper_controller) by extension 'ignore_ament_install'
[1.313s] Level 1:colcon.colcon_core.package_identification:_identify(src/cpp_stepper_controller) by extensions ['colcon_pkg']
[1.314s] Level 1:colcon.colcon_core.package_identification:_identify(src/cpp_stepper_controller) by extension 'colcon_pkg'
[1.314s] Level 1:colcon.colcon_core.package_identification:_identify(src/cpp_stepper_controller) by extensions ['colcon_meta']
[1.314s] Level 1:colcon.colcon_core.package_identification:_identify(src/cpp_stepper_controller) by extension 'colcon_meta'
[1.314s] Level 1:colcon.colcon_core.package_identification:_identify(src/cpp_stepper_controller) by extensions ['ros']
[1.314s] Level 1:colcon.colcon_core.package_identification:_identify(src/cpp_stepper_controller) by extension 'ros'
[1.322s] DEBUG:colcon.colcon_core.package_identification:Package 'src/cpp_stepper_controller' with type 'ros.ament_cmake' and name 'cpp_stepper_controller'
[1.323s] Level 1:colcon.colcon_core.package_identification:_identify(src/install) by extensions ['ignore', 'ignore_ament_install']
[1.323s] Level 1:colcon.colcon_core.package_identification:_identify(src/install) by extension 'ignore'
[1.324s] Level 1:colcon.colcon_core.package_identification:_identify(src/install) ignored
[1.324s] Level 1:colcon.colcon_core.package_identification:_identify(src/log) by extensions ['ignore', 'ignore_ament_install']
[1.324s] Level 1:colcon.colcon_core.package_identification:_identify(src/log) by extension 'ignore'
[1.325s] Level 1:colcon.colcon_core.package_identification:_identify(src/log) ignored
[1.325s] Level 1:colcon.colcon_core.package_identification:_identify(src/py_publisher) by extensions ['ignore', 'ignore_ament_install']
[1.325s] Level 1:colcon.colcon_core.package_identification:_identify(src/py_publisher) by extension 'ignore'
[1.325s] Level 1:colcon.colcon_core.package_identification:_identify(src/py_publisher) by extension 'ignore_ament_install'
[1.326s] Level 1:colcon.colcon_core.package_identification:_identify(src/py_publisher) by extensions ['colcon_pkg']
[1.326s] Level 1:colcon.colcon_core.package_identification:_identify(src/py_publisher) by extension 'colcon_pkg'
[1.326s] Level 1:colcon.colcon_core.package_identification:_identify(src/py_publisher) by extensions ['colcon_meta']
[1.326s] Level 1:colcon.colcon_core.package_identification:_identify(src/py_publisher) by extension 'colcon_meta'
[1.326s] Level 1:colcon.colcon_core.package_identification:_identify(src/py_publisher) by extensions ['ros']
[1.326s] Level 1:colcon.colcon_core.package_identification:_identify(src/py_publisher) by extension 'ros'
[1.328s] DEBUG:colcon.colcon_core.package_identification:Package 'src/py_publisher' with type 'ros.ament_python' and name 'py_publisher'
[1.329s] Level 1:colcon.colcon_core.package_discovery:discover_packages(recursive) using defaults
[1.329s] Level 1:colcon.colcon_core.package_discovery:discover_packages(ignore) discover
[1.329s] Level 1:colcon.colcon_core.package_discovery:discover_packages(ignore) using defaults
[1.329s] Level 1:colcon.colcon_core.package_discovery:discover_packages(path) discover
[1.329s] Level 1:colcon.colcon_core.package_discovery:discover_packages(path) using defaults
[1.447s] Level 1:colcon.colcon_core.package_discovery:discover_packages(prefix_path) check parameters
[1.447s] Level 1:colcon.colcon_core.package_discovery:discover_packages(prefix_path) discover
[1.456s] DEBUG:colcon.colcon_installed_package_information.package_discovery:Found 3 installed packages in /home/seds/Desktop/TERRANCE/Terrance/install
[1.464s] DEBUG:colcon.colcon_installed_package_information.package_discovery:Found 281 installed packages in /opt/ros/iron
[1.471s] Level 1:colcon.colcon_core.package_discovery:discover_packages(prefix_path) using defaults
[1.660s] Level 5:colcon.colcon_core.verb:set package 'cpp_stepper_controller' build argument 'cmake_args' from command line to 'None'
[1.660s] Level 5:colcon.colcon_core.verb:set package 'cpp_stepper_controller' build argument 'cmake_target' from command line to 'None'
[1.661s] Level 5:colcon.colcon_core.verb:set package 'cpp_stepper_controller' build argument 'cmake_target_skip_unavailable' from command line to 'False'
[1.661s] Level 5:colcon.colcon_core.verb:set package 'cpp_stepper_controller' build argument 'cmake_clean_cache' from command line to 'False'
[1.661s] Level 5:colcon.colcon_core.verb:set package 'cpp_stepper_controller' build argument 'cmake_clean_first' from command line to 'False'
[1.661s] Level 5:colcon.colcon_core.verb:set package 'cpp_stepper_controller' build argument 'cmake_force_configure' from command line to 'False'
[1.661s] Level 5:colcon.colcon_core.verb:set package 'cpp_stepper_controller' build argument 'ament_cmake_args' from command line to 'None'
[1.661s] Level 5:colcon.colcon_core.verb:set package 'cpp_stepper_controller' build argument 'catkin_cmake_args' from command line to 'None'
[1.661s] Level 5:colcon.colcon_core.verb:set package 'cpp_stepper_controller' build argument 'catkin_skip_building_tests' from command line to 'False'
[1.661s] DEBUG:colcon.colcon_core.verb:Building package 'cpp_stepper_controller' with the following arguments: {'ament_cmake_args': None, 'build_base': '/home/seds/Desktop/TERRANCE/Terrance/build/cpp_stepper_controller', 'catkin_cmake_args': None, 'catkin_skip_building_tests': False, 'cmake_args': None, 'cmake_clean_cache': False, 'cmake_clean_first': False, 'cmake_force_configure': False, 'cmake_target': None, 'cmake_target_skip_unavailable': False, 'install_base': '/home/seds/Desktop/TERRANCE/Terrance/install/cpp_stepper_controller', 'merge_install': False, 'path': '/home/seds/Desktop/TERRANCE/Terrance/src/cpp_stepper_controller', 'symlink_install': False, 'test_result_base': None}
[1.663s] Level 5:colcon.colcon_core.verb:set package 'py_publisher' build argument 'cmake_args' from command line to 'None'
[1.663s] Level 5:colcon.colcon_core.verb:set package 'py_publisher' build argument 'cmake_target' from command line to 'None'
[1.663s] Level 5:colcon.colcon_core.verb:set package 'py_publisher' build argument 'cmake_target_skip_unavailable' from command line to 'False'
[1.663s] Level 5:colcon.colcon_core.verb:set package 'py_publisher' build argument 'cmake_clean_cache' from command line to 'False'
[1.663s] Level 5:colcon.colcon_core.verb:set package 'py_publisher' build argument 'cmake_clean_first' from command line to 'False'
[1.664s] Level 5:colcon.colcon_core.verb:set package 'py_publisher' build argument 'cmake_force_configure' from command line to 'False'
[1.664s] Level 5:colcon.colcon_core.verb:set package 'py_publisher' build argument 'ament_cmake_args' from command line to 'None'
[1.664s] Level 5:colcon.colcon_core.verb:set package 'py_publisher' build argument 'catkin_cmake_args' from command line to 'None'
[1.664s] Level 5:colcon.colcon_core.verb:set package 'py_publisher' build argument 'catkin_skip_building_tests' from command line to 'False'
[1.664s] DEBUG:colcon.colcon_core.verb:Building package 'py_publisher' with the following arguments: {'ament_cmake_args': None, 'build_base': '/home/seds/Desktop/TERRANCE/Terrance/build/py_publisher', 'catkin_cmake_args': None, 'catkin_skip_building_tests': False, 'cmake_args': None, 'cmake_clean_cache': False, 'cmake_clean_first': False, 'cmake_force_configure': False, 'cmake_target': None, 'cmake_target_skip_unavailable': False, 'install_base': '/home/seds/Desktop/TERRANCE/Terrance/install/py_publisher', 'merge_install': False, 'path': '/home/seds/Desktop/TERRANCE/Terrance/src/py_publisher', 'symlink_install': False, 'test_result_base': None}
[1.664s] INFO:colcon.colcon_core.executor:Executing jobs using 'parallel' executor
[1.668s] DEBUG:colcon.colcon_parallel_executor.executor.parallel:run_until_complete
[1.669s] INFO:colcon.colcon_ros.task.ament_cmake.build:Building ROS package in '/home/seds/Desktop/TERRANCE/Terrance/src/cpp_stepper_controller' with build type 'ament_cmake'
[1.669s] INFO:colcon.colcon_cmake.task.cmake.build:Building CMake package in '/home/seds/Desktop/TERRANCE/Terrance/src/cpp_stepper_controller'
[1.678s] INFO:colcon.colcon_core.plugin_system:Skipping extension 'colcon_core.shell.bat': Not used on non-Windows systems
[1.678s] INFO:colcon.colcon_core.shell:Skip shell extension 'powershell' for command environment: Not usable outside of PowerShell
[1.679s] DEBUG:colcon.colcon_core.shell:Skip shell extension 'dsv' for command environment
[1.704s] INFO:colcon.colcon_ros.task.ament_python.build:Building ROS package in '/home/seds/Desktop/TERRANCE/Terrance/src/py_publisher' with build type 'ament_python'
[1.705s] Level 1:colcon.colcon_core.shell:create_environment_hook('py_publisher', 'ament_prefix_path')
[1.707s] INFO:colcon.colcon_core.shell:Creating environment hook '/home/seds/Desktop/TERRANCE/Terrance/install/py_publisher/share/py_publisher/hook/ament_prefix_path.ps1'
[1.711s] INFO:colcon.colcon_core.shell:Creating environment descriptor '/home/seds/Desktop/TERRANCE/Terrance/install/py_publisher/share/py_publisher/hook/ament_prefix_path.dsv'
[1.714s] INFO:colcon.colcon_core.shell:Creating environment hook '/home/seds/Desktop/TERRANCE/Terrance/install/py_publisher/share/py_publisher/hook/ament_prefix_path.sh'
[1.718s] INFO:colcon.colcon_core.shell:Skip shell extension 'powershell' for command environment: Not usable outside of PowerShell
[1.718s] DEBUG:colcon.colcon_core.shell:Skip shell extension 'dsv' for command environment
[1.756s] DEBUG:colcon.colcon_core.event_handler.log_command:Invoking command in '/home/seds/Desktop/TERRANCE/Terrance/build/cpp_stepper_controller': CMAKE_PREFIX_PATH=${CMAKE_PREFIX_PATH}:/home/seds/Desktop/TERRANCE/Terrance/install/py_publisher:/opt/ros/iron /usr/bin/cmake --build /home/seds/Desktop/TERRANCE/Terrance/build/cpp_stepper_controller -- -j4 -l4
[3.061s] INFO:colcon.colcon_core.task.python.build:Building Python package in '/home/seds/Desktop/TERRANCE/Terrance/src/py_publisher'
[3.062s] INFO:colcon.colcon_core.shell:Skip shell extension 'powershell' for command environment: Not usable outside of PowerShell
[3.062s] DEBUG:colcon.colcon_core.shell:Skip shell extension 'dsv' for command environment
[3.086s] DEBUG:colcon.colcon_core.event_handler.log_command:Invoked command in '/home/seds/Desktop/TERRANCE/Terrance/build/cpp_stepper_controller' returned '2': CMAKE_PREFIX_PATH=${CMAKE_PREFIX_PATH}:/home/seds/Desktop/TERRANCE/Terrance/install/py_publisher:/opt/ros/iron /usr/bin/cmake --build /home/seds/Desktop/TERRANCE/Terrance/build/cpp_stepper_controller -- -j4 -l4
[3.269s] Level 1:colcon.colcon_core.environment:create_environment_scripts_only(cpp_stepper_controller)
[3.282s] Level 1:colcon.colcon_core.environment:checking '/home/seds/Desktop/TERRANCE/Terrance/install/cpp_stepper_controller' for CMake module files
[3.287s] Level 1:colcon.colcon_core.environment:checking '/home/seds/Desktop/TERRANCE/Terrance/install/cpp_stepper_controller' for CMake config files
[3.289s] Level 1:colcon.colcon_core.shell:create_environment_hook('cpp_stepper_controller', 'cmake_prefix_path')
[3.290s] INFO:colcon.colcon_core.shell:Creating environment hook '/home/seds/Desktop/TERRANCE/Terrance/install/cpp_stepper_controller/share/cpp_stepper_controller/hook/cmake_prefix_path.ps1'
[3.293s] INFO:colcon.colcon_core.shell:Creating environment descriptor '/home/seds/Desktop/TERRANCE/Terrance/install/cpp_stepper_controller/share/cpp_stepper_controller/hook/cmake_prefix_path.dsv'
[3.295s] INFO:colcon.colcon_core.shell:Creating environment hook '/home/seds/Desktop/TERRANCE/Terrance/install/cpp_stepper_controller/share/cpp_stepper_controller/hook/cmake_prefix_path.sh'
[3.298s] Level 1:colcon.colcon_core.environment:checking '/home/seds/Desktop/TERRANCE/Terrance/install/cpp_stepper_controller/lib'
[3.299s] Level 1:colcon.colcon_core.environment:checking '/home/seds/Desktop/TERRANCE/Terrance/install/cpp_stepper_controller/bin'
[3.299s] Level 1:colcon.colcon_core.environment:checking '/home/seds/Desktop/TERRANCE/Terrance/install/cpp_stepper_controller/lib/pkgconfig/cpp_stepper_controller.pc'
[3.301s] Level 1:colcon.colcon_core.environment:checking '/home/seds/Desktop/TERRANCE/Terrance/install/cpp_stepper_controller/lib/python3.10/site-packages'
[3.302s] Level 1:colcon.colcon_core.environment:checking '/home/seds/Desktop/TERRANCE/Terrance/install/cpp_stepper_controller/bin'
[3.303s] INFO:colcon.colcon_core.shell:Creating package script '/home/seds/Desktop/TERRANCE/Terrance/install/cpp_stepper_controller/share/cpp_stepper_controller/package.ps1'
[3.307s] INFO:colcon.colcon_core.shell:Creating package descriptor '/home/seds/Desktop/TERRANCE/Terrance/install/cpp_stepper_controller/share/cpp_stepper_controller/package.dsv'
[3.310s] INFO:colcon.colcon_core.shell:Creating package script '/home/seds/Desktop/TERRANCE/Terrance/install/cpp_stepper_controller/share/cpp_stepper_controller/package.sh'
[3.315s] INFO:colcon.colcon_core.shell:Creating package script '/home/seds/Desktop/TERRANCE/Terrance/install/cpp_stepper_controller/share/cpp_stepper_controller/package.bash'
[3.321s] INFO:colcon.colcon_core.shell:Creating package script '/home/seds/Desktop/TERRANCE/Terrance/install/cpp_stepper_controller/share/cpp_stepper_controller/package.zsh'
[3.325s] Level 1:colcon.colcon_core.environment:create_file_with_runtime_dependencies(/home/seds/Desktop/TERRANCE/Terrance/install/cpp_stepper_controller/share/colcon-core/packages/cpp_stepper_controller)
[4.655s] DEBUG:colcon.colcon_parallel_executor.executor.parallel:closing loop
[4.656s] DEBUG:colcon.colcon_parallel_executor.executor.parallel:loop closed
[4.656s] DEBUG:colcon.colcon_parallel_executor.executor.parallel:run_until_complete finished with '2'
[4.656s] DEBUG:colcon.colcon_core.event_reactor:joining thread
[4.683s] INFO:colcon.colcon_core.plugin_system:Skipping extension 'colcon_notification.desktop_notification.terminal_notifier': Not used on non-Darwin systems
[4.683s] INFO:colcon.colcon_core.plugin_system:Skipping extension 'colcon_notification.desktop_notification.win32': Not used on non-Windows systems
[4.683s] INFO:colcon.colcon_notification.desktop_notification:Sending desktop notification using 'notify2'
[4.685s] DEBUG:colcon.colcon_notification.desktop_notification.notify2:Failed to initialize notify2: org.freedesktop.DBus.Error.NoReply: Did not receive a reply. Possible causes include: the remote application did not send a reply, the message bus security policy blocked the reply, the reply timeout expired, or the network connection was broken.
[4.685s] DEBUG:colcon.colcon_core.event_reactor:joined thread
[4.687s] INFO:colcon.colcon_core.shell:Creating prefix script '/home/seds/Desktop/TERRANCE/Terrance/install/local_setup.ps1'
[4.691s] INFO:colcon.colcon_core.shell:Creating prefix util module '/home/seds/Desktop/TERRANCE/Terrance/install/_local_setup_util_ps1.py'
[4.698s] INFO:colcon.colcon_core.shell:Creating prefix chain script '/home/seds/Desktop/TERRANCE/Terrance/install/setup.ps1'
[4.705s] INFO:colcon.colcon_core.shell:Creating prefix script '/home/seds/Desktop/TERRANCE/Terrance/install/local_setup.sh'
[4.707s] INFO:colcon.colcon_core.shell:Creating prefix util module '/home/seds/Desktop/TERRANCE/Terrance/install/_local_setup_util_sh.py'
[4.709s] INFO:colcon.colcon_core.shell:Creating prefix chain script '/home/seds/Desktop/TERRANCE/Terrance/install/setup.sh'
[4.714s] INFO:colcon.colcon_core.shell:Creating prefix script '/home/seds/Desktop/TERRANCE/Terrance/install/local_setup.bash'
[4.717s] INFO:colcon.colcon_core.shell:Creating prefix chain script '/home/seds/Desktop/TERRANCE/Terrance/install/setup.bash'
[4.722s] INFO:colcon.colcon_core.shell:Creating prefix script '/home/seds/Desktop/TERRANCE/Terrance/install/local_setup.zsh'
[4.724s] INFO:colcon.colcon_core.shell:Creating prefix chain script '/home/seds/Desktop/TERRANCE/Terrance/install/setup.zsh'
