-- The C compiler identification is GNU 11.4.0
-- The CXX compiler identification is GNU 11.4.0
-- Detecting C compiler ABI info
-- Detecting C compiler ABI info - done
-- Check for working C compiler: /usr/bin/cc - skipped
-- Detecting C compile features
-- Detecting C compile features - done
-- Detecting CXX compiler ABI info
-- Detecting CXX compiler ABI info - done
-- Check for working CXX compiler: /usr/bin/c++ - skipped
-- Detecting CXX compile features
-- Detecting CXX compile features - done
-- Found ament_cmake: 2.0.4 (/opt/ros/iron/share/ament_cmake/cmake)
-- Found Python3: /usr/bin/python3.10 (found version "3.10.12") found components: Interpreter 
-- Found rclcpp: 21.0.5 (/opt/ros/iron/share/rclcpp/cmake)
-- Found rosidl_generator_c: 4.0.1 (/opt/ros/iron/share/rosidl_generator_c/cmake)
-- Found rosidl_generator_cpp: 4.0.1 (/opt/ros/iron/share/rosidl_generator_cpp/cmake)
-- Using all available rosidl_typesupport_c: rosidl_typesupport_fastrtps_c;rosidl_typesupport_introspection_c
-- Using all available rosidl_typesupport_cpp: rosidl_typesupport_fastrtps_cpp;rosidl_typesupport_introspection_cpp
-- Found rmw_implementation_cmake: 7.1.0 (/opt/ros/iron/share/rmw_implementation_cmake/cmake)
-- Found rmw_fastrtps_cpp: 7.1.3 (/opt/ros/iron/share/rmw_fastrtps_cpp/cmake)
-- Found OpenSSL: /usr/lib/x86_64-linux-gnu/libcrypto.so (found version "3.0.2")  
-- Found FastRTPS: /opt/ros/iron/include  
-- Using RMW implementation 'rmw_fastrtps_cpp' as default
-- Found rclcpp_components: 21.0.5 (/opt/ros/iron/share/rclcpp_components/cmake)
-- Found std_msgs: 5.0.0 (/opt/ros/iron/share/std_msgs/cmake)
-- Found ament_lint_auto: 0.14.3 (/opt/ros/iron/share/ament_lint_auto/cmake)
-- Added test 'cppcheck' to perform static code analysis on C / C++ code
-- Configured cppcheck include dirs: $<BUILD_INTERFACE:/root/Terrance/src/cpp_stepper_controller/include>
-- Configured cppcheck exclude dirs and/or files: 
-- Added test 'lint_cmake' to check CMake code style
-- Added test 'uncrustify' to check C / C++ code style
-- Configured uncrustify additional arguments: 
-- Added test 'xmllint' to check XML markup files
-- Configuring done
-- Generating done
-- Build files have been written to: /root/Terrance/build/cpp_stepper_controller
[35m[1mConsolidate compiler generated dependencies of target cpp_stepper_controller[0m
[ 25%] [32mBuilding CXX object CMakeFiles/cpp_stepper_controller.dir/src/Controller.cpp.o[0m
[ 50%] [32mBuilding CXX object CMakeFiles/cpp_stepper_controller.dir/src/StepperController.cpp.o[0m
[ 75%] [32mBuilding CXX object CMakeFiles/cpp_stepper_controller.dir/src/cpp_stepper_controller.cpp.o[0m
[01m[K/root/Terrance/src/cpp_stepper_controller/src/StepperController.cpp:[m[K In member function ‘[01m[Kvoid StepperController::updateActivation(uint32_t)[m[K’:
[01m[K/root/Terrance/src/cpp_stepper_controller/src/StepperController.cpp:19:21:[m[K [01;35m[Kwarning: [m[Kcomparison of integer expressions of different signedness: ‘[01m[Kuint32_t[m[K’ {aka ‘[01m[Kunsigned int[m[K’} and ‘[01m[Kint[m[K’ [[01;35m[K]8;;https://gcc.gnu.org/onlinedocs/gcc/Warning-Options.html#index-Wsign-compare-Wsign-compare]8;;[m[K]
   19 |   if ([01;35m[Kt - period_us > previous_step[m[K)
      |       [01;35m[K~~~~~~~~~~~~~~^~~~~~~~~~~~~~~[m[K
[100%] [32m[1mLinking CXX executable cpp_stepper_controller[0m
[100%] Built target cpp_stepper_controller
-- Install configuration: ""
-- Installing: /root/Terrance/install/cpp_stepper_controller/lib/cpp_stepper_controller/cpp_stepper_controller
-- Set runtime path of "/root/Terrance/install/cpp_stepper_controller/lib/cpp_stepper_controller/cpp_stepper_controller" to ""
-- Up-to-date: /root/Terrance/install/cpp_stepper_controller/share/ament_index/resource_index/package_run_dependencies/cpp_stepper_controller
-- Installing: /root/Terrance/install/cpp_stepper_controller/share/ament_index/resource_index/parent_prefix_path/cpp_stepper_controller
-- Installing: /root/Terrance/install/cpp_stepper_controller/share/cpp_stepper_controller/environment/ament_prefix_path.sh
-- Installing: /root/Terrance/install/cpp_stepper_controller/share/cpp_stepper_controller/environment/ament_prefix_path.dsv
-- Installing: /root/Terrance/install/cpp_stepper_controller/share/cpp_stepper_controller/environment/path.sh
-- Installing: /root/Terrance/install/cpp_stepper_controller/share/cpp_stepper_controller/environment/path.dsv
-- Up-to-date: /root/Terrance/install/cpp_stepper_controller/share/cpp_stepper_controller/local_setup.bash
-- Installing: /root/Terrance/install/cpp_stepper_controller/share/cpp_stepper_controller/local_setup.sh
-- Up-to-date: /root/Terrance/install/cpp_stepper_controller/share/cpp_stepper_controller/local_setup.zsh
-- Installing: /root/Terrance/install/cpp_stepper_controller/share/cpp_stepper_controller/local_setup.dsv
-- Installing: /root/Terrance/install/cpp_stepper_controller/share/cpp_stepper_controller/package.dsv
-- Installing: /root/Terrance/install/cpp_stepper_controller/share/ament_index/resource_index/packages/cpp_stepper_controller
-- Up-to-date: /root/Terrance/install/cpp_stepper_controller/share/cpp_stepper_controller/cmake/cpp_stepper_controllerConfig.cmake
-- Up-to-date: /root/Terrance/install/cpp_stepper_controller/share/cpp_stepper_controller/cmake/cpp_stepper_controllerConfig-version.cmake
-- Up-to-date: /root/Terrance/install/cpp_stepper_controller/share/cpp_stepper_controller/package.xml
