[0.178s] DEBUG:colcon:Command line arguments: ['/usr/bin/colcon', 'build']
[0.178s] DEBUG:colcon:Parsed command line arguments: Namespace(log_base=None, log_level=None, verb_name='build', build_base='build', install_base='install', merge_install=False, symlink_install=False, test_result_base=None, continue_on_error=False, executor='parallel', parallel_workers=20, event_handlers=None, ignore_user_meta=False, metas=['./colcon.meta'], base_paths=['.'], packages_ignore=None, packages_ignore_regex=None, paths=None, packages_up_to=None, packages_up_to_regex=None, packages_above=None, packages_above_and_dependencies=None, packages_above_depth=None, packages_select_by_dep=None, packages_skip_by_dep=None, packages_skip_up_to=None, packages_select_build_failed=False, packages_skip_build_finished=False, packages_select_test_failures=False, packages_skip_test_passed=False, packages_select=None, packages_skip=None, packages_select_regex=None, packages_skip_regex=None, packages_start=None, packages_end=None, allow_overriding=[], cmake_args=None, cmake_target=None, cmake_target_skip_unavailable=False, cmake_clean_cache=False, cmake_clean_first=False, cmake_force_configure=False, ament_cmake_args=None, catkin_cmake_args=None, catkin_skip_building_tests=False, verb_parser=<colcon_defaults.argument_parser.defaults.DefaultArgumentsDecorator object at 0x7f419d60d8a0>, verb_extension=<colcon_core.verb.build.BuildVerb object at 0x7f419d579ea0>, main=<bound method BuildVerb.main of <colcon_core.verb.build.BuildVerb object at 0x7f419d579ea0>>)
[0.324s] Level 1:colcon.colcon_core.package_discovery:discover_packages(colcon_meta) check parameters
[0.324s] Level 1:colcon.colcon_core.package_discovery:discover_packages(recursive) check parameters
[0.324s] Level 1:colcon.colcon_core.package_discovery:discover_packages(ignore) check parameters
[0.324s] Level 1:colcon.colcon_core.package_discovery:discover_packages(path) check parameters
[0.324s] Level 1:colcon.colcon_core.package_discovery:discover_packages(colcon_meta) discover
[0.324s] Level 1:colcon.colcon_core.package_discovery:discover_packages(recursive) discover
[0.324s] INFO:colcon.colcon_core.package_discovery:Crawling recursively for packages in '/root/Terrance'
[0.324s] Level 1:colcon.colcon_core.package_identification:_identify(.) by extensions ['ignore', 'ignore_ament_install']
[0.324s] Level 1:colcon.colcon_core.package_identification:_identify(.) by extension 'ignore'
[0.324s] Level 1:colcon.colcon_core.package_identification:_identify(.) by extension 'ignore_ament_install'
[0.324s] Level 1:colcon.colcon_core.package_identification:_identify(.) by extensions ['colcon_pkg']
[0.324s] Level 1:colcon.colcon_core.package_identification:_identify(.) by extension 'colcon_pkg'
[0.324s] Level 1:colcon.colcon_core.package_identification:_identify(.) by extensions ['colcon_meta']
[0.324s] Level 1:colcon.colcon_core.package_identification:_identify(.) by extension 'colcon_meta'
[0.324s] Level 1:colcon.colcon_core.package_identification:_identify(.) by extensions ['ros']
[0.324s] Level 1:colcon.colcon_core.package_identification:_identify(.) by extension 'ros'
[0.330s] Level 1:colcon.colcon_core.package_identification:_identify(.) by extensions ['cmake', 'python']
[0.330s] Level 1:colcon.colcon_core.package_identification:_identify(.) by extension 'cmake'
[0.330s] Level 1:colcon.colcon_core.package_identification:_identify(.) by extension 'python'
[0.330s] Level 1:colcon.colcon_core.package_identification:_identify(.) by extensions ['python_setup_py']
[0.330s] Level 1:colcon.colcon_core.package_identification:_identify(.) by extension 'python_setup_py'
[0.330s] Level 1:colcon.colcon_core.package_identification:_identify(build) by extensions ['ignore', 'ignore_ament_install']
[0.330s] Level 1:colcon.colcon_core.package_identification:_identify(build) by extension 'ignore'
[0.330s] Level 1:colcon.colcon_core.package_identification:_identify(build) ignored
[0.330s] Level 1:colcon.colcon_core.package_identification:_identify(inc) by extensions ['ignore', 'ignore_ament_install']
[0.330s] Level 1:colcon.colcon_core.package_identification:_identify(inc) by extension 'ignore'
[0.330s] Level 1:colcon.colcon_core.package_identification:_identify(inc) by extension 'ignore_ament_install'
[0.330s] Level 1:colcon.colcon_core.package_identification:_identify(inc) by extensions ['colcon_pkg']
[0.330s] Level 1:colcon.colcon_core.package_identification:_identify(inc) by extension 'colcon_pkg'
[0.330s] Level 1:colcon.colcon_core.package_identification:_identify(inc) by extensions ['colcon_meta']
[0.330s] Level 1:colcon.colcon_core.package_identification:_identify(inc) by extension 'colcon_meta'
[0.330s] Level 1:colcon.colcon_core.package_identification:_identify(inc) by extensions ['ros']
[0.330s] Level 1:colcon.colcon_core.package_identification:_identify(inc) by extension 'ros'
[0.330s] Level 1:colcon.colcon_core.package_identification:_identify(inc) by extensions ['cmake', 'python']
[0.330s] Level 1:colcon.colcon_core.package_identification:_identify(inc) by extension 'cmake'
[0.330s] Level 1:colcon.colcon_core.package_identification:_identify(inc) by extension 'python'
[0.331s] Level 1:colcon.colcon_core.package_identification:_identify(inc) by extensions ['python_setup_py']
[0.331s] Level 1:colcon.colcon_core.package_identification:_identify(inc) by extension 'python_setup_py'
[0.331s] Level 1:colcon.colcon_core.package_identification:_identify(install) by extensions ['ignore', 'ignore_ament_install']
[0.331s] Level 1:colcon.colcon_core.package_identification:_identify(install) by extension 'ignore'
[0.331s] Level 1:colcon.colcon_core.package_identification:_identify(install) ignored
[0.331s] Level 1:colcon.colcon_core.package_identification:_identify(log) by extensions ['ignore', 'ignore_ament_install']
[0.331s] Level 1:colcon.colcon_core.package_identification:_identify(log) by extension 'ignore'
[0.331s] Level 1:colcon.colcon_core.package_identification:_identify(log) ignored
[0.331s] Level 1:colcon.colcon_core.package_identification:_identify(src) by extensions ['ignore', 'ignore_ament_install']
[0.331s] Level 1:colcon.colcon_core.package_identification:_identify(src) by extension 'ignore'
[0.331s] Level 1:colcon.colcon_core.package_identification:_identify(src) by extension 'ignore_ament_install'
[0.331s] Level 1:colcon.colcon_core.package_identification:_identify(src) by extensions ['colcon_pkg']
[0.331s] Level 1:colcon.colcon_core.package_identification:_identify(src) by extension 'colcon_pkg'
[0.331s] Level 1:colcon.colcon_core.package_identification:_identify(src) by extensions ['colcon_meta']
[0.331s] Level 1:colcon.colcon_core.package_identification:_identify(src) by extension 'colcon_meta'
[0.331s] Level 1:colcon.colcon_core.package_identification:_identify(src) by extensions ['ros']
[0.331s] Level 1:colcon.colcon_core.package_identification:_identify(src) by extension 'ros'
[0.331s] Level 1:colcon.colcon_core.package_identification:_identify(src) by extensions ['cmake', 'python']
[0.331s] Level 1:colcon.colcon_core.package_identification:_identify(src) by extension 'cmake'
[0.331s] Level 1:colcon.colcon_core.package_identification:_identify(src) by extension 'python'
[0.331s] Level 1:colcon.colcon_core.package_identification:_identify(src) by extensions ['python_setup_py']
[0.331s] Level 1:colcon.colcon_core.package_identification:_identify(src) by extension 'python_setup_py'
[0.331s] Level 1:colcon.colcon_core.package_identification:_identify(src/cpp_StepperController) by extensions ['ignore', 'ignore_ament_install']
[0.331s] Level 1:colcon.colcon_core.package_identification:_identify(src/cpp_StepperController) by extension 'ignore'
[0.331s] Level 1:colcon.colcon_core.package_identification:_identify(src/cpp_StepperController) by extension 'ignore_ament_install'
[0.331s] Level 1:colcon.colcon_core.package_identification:_identify(src/cpp_StepperController) by extensions ['colcon_pkg']
[0.331s] Level 1:colcon.colcon_core.package_identification:_identify(src/cpp_StepperController) by extension 'colcon_pkg'
[0.331s] Level 1:colcon.colcon_core.package_identification:_identify(src/cpp_StepperController) by extensions ['colcon_meta']
[0.331s] Level 1:colcon.colcon_core.package_identification:_identify(src/cpp_StepperController) by extension 'colcon_meta'
[0.331s] Level 1:colcon.colcon_core.package_identification:_identify(src/cpp_StepperController) by extensions ['ros']
[0.331s] Level 1:colcon.colcon_core.package_identification:_identify(src/cpp_StepperController) by extension 'ros'
[0.334s] DEBUG:colcon.colcon_core.package_identification:Package 'src/cpp_StepperController' with type 'ros.ament_cmake' and name 'cpp_StepperController'
[0.334s] Level 1:colcon.colcon_core.package_discovery:discover_packages(recursive) using defaults
[0.334s] Level 1:colcon.colcon_core.package_discovery:discover_packages(ignore) discover
[0.334s] Level 1:colcon.colcon_core.package_discovery:discover_packages(ignore) using defaults
[0.334s] Level 1:colcon.colcon_core.package_discovery:discover_packages(path) discover
[0.334s] Level 1:colcon.colcon_core.package_discovery:discover_packages(path) using defaults
[0.352s] Level 1:colcon.colcon_core.package_discovery:discover_packages(prefix_path) check parameters
[0.352s] Level 1:colcon.colcon_core.package_discovery:discover_packages(prefix_path) discover
[0.355s] DEBUG:colcon.colcon_installed_package_information.package_discovery:Found 281 installed packages in /opt/ros/iron
[0.361s] Level 1:colcon.colcon_core.package_discovery:discover_packages(prefix_path) using defaults
[0.384s] Level 5:colcon.colcon_core.verb:set package 'cpp_StepperController' build argument 'cmake_args' from command line to 'None'
[0.384s] Level 5:colcon.colcon_core.verb:set package 'cpp_StepperController' build argument 'cmake_target' from command line to 'None'
[0.384s] Level 5:colcon.colcon_core.verb:set package 'cpp_StepperController' build argument 'cmake_target_skip_unavailable' from command line to 'False'
[0.384s] Level 5:colcon.colcon_core.verb:set package 'cpp_StepperController' build argument 'cmake_clean_cache' from command line to 'False'
[0.384s] Level 5:colcon.colcon_core.verb:set package 'cpp_StepperController' build argument 'cmake_clean_first' from command line to 'False'
[0.384s] Level 5:colcon.colcon_core.verb:set package 'cpp_StepperController' build argument 'cmake_force_configure' from command line to 'False'
[0.384s] Level 5:colcon.colcon_core.verb:set package 'cpp_StepperController' build argument 'ament_cmake_args' from command line to 'None'
[0.384s] Level 5:colcon.colcon_core.verb:set package 'cpp_StepperController' build argument 'catkin_cmake_args' from command line to 'None'
[0.384s] Level 5:colcon.colcon_core.verb:set package 'cpp_StepperController' build argument 'catkin_skip_building_tests' from command line to 'False'
[0.384s] DEBUG:colcon.colcon_core.verb:Building package 'cpp_StepperController' with the following arguments: {'ament_cmake_args': None, 'build_base': '/root/Terrance/build/cpp_StepperController', 'catkin_cmake_args': None, 'catkin_skip_building_tests': False, 'cmake_args': None, 'cmake_clean_cache': False, 'cmake_clean_first': False, 'cmake_force_configure': False, 'cmake_target': None, 'cmake_target_skip_unavailable': False, 'install_base': '/root/Terrance/install/cpp_StepperController', 'merge_install': False, 'path': '/root/Terrance/src/cpp_StepperController', 'symlink_install': False, 'test_result_base': None}
[0.384s] INFO:colcon.colcon_core.executor:Executing jobs using 'parallel' executor
[0.385s] DEBUG:colcon.colcon_parallel_executor.executor.parallel:run_until_complete
[0.385s] INFO:colcon.colcon_ros.task.ament_cmake.build:Building ROS package in '/root/Terrance/src/cpp_StepperController' with build type 'ament_cmake'
[0.385s] INFO:colcon.colcon_cmake.task.cmake.build:Building CMake package in '/root/Terrance/src/cpp_StepperController'
[0.391s] INFO:colcon.colcon_core.plugin_system:Skipping extension 'colcon_core.shell.bat': Not used on non-Windows systems
[0.391s] INFO:colcon.colcon_core.shell:Skip shell extension 'powershell' for command environment: Not usable outside of PowerShell
[0.392s] DEBUG:colcon.colcon_core.shell:Skip shell extension 'dsv' for command environment
[0.398s] DEBUG:colcon.colcon_core.event_handler.log_command:Invoking command in '/root/Terrance/build/cpp_StepperController': CMAKE_PREFIX_PATH=/opt/ros/iron /usr/bin/cmake /root/Terrance/src/cpp_StepperController -DCMAKE_INSTALL_PREFIX=/root/Terrance/install/cpp_StepperController
[2.943s] DEBUG:colcon.colcon_core.event_handler.log_command:Invoked command in '/root/Terrance/build/cpp_StepperController' returned '0': CMAKE_PREFIX_PATH=/opt/ros/iron /usr/bin/cmake /root/Terrance/src/cpp_StepperController -DCMAKE_INSTALL_PREFIX=/root/Terrance/install/cpp_StepperController
[2.944s] DEBUG:colcon.colcon_core.event_handler.log_command:Invoking command in '/root/Terrance/build/cpp_StepperController': CMAKE_PREFIX_PATH=/opt/ros/iron /usr/bin/cmake --build /root/Terrance/build/cpp_StepperController -- -j20 -l20
[2.960s] DEBUG:colcon.colcon_core.event_handler.log_command:Invoked command in '/root/Terrance/build/cpp_StepperController' returned '0': CMAKE_PREFIX_PATH=/opt/ros/iron /usr/bin/cmake --build /root/Terrance/build/cpp_StepperController -- -j20 -l20
[2.972s] DEBUG:colcon.colcon_core.event_handler.log_command:Invoking command in '/root/Terrance/build/cpp_StepperController': CMAKE_PREFIX_PATH=/opt/ros/iron /usr/bin/cmake --install /root/Terrance/build/cpp_StepperController
[2.977s] Level 1:colcon.colcon_core.environment:create_environment_scripts_only(cpp_StepperController)
[2.977s] DEBUG:colcon.colcon_core.event_handler.log_command:Invoked command in '/root/Terrance/build/cpp_StepperController' returned '0': CMAKE_PREFIX_PATH=/opt/ros/iron /usr/bin/cmake --install /root/Terrance/build/cpp_StepperController
[2.982s] Level 1:colcon.colcon_core.environment:checking '/root/Terrance/install/cpp_StepperController' for CMake module files
[2.983s] Level 1:colcon.colcon_core.environment:checking '/root/Terrance/install/cpp_StepperController' for CMake config files
[2.983s] Level 1:colcon.colcon_core.shell:create_environment_hook('cpp_StepperController', 'cmake_prefix_path')
[2.983s] INFO:colcon.colcon_core.shell:Creating environment hook '/root/Terrance/install/cpp_StepperController/share/cpp_StepperController/hook/cmake_prefix_path.ps1'
[2.984s] INFO:colcon.colcon_core.shell:Creating environment descriptor '/root/Terrance/install/cpp_StepperController/share/cpp_StepperController/hook/cmake_prefix_path.dsv'
[2.984s] INFO:colcon.colcon_core.shell:Creating environment hook '/root/Terrance/install/cpp_StepperController/share/cpp_StepperController/hook/cmake_prefix_path.sh'
[2.985s] Level 1:colcon.colcon_core.environment:checking '/root/Terrance/install/cpp_StepperController/bin'
[2.985s] Level 1:colcon.colcon_core.environment:checking '/root/Terrance/install/cpp_StepperController/lib/pkgconfig/cpp_StepperController.pc'
[2.985s] Level 1:colcon.colcon_core.environment:checking '/root/Terrance/install/cpp_StepperController/lib/python3.10/site-packages'
[2.985s] Level 1:colcon.colcon_core.environment:checking '/root/Terrance/install/cpp_StepperController/bin'
[2.985s] INFO:colcon.colcon_core.shell:Creating package script '/root/Terrance/install/cpp_StepperController/share/cpp_StepperController/package.ps1'
[2.986s] INFO:colcon.colcon_core.shell:Creating package descriptor '/root/Terrance/install/cpp_StepperController/share/cpp_StepperController/package.dsv'
[2.986s] INFO:colcon.colcon_core.shell:Creating package script '/root/Terrance/install/cpp_StepperController/share/cpp_StepperController/package.sh'
[2.987s] INFO:colcon.colcon_core.shell:Creating package script '/root/Terrance/install/cpp_StepperController/share/cpp_StepperController/package.bash'
[2.988s] INFO:colcon.colcon_core.shell:Creating package script '/root/Terrance/install/cpp_StepperController/share/cpp_StepperController/package.zsh'
[2.988s] Level 1:colcon.colcon_core.environment:create_file_with_runtime_dependencies(/root/Terrance/install/cpp_StepperController/share/colcon-core/packages/cpp_StepperController)
[2.998s] Level 1:colcon.colcon_core.environment:create_environment_scripts_only(cpp_StepperController)
[2.998s] Level 1:colcon.colcon_core.environment:checking '/root/Terrance/install/cpp_StepperController' for CMake module files
[2.998s] Level 1:colcon.colcon_core.environment:checking '/root/Terrance/install/cpp_StepperController' for CMake config files
[2.999s] Level 1:colcon.colcon_core.shell:create_environment_hook('cpp_StepperController', 'cmake_prefix_path')
[2.999s] INFO:colcon.colcon_core.shell:Creating environment hook '/root/Terrance/install/cpp_StepperController/share/cpp_StepperController/hook/cmake_prefix_path.ps1'
[2.999s] INFO:colcon.colcon_core.shell:Creating environment descriptor '/root/Terrance/install/cpp_StepperController/share/cpp_StepperController/hook/cmake_prefix_path.dsv'
[2.999s] INFO:colcon.colcon_core.shell:Creating environment hook '/root/Terrance/install/cpp_StepperController/share/cpp_StepperController/hook/cmake_prefix_path.sh'
[2.999s] Level 1:colcon.colcon_core.environment:checking '/root/Terrance/install/cpp_StepperController/bin'
[2.999s] Level 1:colcon.colcon_core.environment:checking '/root/Terrance/install/cpp_StepperController/lib/pkgconfig/cpp_StepperController.pc'
[3.000s] Level 1:colcon.colcon_core.environment:checking '/root/Terrance/install/cpp_StepperController/lib/python3.10/site-packages'
[3.000s] Level 1:colcon.colcon_core.environment:checking '/root/Terrance/install/cpp_StepperController/bin'
[3.000s] INFO:colcon.colcon_core.shell:Creating package script '/root/Terrance/install/cpp_StepperController/share/cpp_StepperController/package.ps1'
[3.000s] INFO:colcon.colcon_core.shell:Creating package descriptor '/root/Terrance/install/cpp_StepperController/share/cpp_StepperController/package.dsv'
[3.000s] INFO:colcon.colcon_core.shell:Creating package script '/root/Terrance/install/cpp_StepperController/share/cpp_StepperController/package.sh'
[3.001s] INFO:colcon.colcon_core.shell:Creating package script '/root/Terrance/install/cpp_StepperController/share/cpp_StepperController/package.bash'
[3.001s] INFO:colcon.colcon_core.shell:Creating package script '/root/Terrance/install/cpp_StepperController/share/cpp_StepperController/package.zsh'
[3.001s] Level 1:colcon.colcon_core.environment:create_file_with_runtime_dependencies(/root/Terrance/install/cpp_StepperController/share/colcon-core/packages/cpp_StepperController)
[3.001s] DEBUG:colcon.colcon_parallel_executor.executor.parallel:closing loop
[3.001s] DEBUG:colcon.colcon_parallel_executor.executor.parallel:loop closed
[3.001s] DEBUG:colcon.colcon_parallel_executor.executor.parallel:run_until_complete finished with '0'
[3.002s] DEBUG:colcon.colcon_core.event_reactor:joining thread
[3.043s] INFO:colcon.colcon_core.plugin_system:Skipping extension 'colcon_notification.desktop_notification.notify_send': Could not find 'notify-send'
[3.043s] INFO:colcon.colcon_core.plugin_system:Skipping extension 'colcon_notification.desktop_notification.terminal_notifier': Not used on non-Darwin systems
[3.043s] INFO:colcon.colcon_core.plugin_system:Skipping extension 'colcon_notification.desktop_notification.win32': Not used on non-Windows systems
[3.043s] INFO:colcon.colcon_notification.desktop_notification:Sending desktop notification using 'notify2'
[3.056s] DEBUG:colcon.colcon_notification.desktop_notification.notify2:Failed to initialize notify2: org.freedesktop.DBus.Error.ServiceUnknown: The name org.freedesktop.Notifications was not provided by any .service files
[3.056s] DEBUG:colcon.colcon_core.event_reactor:joined thread
[3.056s] INFO:colcon.colcon_core.shell:Creating prefix script '/root/Terrance/install/local_setup.ps1'
[3.057s] INFO:colcon.colcon_core.shell:Creating prefix util module '/root/Terrance/install/_local_setup_util_ps1.py'
[3.058s] INFO:colcon.colcon_core.shell:Creating prefix chain script '/root/Terrance/install/setup.ps1'
[3.059s] INFO:colcon.colcon_core.shell:Creating prefix script '/root/Terrance/install/local_setup.sh'
[3.059s] INFO:colcon.colcon_core.shell:Creating prefix util module '/root/Terrance/install/_local_setup_util_sh.py'
[3.060s] INFO:colcon.colcon_core.shell:Creating prefix chain script '/root/Terrance/install/setup.sh'
[3.060s] INFO:colcon.colcon_core.shell:Creating prefix script '/root/Terrance/install/local_setup.bash'
[3.061s] INFO:colcon.colcon_core.shell:Creating prefix chain script '/root/Terrance/install/setup.bash'
[3.061s] INFO:colcon.colcon_core.shell:Creating prefix script '/root/Terrance/install/local_setup.zsh'
[3.062s] INFO:colcon.colcon_core.shell:Creating prefix chain script '/root/Terrance/install/setup.zsh'
