[11.760s] Invoking command in '/home/seds/Desktop/TERRANCE/Terrance/src/py_publisher': PYTHONPATH=/home/seds/Desktop/TERRANCE/Terrance/build/py_publisher/prefix_override:/home/seds/Desktop/TERRANCE/Terrance/install/py_publisher/lib/python3.10/site-packages:${PYTHONPATH} /usr/bin/python3 -W ignore:setup.py install is deprecated setup.py egg_info --egg-base ../../build/py_publisher build --build-base /home/seds/Desktop/TERRANCE/Terrance/build/py_publisher/build install --record /home/seds/Desktop/TERRANCE/Terrance/build/py_publisher/install.log --single-version-externally-managed install_data
[15.846s] running egg_info
[15.854s] writing ../../build/py_publisher/py_publisher.egg-info/PKG-INFO
[15.857s] writing dependency_links to ../../build/py_publisher/py_publisher.egg-info/dependency_links.txt
[15.861s] writing entry points to ../../build/py_publisher/py_publisher.egg-info/entry_points.txt
[15.869s] writing requirements to ../../build/py_publisher/py_publisher.egg-info/requires.txt
[15.871s] writing top-level names to ../../build/py_publisher/py_publisher.egg-info/top_level.txt
[15.892s] reading manifest file '../../build/py_publisher/py_publisher.egg-info/SOURCES.txt'
[15.901s] adding license file 'LICENSE'
[15.905s] writing manifest file '../../build/py_publisher/py_publisher.egg-info/SOURCES.txt'
[15.907s] running build
[15.909s] running build_py
[15.920s] copying py_publisher/publisher_member_function.py -> /home/seds/Desktop/TERRANCE/Terrance/build/py_publisher/build/lib/py_publisher
[15.924s] copying py_publisher/subscriber_member_function.py -> /home/seds/Desktop/TERRANCE/Terrance/build/py_publisher/build/lib/py_publisher
[15.925s] copying py_publisher/__init__.py -> /home/seds/Desktop/TERRANCE/Terrance/build/py_publisher/build/lib/py_publisher
[15.927s] copying py_publisher/gamepad.py -> /home/seds/Desktop/TERRANCE/Terrance/build/py_publisher/build/lib/py_publisher
[15.932s] running install
[15.938s] running install_lib
[15.946s] copying /home/seds/Desktop/TERRANCE/Terrance/build/py_publisher/build/lib/py_publisher/publisher_member_function.py -> /home/seds/Desktop/TERRANCE/Terrance/install/py_publisher/lib/python3.10/site-packages/py_publisher
[15.955s] copying /home/seds/Desktop/TERRANCE/Terrance/build/py_publisher/build/lib/py_publisher/subscriber_member_function.py -> /home/seds/Desktop/TERRANCE/Terrance/install/py_publisher/lib/python3.10/site-packages/py_publisher
[15.958s] copying /home/seds/Desktop/TERRANCE/Terrance/build/py_publisher/build/lib/py_publisher/__init__.py -> /home/seds/Desktop/TERRANCE/Terrance/install/py_publisher/lib/python3.10/site-packages/py_publisher
[15.959s] copying /home/seds/Desktop/TERRANCE/Terrance/build/py_publisher/build/lib/py_publisher/gamepad.py -> /home/seds/Desktop/TERRANCE/Terrance/install/py_publisher/lib/python3.10/site-packages/py_publisher
[15.963s] byte-compiling /home/seds/Desktop/TERRANCE/Terrance/install/py_publisher/lib/python3.10/site-packages/py_publisher/publisher_member_function.py to publisher_member_function.cpython-310.pyc
[15.971s] byte-compiling /home/seds/Desktop/TERRANCE/Terrance/install/py_publisher/lib/python3.10/site-packages/py_publisher/subscriber_member_function.py to subscriber_member_function.cpython-310.pyc
[15.978s] byte-compiling /home/seds/Desktop/TERRANCE/Terrance/install/py_publisher/lib/python3.10/site-packages/py_publisher/__init__.py to __init__.cpython-310.pyc
[15.999s] byte-compiling /home/seds/Desktop/TERRANCE/Terrance/install/py_publisher/lib/python3.10/site-packages/py_publisher/gamepad.py to gamepad.cpython-310.pyc
[16.001s] running install_data
[16.002s] copying resource/py_publisher -> /home/seds/Desktop/TERRANCE/Terrance/install/py_publisher/share/ament_index/resource_index/packages
[16.034s] copying package.xml -> /home/seds/Desktop/TERRANCE/Terrance/install/py_publisher/share/py_publisher
[16.037s] running install_egg_info
[16.039s] removing '/home/seds/Desktop/TERRANCE/Terrance/install/py_publisher/lib/python3.10/site-packages/py_publisher-0.0.0-py3.10.egg-info' (and everything under it)
[16.040s] Copying ../../build/py_publisher/py_publisher.egg-info to /home/seds/Desktop/TERRANCE/Terrance/install/py_publisher/lib/python3.10/site-packages/py_publisher-0.0.0-py3.10.egg-info
[16.061s] running install_scripts
[16.300s] Installing gamepad script to /home/seds/Desktop/TERRANCE/Terrance/install/py_publisher/lib/py_publisher
[16.303s] Installing listener script to /home/seds/Desktop/TERRANCE/Terrance/install/py_publisher/lib/py_publisher
[16.307s] Installing talker script to /home/seds/Desktop/TERRANCE/Terrance/install/py_publisher/lib/py_publisher
[16.315s] writing list of installed files to '/home/seds/Desktop/TERRANCE/Terrance/build/py_publisher/install.log'
