[3.800s] Invoking command in '/home/seds/Desktop/TERRANCE/Terrance/src/py_publisher': PYTHONPATH=/home/seds/Desktop/TERRANCE/Terrance/build/py_publisher/prefix_override:/home/seds/Desktop/TERRANCE/Terrance/install/py_publisher/lib/python3.10/site-packages:${PYTHONPATH} /usr/bin/python3 -W ignore:setup.py install is deprecated setup.py egg_info --egg-base ../../build/py_publisher build --build-base /home/seds/Desktop/TERRANCE/Terrance/build/py_publisher/build install --record /home/seds/Desktop/TERRANCE/Terrance/build/py_publisher/install.log --single-version-externally-managed install_data
[5.194s] running egg_info
[5.198s] writing ../../build/py_publisher/py_publisher.egg-info/PKG-INFO
[5.203s] writing dependency_links to ../../build/py_publisher/py_publisher.egg-info/dependency_links.txt
[5.206s] writing entry points to ../../build/py_publisher/py_publisher.egg-info/entry_points.txt
[5.208s] writing requirements to ../../build/py_publisher/py_publisher.egg-info/requires.txt
[5.213s] writing top-level names to ../../build/py_publisher/py_publisher.egg-info/top_level.txt
[5.225s] reading manifest file '../../build/py_publisher/py_publisher.egg-info/SOURCES.txt'
[5.230s] adding license file 'LICENSE'
[5.233s] writing manifest file '../../build/py_publisher/py_publisher.egg-info/SOURCES.txt'
[5.235s] running build
[5.235s] running build_py
[5.244s] running install
[5.246s] running install_lib
[5.260s] running install_data
[5.267s] running install_egg_info
[5.282s] removing '/home/seds/Desktop/TERRANCE/Terrance/install/py_publisher/lib/python3.10/site-packages/py_publisher-0.0.0-py3.10.egg-info' (and everything under it)
[5.285s] Copying ../../build/py_publisher/py_publisher.egg-info to /home/seds/Desktop/TERRANCE/Terrance/install/py_publisher/lib/python3.10/site-packages/py_publisher-0.0.0-py3.10.egg-info
[5.297s] running install_scripts
[5.398s] Installing gamepad script to /home/seds/Desktop/TERRANCE/Terrance/install/py_publisher/lib/py_publisher
[5.430s] Installing listener script to /home/seds/Desktop/TERRANCE/Terrance/install/py_publisher/lib/py_publisher
[5.432s] Installing talker script to /home/seds/Desktop/TERRANCE/Terrance/install/py_publisher/lib/py_publisher
[5.436s] writing list of installed files to '/home/seds/Desktop/TERRANCE/Terrance/build/py_publisher/install.log'
[5.598s] Invoked command in '/home/seds/Desktop/TERRANCE/Terrance/src/py_publisher' returned '0': PYTHONPATH=/home/seds/Desktop/TERRANCE/Terrance/build/py_publisher/prefix_override:/home/seds/Desktop/TERRANCE/Terrance/install/py_publisher/lib/python3.10/site-packages:${PYTHONPATH} /usr/bin/python3 -W ignore:setup.py install is deprecated setup.py egg_info --egg-base ../../build/py_publisher build --build-base /home/seds/Desktop/TERRANCE/Terrance/build/py_publisher/build install --record /home/seds/Desktop/TERRANCE/Terrance/build/py_publisher/install.log --single-version-externally-managed install_data
