[0.442s] DEBUG:colcon:Command line arguments: ['/usr/bin/colcon', 'build']
[0.442s] DEBUG:colcon:Parsed command line arguments: Namespace(log_base=None, log_level=None, verb_name='build', build_base='build', install_base='install', merge_install=False, symlink_install=False, test_result_base=None, continue_on_error=False, executor='parallel', parallel_workers=4, event_handlers=None, ignore_user_meta=False, metas=['./colcon.meta'], base_paths=['.'], packages_ignore=None, packages_ignore_regex=None, paths=None, packages_up_to=None, packages_up_to_regex=None, packages_above=None, packages_above_and_dependencies=None, packages_above_depth=None, packages_select_by_dep=None, packages_skip_by_dep=None, packages_skip_up_to=None, packages_select_build_failed=False, packages_skip_build_finished=False, packages_select_test_failures=False, packages_skip_test_passed=False, packages_select=None, packages_skip=None, packages_select_regex=None, packages_skip_regex=None, packages_start=None, packages_end=None, allow_overriding=[], cmake_args=None, cmake_target=None, cmake_target_skip_unavailable=False, cmake_clean_cache=False, cmake_clean_first=False, cmake_force_configure=False, ament_cmake_args=None, catkin_cmake_args=None, catkin_skip_building_tests=False, verb_parser=<colcon_defaults.argument_parser.defaults.DefaultArgumentsDecorator object at 0xffffaf34c730>, verb_extension=<colcon_core.verb.build.BuildVerb object at 0xffffaf485330>, main=<bound method BuildVerb.main of <colcon_core.verb.build.BuildVerb object at 0xffffaf485330>>)
[1.247s] Level 1:colcon.colcon_core.package_discovery:discover_packages(colcon_meta) check parameters
[1.248s] Level 1:colcon.colcon_core.package_discovery:discover_packages(recursive) check parameters
[1.248s] Level 1:colcon.colcon_core.package_discovery:discover_packages(ignore) check parameters
[1.248s] Level 1:colcon.colcon_core.package_discovery:discover_packages(path) check parameters
[1.248s] Level 1:colcon.colcon_core.package_discovery:discover_packages(colcon_meta) discover
[1.249s] Level 1:colcon.colcon_core.package_discovery:discover_packages(recursive) discover
[1.249s] INFO:colcon.colcon_core.package_discovery:Crawling recursively for packages in '/home/seds/Desktop/TERRANCE/Terrance'
[1.249s] Level 1:colcon.colcon_core.package_identification:_identify(.) by extensions ['ignore', 'ignore_ament_install']
[1.250s] Level 1:colcon.colcon_core.package_identification:_identify(.) by extension 'ignore'
[1.250s] Level 1:colcon.colcon_core.package_identification:_identify(.) by extension 'ignore_ament_install'
[1.250s] Level 1:colcon.colcon_core.package_identification:_identify(.) by extensions ['colcon_pkg']
[1.250s] Level 1:colcon.colcon_core.package_identification:_identify(.) by extension 'colcon_pkg'
[1.251s] Level 1:colcon.colcon_core.package_identification:_identify(.) by extensions ['colcon_meta']
[1.251s] Level 1:colcon.colcon_core.package_identification:_identify(.) by extension 'colcon_meta'
[1.251s] Level 1:colcon.colcon_core.package_identification:_identify(.) by extensions ['ros']
[1.251s] Level 1:colcon.colcon_core.package_identification:_identify(.) by extension 'ros'
[1.297s] Level 1:colcon.colcon_core.package_identification:_identify(.) by extensions ['cmake', 'python']
[1.298s] Level 1:colcon.colcon_core.package_identification:_identify(.) by extension 'cmake'
[1.298s] Level 1:colcon.colcon_core.package_identification:_identify(.) by extension 'python'
[1.298s] Level 1:colcon.colcon_core.package_identification:_identify(.) by extensions ['python_setup_py']
[1.298s] Level 1:colcon.colcon_core.package_identification:_identify(.) by extension 'python_setup_py'
[1.299s] Level 1:colcon.colcon_core.package_identification:_identify(build) by extensions ['ignore', 'ignore_ament_install']
[1.299s] Level 1:colcon.colcon_core.package_identification:_identify(build) by extension 'ignore'
[1.300s] Level 1:colcon.colcon_core.package_identification:_identify(build) ignored
[1.300s] Level 1:colcon.colcon_core.package_identification:_identify(install) by extensions ['ignore', 'ignore_ament_install']
[1.301s] Level 1:colcon.colcon_core.package_identification:_identify(install) by extension 'ignore'
[1.301s] Level 1:colcon.colcon_core.package_identification:_identify(install) ignored
[1.302s] Level 1:colcon.colcon_core.package_identification:_identify(log) by extensions ['ignore', 'ignore_ament_install']
[1.302s] Level 1:colcon.colcon_core.package_identification:_identify(log) by extension 'ignore'
[1.302s] Level 1:colcon.colcon_core.package_identification:_identify(log) ignored
[1.303s] Level 1:colcon.colcon_core.package_identification:_identify(src) by extensions ['ignore', 'ignore_ament_install']
[1.303s] Level 1:colcon.colcon_core.package_identification:_identify(src) by extension 'ignore'
[1.303s] Level 1:colcon.colcon_core.package_identification:_identify(src) by extension 'ignore_ament_install'
[1.303s] Level 1:colcon.colcon_core.package_identification:_identify(src) by extensions ['colcon_pkg']
[1.304s] Level 1:colcon.colcon_core.package_identification:_identify(src) by extension 'colcon_pkg'
[1.304s] Level 1:colcon.colcon_core.package_identification:_identify(src) by extensions ['colcon_meta']
[1.304s] Level 1:colcon.colcon_core.package_identification:_identify(src) by extension 'colcon_meta'
[1.304s] Level 1:colcon.colcon_core.package_identification:_identify(src) by extensions ['ros']
[1.304s] Level 1:colcon.colcon_core.package_identification:_identify(src) by extension 'ros'
[1.305s] Level 1:colcon.colcon_core.package_identification:_identify(src) by extensions ['cmake', 'python']
[1.305s] Level 1:colcon.colcon_core.package_identification:_identify(src) by extension 'cmake'
[1.305s] Level 1:colcon.colcon_core.package_identification:_identify(src) by extension 'python'
[1.305s] Level 1:colcon.colcon_core.package_identification:_identify(src) by extensions ['python_setup_py']
[1.305s] Level 1:colcon.colcon_core.package_identification:_identify(src) by extension 'python_setup_py'
[1.306s] Level 1:colcon.colcon_core.package_identification:_identify(src/cpp_stepper_controller) by extensions ['ignore', 'ignore_ament_install']
[1.306s] Level 1:colcon.colcon_core.package_identification:_identify(src/cpp_stepper_controller) by extension 'ignore'
[1.307s] Level 1:colcon.colcon_core.package_identification:_identify(src/cpp_stepper_controller) by extension 'ignore_ament_install'
[1.307s] Level 1:colcon.colcon_core.package_identification:_identify(src/cpp_stepper_controller) by extensions ['colcon_pkg']
[1.307s] Level 1:colcon.colcon_core.package_identification:_identify(src/cpp_stepper_controller) by extension 'colcon_pkg'
[1.308s] Level 1:colcon.colcon_core.package_identification:_identify(src/cpp_stepper_controller) by extensions ['colcon_meta']
[1.308s] Level 1:colcon.colcon_core.package_identification:_identify(src/cpp_stepper_controller) by extension 'colcon_meta'
[1.308s] Level 1:colcon.colcon_core.package_identification:_identify(src/cpp_stepper_controller) by extensions ['ros']
[1.308s] Level 1:colcon.colcon_core.package_identification:_identify(src/cpp_stepper_controller) by extension 'ros'
[1.317s] DEBUG:colcon.colcon_core.package_identification:Package 'src/cpp_stepper_controller' with type 'ros.ament_cmake' and name 'cpp_stepper_controller'
[1.317s] Level 1:colcon.colcon_core.package_discovery:discover_packages(recursive) using defaults
[1.317s] Level 1:colcon.colcon_core.package_discovery:discover_packages(ignore) discover
[1.317s] Level 1:colcon.colcon_core.package_discovery:discover_packages(ignore) using defaults
[1.318s] Level 1:colcon.colcon_core.package_discovery:discover_packages(path) discover
[1.318s] Level 1:colcon.colcon_core.package_discovery:discover_packages(path) using defaults
[1.400s] Level 1:colcon.colcon_core.package_discovery:discover_packages(prefix_path) check parameters
[1.400s] Level 1:colcon.colcon_core.package_discovery:discover_packages(prefix_path) discover
[1.416s] DEBUG:colcon.colcon_installed_package_information.package_discovery:Found 281 installed packages in /opt/ros/iron
[1.461s] Level 1:colcon.colcon_core.package_discovery:discover_packages(prefix_path) using defaults
[1.653s] Level 5:colcon.colcon_core.verb:set package 'cpp_stepper_controller' build argument 'cmake_args' from command line to 'None'
[1.654s] Level 5:colcon.colcon_core.verb:set package 'cpp_stepper_controller' build argument 'cmake_target' from command line to 'None'
[1.654s] Level 5:colcon.colcon_core.verb:set package 'cpp_stepper_controller' build argument 'cmake_target_skip_unavailable' from command line to 'False'
[1.654s] Level 5:colcon.colcon_core.verb:set package 'cpp_stepper_controller' build argument 'cmake_clean_cache' from command line to 'False'
[1.654s] Level 5:colcon.colcon_core.verb:set package 'cpp_stepper_controller' build argument 'cmake_clean_first' from command line to 'False'
[1.654s] Level 5:colcon.colcon_core.verb:set package 'cpp_stepper_controller' build argument 'cmake_force_configure' from command line to 'False'
[1.654s] Level 5:colcon.colcon_core.verb:set package 'cpp_stepper_controller' build argument 'ament_cmake_args' from command line to 'None'
[1.655s] Level 5:colcon.colcon_core.verb:set package 'cpp_stepper_controller' build argument 'catkin_cmake_args' from command line to 'None'
[1.655s] Level 5:colcon.colcon_core.verb:set package 'cpp_stepper_controller' build argument 'catkin_skip_building_tests' from command line to 'False'
[1.655s] DEBUG:colcon.colcon_core.verb:Building package 'cpp_stepper_controller' with the following arguments: {'ament_cmake_args': None, 'build_base': '/home/seds/Desktop/TERRANCE/Terrance/build/cpp_stepper_controller', 'catkin_cmake_args': None, 'catkin_skip_building_tests': False, 'cmake_args': None, 'cmake_clean_cache': False, 'cmake_clean_first': False, 'cmake_force_configure': False, 'cmake_target': None, 'cmake_target_skip_unavailable': False, 'install_base': '/home/seds/Desktop/TERRANCE/Terrance/install/cpp_stepper_controller', 'merge_install': False, 'path': '/home/seds/Desktop/TERRANCE/Terrance/src/cpp_stepper_controller', 'symlink_install': False, 'test_result_base': None}
[1.656s] INFO:colcon.colcon_core.executor:Executing jobs using 'parallel' executor
[1.659s] DEBUG:colcon.colcon_parallel_executor.executor.parallel:run_until_complete
[1.660s] INFO:colcon.colcon_ros.task.ament_cmake.build:Building ROS package in '/home/seds/Desktop/TERRANCE/Terrance/src/cpp_stepper_controller' with build type 'ament_cmake'
[1.661s] INFO:colcon.colcon_cmake.task.cmake.build:Building CMake package in '/home/seds/Desktop/TERRANCE/Terrance/src/cpp_stepper_controller'
[1.669s] INFO:colcon.colcon_core.plugin_system:Skipping extension 'colcon_core.shell.bat': Not used on non-Windows systems
[1.670s] INFO:colcon.colcon_core.shell:Skip shell extension 'powershell' for command environment: Not usable outside of PowerShell
[1.671s] DEBUG:colcon.colcon_core.shell:Skip shell extension 'dsv' for command environment
[1.715s] DEBUG:colcon.colcon_core.event_handler.log_command:Invoking command in '/home/seds/Desktop/TERRANCE/Terrance/build/cpp_stepper_controller': CMAKE_PREFIX_PATH=/opt/ros/iron /usr/bin/cmake /home/seds/Desktop/TERRANCE/Terrance/src/cpp_stepper_controller -DCMAKE_INSTALL_PREFIX=/home/seds/Desktop/TERRANCE/Terrance/install/cpp_stepper_controller
[6.092s] DEBUG:colcon.colcon_core.event_handler.log_command:Invoked command in '/home/seds/Desktop/TERRANCE/Terrance/build/cpp_stepper_controller' returned '0': CMAKE_PREFIX_PATH=/opt/ros/iron /usr/bin/cmake /home/seds/Desktop/TERRANCE/Terrance/src/cpp_stepper_controller -DCMAKE_INSTALL_PREFIX=/home/seds/Desktop/TERRANCE/Terrance/install/cpp_stepper_controller
[6.104s] DEBUG:colcon.colcon_core.event_handler.log_command:Invoking command in '/home/seds/Desktop/TERRANCE/Terrance/build/cpp_stepper_controller': CMAKE_PREFIX_PATH=/opt/ros/iron /usr/bin/cmake --build /home/seds/Desktop/TERRANCE/Terrance/build/cpp_stepper_controller -- -j4 -l4
[6.834s] DEBUG:colcon.colcon_core.event_handler.log_command:Invoked command in '/home/seds/Desktop/TERRANCE/Terrance/build/cpp_stepper_controller' returned '0': CMAKE_PREFIX_PATH=/opt/ros/iron /usr/bin/cmake --build /home/seds/Desktop/TERRANCE/Terrance/build/cpp_stepper_controller -- -j4 -l4
[7.034s] DEBUG:colcon.colcon_core.event_handler.log_command:Invoking command in '/home/seds/Desktop/TERRANCE/Terrance/build/cpp_stepper_controller': CMAKE_PREFIX_PATH=/opt/ros/iron /usr/bin/cmake --install /home/seds/Desktop/TERRANCE/Terrance/build/cpp_stepper_controller
[7.102s] Level 1:colcon.colcon_core.environment:create_environment_scripts_only(cpp_stepper_controller)
[7.104s] DEBUG:colcon.colcon_core.event_handler.log_command:Invoked command in '/home/seds/Desktop/TERRANCE/Terrance/build/cpp_stepper_controller' returned '0': CMAKE_PREFIX_PATH=/opt/ros/iron /usr/bin/cmake --install /home/seds/Desktop/TERRANCE/Terrance/build/cpp_stepper_controller
[7.114s] Level 1:colcon.colcon_core.environment:checking '/home/seds/Desktop/TERRANCE/Terrance/install/cpp_stepper_controller' for CMake module files
[7.118s] Level 1:colcon.colcon_core.environment:checking '/home/seds/Desktop/TERRANCE/Terrance/install/cpp_stepper_controller' for CMake config files
[7.121s] Level 1:colcon.colcon_core.shell:create_environment_hook('cpp_stepper_controller', 'cmake_prefix_path')
[7.123s] INFO:colcon.colcon_core.shell:Creating environment hook '/home/seds/Desktop/TERRANCE/Terrance/install/cpp_stepper_controller/share/cpp_stepper_controller/hook/cmake_prefix_path.ps1'
[7.126s] INFO:colcon.colcon_core.shell:Creating environment descriptor '/home/seds/Desktop/TERRANCE/Terrance/install/cpp_stepper_controller/share/cpp_stepper_controller/hook/cmake_prefix_path.dsv'
[7.128s] INFO:colcon.colcon_core.shell:Creating environment hook '/home/seds/Desktop/TERRANCE/Terrance/install/cpp_stepper_controller/share/cpp_stepper_controller/hook/cmake_prefix_path.sh'
[7.132s] Level 1:colcon.colcon_core.environment:checking '/home/seds/Desktop/TERRANCE/Terrance/install/cpp_stepper_controller/lib'
[7.133s] Level 1:colcon.colcon_core.environment:checking '/home/seds/Desktop/TERRANCE/Terrance/install/cpp_stepper_controller/bin'
[7.133s] Level 1:colcon.colcon_core.environment:checking '/home/seds/Desktop/TERRANCE/Terrance/install/cpp_stepper_controller/lib/pkgconfig/cpp_stepper_controller.pc'
[7.134s] Level 1:colcon.colcon_core.environment:checking '/home/seds/Desktop/TERRANCE/Terrance/install/cpp_stepper_controller/lib/python3.10/site-packages'
[7.135s] Level 1:colcon.colcon_core.environment:checking '/home/seds/Desktop/TERRANCE/Terrance/install/cpp_stepper_controller/bin'
[7.136s] INFO:colcon.colcon_core.shell:Creating package script '/home/seds/Desktop/TERRANCE/Terrance/install/cpp_stepper_controller/share/cpp_stepper_controller/package.ps1'
[7.140s] INFO:colcon.colcon_core.shell:Creating package descriptor '/home/seds/Desktop/TERRANCE/Terrance/install/cpp_stepper_controller/share/cpp_stepper_controller/package.dsv'
[7.143s] INFO:colcon.colcon_core.shell:Creating package script '/home/seds/Desktop/TERRANCE/Terrance/install/cpp_stepper_controller/share/cpp_stepper_controller/package.sh'
[7.147s] INFO:colcon.colcon_core.shell:Creating package script '/home/seds/Desktop/TERRANCE/Terrance/install/cpp_stepper_controller/share/cpp_stepper_controller/package.bash'
[7.152s] INFO:colcon.colcon_core.shell:Creating package script '/home/seds/Desktop/TERRANCE/Terrance/install/cpp_stepper_controller/share/cpp_stepper_controller/package.zsh'
[7.155s] Level 1:colcon.colcon_core.environment:create_file_with_runtime_dependencies(/home/seds/Desktop/TERRANCE/Terrance/install/cpp_stepper_controller/share/colcon-core/packages/cpp_stepper_controller)
[7.323s] Level 1:colcon.colcon_core.environment:create_environment_scripts_only(cpp_stepper_controller)
[7.324s] Level 1:colcon.colcon_core.environment:checking '/home/seds/Desktop/TERRANCE/Terrance/install/cpp_stepper_controller' for CMake module files
[7.328s] Level 1:colcon.colcon_core.environment:checking '/home/seds/Desktop/TERRANCE/Terrance/install/cpp_stepper_controller' for CMake config files
[7.330s] Level 1:colcon.colcon_core.shell:create_environment_hook('cpp_stepper_controller', 'cmake_prefix_path')
[7.332s] INFO:colcon.colcon_core.shell:Creating environment hook '/home/seds/Desktop/TERRANCE/Terrance/install/cpp_stepper_controller/share/cpp_stepper_controller/hook/cmake_prefix_path.ps1'
[7.334s] INFO:colcon.colcon_core.shell:Creating environment descriptor '/home/seds/Desktop/TERRANCE/Terrance/install/cpp_stepper_controller/share/cpp_stepper_controller/hook/cmake_prefix_path.dsv'
[7.336s] INFO:colcon.colcon_core.shell:Creating environment hook '/home/seds/Desktop/TERRANCE/Terrance/install/cpp_stepper_controller/share/cpp_stepper_controller/hook/cmake_prefix_path.sh'
[7.339s] Level 1:colcon.colcon_core.environment:checking '/home/seds/Desktop/TERRANCE/Terrance/install/cpp_stepper_controller/lib'
[7.340s] Level 1:colcon.colcon_core.environment:checking '/home/seds/Desktop/TERRANCE/Terrance/install/cpp_stepper_controller/bin'
[7.340s] Level 1:colcon.colcon_core.environment:checking '/home/seds/Desktop/TERRANCE/Terrance/install/cpp_stepper_controller/lib/pkgconfig/cpp_stepper_controller.pc'
[7.341s] Level 1:colcon.colcon_core.environment:checking '/home/seds/Desktop/TERRANCE/Terrance/install/cpp_stepper_controller/lib/python3.10/site-packages'
[7.342s] Level 1:colcon.colcon_core.environment:checking '/home/seds/Desktop/TERRANCE/Terrance/install/cpp_stepper_controller/bin'
[7.344s] INFO:colcon.colcon_core.shell:Creating package script '/home/seds/Desktop/TERRANCE/Terrance/install/cpp_stepper_controller/share/cpp_stepper_controller/package.ps1'
[7.346s] INFO:colcon.colcon_core.shell:Creating package descriptor '/home/seds/Desktop/TERRANCE/Terrance/install/cpp_stepper_controller/share/cpp_stepper_controller/package.dsv'
[7.348s] INFO:colcon.colcon_core.shell:Creating package script '/home/seds/Desktop/TERRANCE/Terrance/install/cpp_stepper_controller/share/cpp_stepper_controller/package.sh'
[7.351s] INFO:colcon.colcon_core.shell:Creating package script '/home/seds/Desktop/TERRANCE/Terrance/install/cpp_stepper_controller/share/cpp_stepper_controller/package.bash'
[7.353s] INFO:colcon.colcon_core.shell:Creating package script '/home/seds/Desktop/TERRANCE/Terrance/install/cpp_stepper_controller/share/cpp_stepper_controller/package.zsh'
[7.355s] Level 1:colcon.colcon_core.environment:create_file_with_runtime_dependencies(/home/seds/Desktop/TERRANCE/Terrance/install/cpp_stepper_controller/share/colcon-core/packages/cpp_stepper_controller)
[7.357s] DEBUG:colcon.colcon_parallel_executor.executor.parallel:closing loop
[7.358s] DEBUG:colcon.colcon_parallel_executor.executor.parallel:loop closed
[7.359s] DEBUG:colcon.colcon_parallel_executor.executor.parallel:run_until_complete finished with '0'
[7.359s] DEBUG:colcon.colcon_core.event_reactor:joining thread
[7.392s] INFO:colcon.colcon_core.plugin_system:Skipping extension 'colcon_notification.desktop_notification.terminal_notifier': Not used on non-Darwin systems
[7.392s] INFO:colcon.colcon_core.plugin_system:Skipping extension 'colcon_notification.desktop_notification.win32': Not used on non-Windows systems
[7.393s] INFO:colcon.colcon_notification.desktop_notification:Sending desktop notification using 'notify2'
[7.457s] DEBUG:colcon.colcon_core.event_reactor:joined thread
[7.458s] INFO:colcon.colcon_core.shell:Creating prefix script '/home/seds/Desktop/TERRANCE/Terrance/install/local_setup.ps1'
[7.463s] INFO:colcon.colcon_core.shell:Creating prefix util module '/home/seds/Desktop/TERRANCE/Terrance/install/_local_setup_util_ps1.py'
[7.471s] INFO:colcon.colcon_core.shell:Creating prefix chain script '/home/seds/Desktop/TERRANCE/Terrance/install/setup.ps1'
[7.477s] INFO:colcon.colcon_core.shell:Creating prefix script '/home/seds/Desktop/TERRANCE/Terrance/install/local_setup.sh'
[7.481s] INFO:colcon.colcon_core.shell:Creating prefix util module '/home/seds/Desktop/TERRANCE/Terrance/install/_local_setup_util_sh.py'
[7.485s] INFO:colcon.colcon_core.shell:Creating prefix chain script '/home/seds/Desktop/TERRANCE/Terrance/install/setup.sh'
[7.491s] INFO:colcon.colcon_core.shell:Creating prefix script '/home/seds/Desktop/TERRANCE/Terrance/install/local_setup.bash'
[7.495s] INFO:colcon.colcon_core.shell:Creating prefix chain script '/home/seds/Desktop/TERRANCE/Terrance/install/setup.bash'
[7.501s] INFO:colcon.colcon_core.shell:Creating prefix script '/home/seds/Desktop/TERRANCE/Terrance/install/local_setup.zsh'
[7.504s] INFO:colcon.colcon_core.shell:Creating prefix chain script '/home/seds/Desktop/TERRANCE/Terrance/install/setup.zsh'
