[0.042s] Invoking command in '/home/seds/Desktop/TERRANCE/Terrance/build/cpp_stepper_controller': /usr/bin/cmake /home/seds/Desktop/TERRANCE/Terrance/src/cpp_stepper_controller -DCMAKE_INSTALL_PREFIX=/home/seds/Desktop/TERRANCE/Terrance/install/cpp_stepper_controller
[0.701s] -- The C compiler identification is GNU 11.4.0
[1.463s] -- The CXX compiler identification is GNU 11.4.0
[1.495s] -- Detecting C compiler ABI info
[1.817s] -- Detecting C compiler ABI info - done
[1.843s] -- Check for working C compiler: /usr/bin/cc - skipped
[1.846s] -- Detecting C compile features
[1.849s] -- Detecting C compile features - done
[1.862s] -- Detecting CXX compiler ABI info
[2.207s] -- Detecting CXX compiler ABI info - done
[2.235s] -- Check for working CXX compiler: /usr/bin/c++ - skipped
[2.236s] -- Detecting CXX compile features
[2.237s] -- Detecting CXX compile features - done
[2.389s] [31mCMake Error at CMakeLists.txt:12 (find_package):
[2.389s]   By not providing "Findament_cmake.cmake" in CMAKE_MODULE_PATH this project
[2.390s]   has asked CMake to find a package configuration file provided by
[2.390s]   "ament_cmake", but CMake did not find one.
[2.390s] 
[2.391s]   Could not find a package configuration file provided by "ament_cmake" with
[2.391s]   any of the following names:
[2.391s] 
[2.392s]     ament_cmakeConfig.cmake
[2.392s]     ament_cmake-config.cmake
[2.393s] 
[2.393s]   Add the installation prefix of "ament_cmake" to CMAKE_PREFIX_PATH or set
[2.393s]   "ament_cmake_DIR" to a directory containing one of the above files.  If
[2.394s]   "ament_cmake" provides a separate development package or SDK, be sure it
[2.395s]   has been installed.
[2.396s] 
[2.397s] [0m
[2.398s] -- Configuring incomplete, errors occurred!
[2.399s] See also "/home/seds/Desktop/TERRANCE/Terrance/build/cpp_stepper_controller/CMakeFiles/CMakeOutput.log".
[2.404s] Invoked command in '/home/seds/Desktop/TERRANCE/Terrance/build/cpp_stepper_controller' returned '1': /usr/bin/cmake /home/seds/Desktop/TERRANCE/Terrance/src/cpp_stepper_controller -DCMAKE_INSTALL_PREFIX=/home/seds/Desktop/TERRANCE/Terrance/install/cpp_stepper_controller
