[0.328s] Invoking command in '/home/colin/Terrance/src/py_publisher': PYTHONPATH=/home/colin/Terrance/build/py_publisher/prefix_override:/home/colin/Terrance/install/py_publisher/lib/python3.10/site-packages: /usr/bin/python3 -W ignore:setup.py install is deprecated setup.py egg_info --egg-base ../../build/py_publisher build --build-base /home/colin/Terrance/build/py_publisher/build install --record /home/colin/Terrance/build/py_publisher/install.log --single-version-externally-managed install_data
[0.448s] running egg_info
[0.448s] writing ../../build/py_publisher/py_publisher.egg-info/PKG-INFO
[0.448s] writing dependency_links to ../../build/py_publisher/py_publisher.egg-info/dependency_links.txt
[0.448s] writing entry points to ../../build/py_publisher/py_publisher.egg-info/entry_points.txt
[0.449s] writing requirements to ../../build/py_publisher/py_publisher.egg-info/requires.txt
[0.449s] writing top-level names to ../../build/py_publisher/py_publisher.egg-info/top_level.txt
[0.450s] reading manifest file '../../build/py_publisher/py_publisher.egg-info/SOURCES.txt'
[0.450s] adding license file 'LICENSE'
[0.451s] writing manifest file '../../build/py_publisher/py_publisher.egg-info/SOURCES.txt'
[0.451s] running build
[0.451s] running build_py
[0.451s] running install
[0.451s] running install_lib
[0.452s] running install_data
[0.452s] running install_egg_info
[0.454s] removing '/home/colin/Terrance/install/py_publisher/lib/python3.10/site-packages/py_publisher-0.0.0-py3.10.egg-info' (and everything under it)
[0.455s] Copying ../../build/py_publisher/py_publisher.egg-info to /home/colin/Terrance/install/py_publisher/lib/python3.10/site-packages/py_publisher-0.0.0-py3.10.egg-info
[0.455s] running install_scripts
[0.470s] Installing gamepad script to /home/colin/Terrance/install/py_publisher/lib/py_publisher
[0.470s] Installing listener script to /home/colin/Terrance/install/py_publisher/lib/py_publisher
[0.470s] Installing talker script to /home/colin/Terrance/install/py_publisher/lib/py_publisher
[0.470s] writing list of installed files to '/home/colin/Terrance/build/py_publisher/install.log'
[0.483s] Invoked command in '/home/colin/Terrance/src/py_publisher' returned '0': PYTHONPATH=/home/colin/Terrance/build/py_publisher/prefix_override:/home/colin/Terrance/install/py_publisher/lib/python3.10/site-packages: /usr/bin/python3 -W ignore:setup.py install is deprecated setup.py egg_info --egg-base ../../build/py_publisher build --build-base /home/colin/Terrance/build/py_publisher/build install --record /home/colin/Terrance/build/py_publisher/install.log --single-version-externally-managed install_data
