[0.059s] Invoking command in '/home/seds/Desktop/TERRANCE/Terrance/build/cpp_stepper_controller': CMAKE_PREFIX_PATH=${CMAKE_PREFIX_PATH}:/opt/ros/iron /usr/bin/cmake --build /home/seds/Desktop/TERRANCE/Terrance/build/cpp_stepper_controller -- -j4 -l4
[0.154s] -- Found ament_cmake: 2.0.4 (/opt/ros/iron/share/ament_cmake/cmake)
[0.818s] [31mCMake Error at CMakeLists.txt:15 (add_executable):
[0.818s]   add_executable cannot create target "cpp_stepper_controller" because
[0.819s]   another target with the same name already exists.  The existing target is
[0.819s]   an executable created in source directory
[0.819s]   "/home/seds/Desktop/TERRANCE/Terrance/src/cpp_stepper_controller".  See
[0.819s]   documentation for policy CMP0002 for more details.
[0.820s] 
[0.820s] [0m
[0.820s] -- Found ament_lint_auto: 0.14.3 (/opt/ros/iron/share/ament_lint_auto/cmake)
[1.137s] -- Added test 'cppcheck' to perform static code analysis on C / C++ code
[1.137s] -- Configured cppcheck include dirs: $<BUILD_INTERFACE:/home/seds/Desktop/TERRANCE/Terrance/src/cpp_stepper_controller/include>
[1.138s] -- Configured cppcheck exclude dirs and/or files: 
[1.141s] -- Added test 'lint_cmake' to check CMake code style
[1.151s] -- Added test 'uncrustify' to check C / C++ code style
[1.151s] -- Configured uncrustify additional arguments: 
[1.153s] -- Added test 'xmllint' to check XML markup files
[1.160s] -- Configuring incomplete, errors occurred!
[1.160s] See also "/home/seds/Desktop/TERRANCE/Terrance/build/cpp_stepper_controller/CMakeFiles/CMakeOutput.log".
[1.169s] gmake: *** [Makefile:267: cmake_check_build_system] Error 1
[1.175s] Invoked command in '/home/seds/Desktop/TERRANCE/Terrance/build/cpp_stepper_controller' returned '2': CMAKE_PREFIX_PATH=${CMAKE_PREFIX_PATH}:/opt/ros/iron /usr/bin/cmake --build /home/seds/Desktop/TERRANCE/Terrance/build/cpp_stepper_controller -- -j4 -l4
