[0.065s] Invoking command in '/home/seds/Desktop/TERRANCE/Terrance/build/cpp_stepper_controller': CMAKE_PREFIX_PATH=${CMAKE_PREFIX_PATH}:/opt/ros/iron /usr/bin/cmake --build /home/seds/Desktop/TERRANCE/Terrance/build/cpp_stepper_controller -- -j4 -l4
[0.170s] -- Found ament_cmake: 2.0.4 (/opt/ros/iron/share/ament_cmake/cmake)
[0.947s] -- Found ament_lint_auto: 0.14.3 (/opt/ros/iron/share/ament_lint_auto/cmake)
[1.309s] -- Added test 'cppcheck' to perform static code analysis on C / C++ code
[1.310s] -- Configured cppcheck include dirs: $<BUILD_INTERFACE:/home/seds/Desktop/TERRANCE/Terrance/src/cpp_stepper_controller/include>
[1.311s] -- Configured cppcheck exclude dirs and/or files: 
[1.315s] -- Added test 'lint_cmake' to check CMake code style
[1.325s] -- Added test 'uncrustify' to check C / C++ code style
[1.326s] -- Configured uncrustify additional arguments: 
[1.328s] -- Added test 'xmllint' to check XML markup files
[1.334s] -- Configuring done
[1.383s] -- Generating done
[1.390s] -- Build files have been written to: /home/seds/Desktop/TERRANCE/Terrance/build/cpp_stepper_controller
[1.491s] [35m[1mConsolidate compiler generated dependencies of target cpp_stepper_controller[0m
[1.549s] [ 50%] [32mBuilding CXX object CMakeFiles/cpp_stepper_controller.dir/src/cpp_stepper_controller.cpp.o[0m
[1.755s] [100%] [32m[1mLinking CXX executable cpp_stepper_controller[0m
[1.918s] /usr/bin/ld: CMakeFiles/cpp_stepper_controller.dir/src/cpp_stepper_controller.cpp.o: in function `main':
[1.919s] cpp_stepper_controller.cpp:(.text+0x34): undefined reference to `gpioInitialise'
[1.920s] /usr/bin/ld: cpp_stepper_controller.cpp:(.text+0x58): undefined reference to `StepperController::StepperController(int, float)'
[1.920s] /usr/bin/ld: cpp_stepper_controller.cpp:(.text+0x78): undefined reference to `StepperController::StepperController(int, float)'
[1.921s] /usr/bin/ld: cpp_stepper_controller.cpp:(.text+0x94): undefined reference to `StepperController::StepperController(int, float)'
[1.922s] /usr/bin/ld: cpp_stepper_controller.cpp:(.text+0xb0): undefined reference to `StepperController::StepperController(int, float)'
[1.922s] /usr/bin/ld: cpp_stepper_controller.cpp:(.text+0xcc): undefined reference to `StepperController::StepperController(int, float)'
[1.923s] /usr/bin/ld: cpp_stepper_controller.cpp:(.text+0xd8): undefined reference to `gpioTick'
[1.924s] /usr/bin/ld: cpp_stepper_controller.cpp:(.text+0xe8): undefined reference to `StepperController::updateActivation(unsigned int)'
[1.925s] /usr/bin/ld: cpp_stepper_controller.cpp:(.text+0xf8): undefined reference to `StepperController::updateActivation(unsigned int)'
[1.925s] /usr/bin/ld: cpp_stepper_controller.cpp:(.text+0x108): undefined reference to `StepperController::updateActivation(unsigned int)'
[1.926s] /usr/bin/ld: cpp_stepper_controller.cpp:(.text+0x118): undefined reference to `StepperController::updateActivation(unsigned int)'
[1.926s] /usr/bin/ld: cpp_stepper_controller.cpp:(.text+0x120): undefined reference to `gpioDelay'
[1.926s] /usr/bin/ld: cpp_stepper_controller.cpp:(.text+0x128): undefined reference to `StepperController::deactivate()'
[1.927s] /usr/bin/ld: cpp_stepper_controller.cpp:(.text+0x134): undefined reference to `StepperController::deactivate()'
[1.927s] /usr/bin/ld: cpp_stepper_controller.cpp:(.text+0x140): undefined reference to `StepperController::deactivate()'
[1.928s] /usr/bin/ld: cpp_stepper_controller.cpp:(.text+0x14c): undefined reference to `StepperController::deactivate()'
[1.928s] /usr/bin/ld: cpp_stepper_controller.cpp:(.text+0x154): undefined reference to `gpioDelay'
[1.929s] collect2: error: ld returned 1 exit status
[1.930s] gmake[2]: *** [CMakeFiles/cpp_stepper_controller.dir/build.make:97: cpp_stepper_controller] Error 1
[1.931s] gmake[1]: *** [CMakeFiles/Makefile2:137: CMakeFiles/cpp_stepper_controller.dir/all] Error 2
[1.932s] gmake: *** [Makefile:146: all] Error 2
[1.939s] Invoked command in '/home/seds/Desktop/TERRANCE/Terrance/build/cpp_stepper_controller' returned '2': CMAKE_PREFIX_PATH=${CMAKE_PREFIX_PATH}:/opt/ros/iron /usr/bin/cmake --build /home/seds/Desktop/TERRANCE/Terrance/build/cpp_stepper_controller -- -j4 -l4
