[3.346s] Invoking command in '/home/seds/Desktop/TERRANCE/Terrance/src/py_publisher': PYTHONPATH=/home/seds/Desktop/TERRANCE/Terrance/build/py_publisher/prefix_override:/home/seds/Desktop/TERRANCE/Terrance/install/py_publisher/lib/python3.10/site-packages:${PYTHONPATH} /usr/bin/python3 -W ignore:setup.py install is deprecated setup.py egg_info --egg-base ../../build/py_publisher build --build-base /home/seds/Desktop/TERRANCE/Terrance/build/py_publisher/build install --record /home/seds/Desktop/TERRANCE/Terrance/build/py_publisher/install.log --single-version-externally-managed install_data
[4.999s] running egg_info
[5.003s] writing ../../build/py_publisher/py_publisher.egg-info/PKG-INFO
[5.004s] writing dependency_links to ../../build/py_publisher/py_publisher.egg-info/dependency_links.txt
[5.006s] writing entry points to ../../build/py_publisher/py_publisher.egg-info/entry_points.txt
[5.007s] writing requirements to ../../build/py_publisher/py_publisher.egg-info/requires.txt
[5.008s] writing top-level names to ../../build/py_publisher/py_publisher.egg-info/top_level.txt
[5.018s] reading manifest file '../../build/py_publisher/py_publisher.egg-info/SOURCES.txt'
[5.020s] adding license file 'LICENSE'
[5.023s] writing manifest file '../../build/py_publisher/py_publisher.egg-info/SOURCES.txt'
[5.024s] running build
[5.025s] running build_py
[5.027s] running install
[5.029s] running install_lib
[5.036s] running install_data
[5.037s] running install_egg_info
[5.050s] removing '/home/seds/Desktop/TERRANCE/Terrance/install/py_publisher/lib/python3.10/site-packages/py_publisher-0.0.0-py3.10.egg-info' (and everything under it)
[5.052s] Copying ../../build/py_publisher/py_publisher.egg-info to /home/seds/Desktop/TERRANCE/Terrance/install/py_publisher/lib/python3.10/site-packages/py_publisher-0.0.0-py3.10.egg-info
[5.059s] running install_scripts
[5.155s] Installing gamepad script to /home/seds/Desktop/TERRANCE/Terrance/install/py_publisher/lib/py_publisher
[5.156s] Installing listener script to /home/seds/Desktop/TERRANCE/Terrance/install/py_publisher/lib/py_publisher
[5.158s] Installing talker script to /home/seds/Desktop/TERRANCE/Terrance/install/py_publisher/lib/py_publisher
[5.161s] writing list of installed files to '/home/seds/Desktop/TERRANCE/Terrance/build/py_publisher/install.log'
[5.310s] Invoked command in '/home/seds/Desktop/TERRANCE/Terrance/src/py_publisher' returned '0': PYTHONPATH=/home/seds/Desktop/TERRANCE/Terrance/build/py_publisher/prefix_override:/home/seds/Desktop/TERRANCE/Terrance/install/py_publisher/lib/python3.10/site-packages:${PYTHONPATH} /usr/bin/python3 -W ignore:setup.py install is deprecated setup.py egg_info --egg-base ../../build/py_publisher build --build-base /home/seds/Desktop/TERRANCE/Terrance/build/py_publisher/build install --record /home/seds/Desktop/TERRANCE/Terrance/build/py_publisher/install.log --single-version-externally-managed install_data
