[0.092s] DEBUG:colcon:Command line arguments: ['/usr/bin/colcon', 'build', '--packages-select', 'py_publisher']
[0.092s] DEBUG:colcon:Parsed command line arguments: Namespace(log_base=None, log_level=None, verb_name='build', build_base='build', install_base='install', merge_install=False, symlink_install=False, test_result_base=None, continue_on_error=False, executor='parallel', parallel_workers=20, event_handlers=None, ignore_user_meta=False, metas=['./colcon.meta'], base_paths=['.'], packages_ignore=None, packages_ignore_regex=None, paths=None, packages_up_to=None, packages_up_to_regex=None, packages_above=None, packages_above_and_dependencies=None, packages_above_depth=None, packages_select_by_dep=None, packages_skip_by_dep=None, packages_skip_up_to=None, packages_select_build_failed=False, packages_skip_build_finished=False, packages_select_test_failures=False, packages_skip_test_passed=False, packages_select=['py_publisher'], packages_skip=None, packages_select_regex=None, packages_skip_regex=None, packages_start=None, packages_end=None, allow_overriding=[], cmake_args=None, cmake_target=None, cmake_target_skip_unavailable=False, cmake_clean_cache=False, cmake_clean_first=False, cmake_force_configure=False, ament_cmake_args=None, catkin_cmake_args=None, catkin_skip_building_tests=False, verb_parser=<colcon_defaults.argument_parser.defaults.DefaultArgumentsDecorator object at 0x7f6744660880>, verb_extension=<colcon_core.verb.build.BuildVerb object at 0x7f674484dea0>, main=<bound method BuildVerb.main of <colcon_core.verb.build.BuildVerb object at 0x7f674484dea0>>)
[0.170s] Level 1:colcon.colcon_core.package_discovery:discover_packages(colcon_meta) check parameters
[0.170s] Level 1:colcon.colcon_core.package_discovery:discover_packages(recursive) check parameters
[0.170s] Level 1:colcon.colcon_core.package_discovery:discover_packages(ignore) check parameters
[0.170s] Level 1:colcon.colcon_core.package_discovery:discover_packages(path) check parameters
[0.170s] Level 1:colcon.colcon_core.package_discovery:discover_packages(colcon_meta) discover
[0.170s] Level 1:colcon.colcon_core.package_discovery:discover_packages(recursive) discover
[0.170s] INFO:colcon.colcon_core.package_discovery:Crawling recursively for packages in '/root/Terrance'
[0.170s] Level 1:colcon.colcon_core.package_identification:_identify(.) by extensions ['ignore', 'ignore_ament_install']
[0.170s] Level 1:colcon.colcon_core.package_identification:_identify(.) by extension 'ignore'
[0.170s] Level 1:colcon.colcon_core.package_identification:_identify(.) by extension 'ignore_ament_install'
[0.170s] Level 1:colcon.colcon_core.package_identification:_identify(.) by extensions ['colcon_pkg']
[0.170s] Level 1:colcon.colcon_core.package_identification:_identify(.) by extension 'colcon_pkg'
[0.170s] Level 1:colcon.colcon_core.package_identification:_identify(.) by extensions ['colcon_meta']
[0.170s] Level 1:colcon.colcon_core.package_identification:_identify(.) by extension 'colcon_meta'
[0.170s] Level 1:colcon.colcon_core.package_identification:_identify(.) by extensions ['ros']
[0.170s] Level 1:colcon.colcon_core.package_identification:_identify(.) by extension 'ros'
[0.177s] Level 1:colcon.colcon_core.package_identification:_identify(.) by extensions ['cmake', 'python']
[0.177s] Level 1:colcon.colcon_core.package_identification:_identify(.) by extension 'cmake'
[0.177s] Level 1:colcon.colcon_core.package_identification:_identify(.) by extension 'python'
[0.177s] Level 1:colcon.colcon_core.package_identification:_identify(.) by extensions ['python_setup_py']
[0.177s] Level 1:colcon.colcon_core.package_identification:_identify(.) by extension 'python_setup_py'
[0.177s] Level 1:colcon.colcon_core.package_identification:_identify(build) by extensions ['ignore', 'ignore_ament_install']
[0.177s] Level 1:colcon.colcon_core.package_identification:_identify(build) by extension 'ignore'
[0.177s] Level 1:colcon.colcon_core.package_identification:_identify(build) ignored
[0.177s] Level 1:colcon.colcon_core.package_identification:_identify(inc) by extensions ['ignore', 'ignore_ament_install']
[0.177s] Level 1:colcon.colcon_core.package_identification:_identify(inc) by extension 'ignore'
[0.177s] Level 1:colcon.colcon_core.package_identification:_identify(inc) by extension 'ignore_ament_install'
[0.177s] Level 1:colcon.colcon_core.package_identification:_identify(inc) by extensions ['colcon_pkg']
[0.178s] Level 1:colcon.colcon_core.package_identification:_identify(inc) by extension 'colcon_pkg'
[0.178s] Level 1:colcon.colcon_core.package_identification:_identify(inc) by extensions ['colcon_meta']
[0.178s] Level 1:colcon.colcon_core.package_identification:_identify(inc) by extension 'colcon_meta'
[0.178s] Level 1:colcon.colcon_core.package_identification:_identify(inc) by extensions ['ros']
[0.178s] Level 1:colcon.colcon_core.package_identification:_identify(inc) by extension 'ros'
[0.178s] Level 1:colcon.colcon_core.package_identification:_identify(inc) by extensions ['cmake', 'python']
[0.178s] Level 1:colcon.colcon_core.package_identification:_identify(inc) by extension 'cmake'
[0.178s] Level 1:colcon.colcon_core.package_identification:_identify(inc) by extension 'python'
[0.178s] Level 1:colcon.colcon_core.package_identification:_identify(inc) by extensions ['python_setup_py']
[0.178s] Level 1:colcon.colcon_core.package_identification:_identify(inc) by extension 'python_setup_py'
[0.178s] Level 1:colcon.colcon_core.package_identification:_identify(install) by extensions ['ignore', 'ignore_ament_install']
[0.178s] Level 1:colcon.colcon_core.package_identification:_identify(install) by extension 'ignore'
[0.178s] Level 1:colcon.colcon_core.package_identification:_identify(install) ignored
[0.178s] Level 1:colcon.colcon_core.package_identification:_identify(log) by extensions ['ignore', 'ignore_ament_install']
[0.178s] Level 1:colcon.colcon_core.package_identification:_identify(log) by extension 'ignore'
[0.178s] Level 1:colcon.colcon_core.package_identification:_identify(log) ignored
[0.178s] Level 1:colcon.colcon_core.package_identification:_identify(src) by extensions ['ignore', 'ignore_ament_install']
[0.178s] Level 1:colcon.colcon_core.package_identification:_identify(src) by extension 'ignore'
[0.178s] Level 1:colcon.colcon_core.package_identification:_identify(src) by extension 'ignore_ament_install'
[0.178s] Level 1:colcon.colcon_core.package_identification:_identify(src) by extensions ['colcon_pkg']
[0.178s] Level 1:colcon.colcon_core.package_identification:_identify(src) by extension 'colcon_pkg'
[0.178s] Level 1:colcon.colcon_core.package_identification:_identify(src) by extensions ['colcon_meta']
[0.178s] Level 1:colcon.colcon_core.package_identification:_identify(src) by extension 'colcon_meta'
[0.178s] Level 1:colcon.colcon_core.package_identification:_identify(src) by extensions ['ros']
[0.178s] Level 1:colcon.colcon_core.package_identification:_identify(src) by extension 'ros'
[0.178s] Level 1:colcon.colcon_core.package_identification:_identify(src) by extensions ['cmake', 'python']
[0.178s] Level 1:colcon.colcon_core.package_identification:_identify(src) by extension 'cmake'
[0.178s] Level 1:colcon.colcon_core.package_identification:_identify(src) by extension 'python'
[0.178s] Level 1:colcon.colcon_core.package_identification:_identify(src) by extensions ['python_setup_py']
[0.178s] Level 1:colcon.colcon_core.package_identification:_identify(src) by extension 'python_setup_py'
[0.178s] Level 1:colcon.colcon_core.package_identification:_identify(src/build) by extensions ['ignore', 'ignore_ament_install']
[0.178s] Level 1:colcon.colcon_core.package_identification:_identify(src/build) by extension 'ignore'
[0.178s] Level 1:colcon.colcon_core.package_identification:_identify(src/build) ignored
[0.178s] Level 1:colcon.colcon_core.package_identification:_identify(src/cpp_StepperController) by extensions ['ignore', 'ignore_ament_install']
[0.178s] Level 1:colcon.colcon_core.package_identification:_identify(src/cpp_StepperController) by extension 'ignore'
[0.179s] Level 1:colcon.colcon_core.package_identification:_identify(src/cpp_StepperController) by extension 'ignore_ament_install'
[0.179s] Level 1:colcon.colcon_core.package_identification:_identify(src/cpp_StepperController) by extensions ['colcon_pkg']
[0.179s] Level 1:colcon.colcon_core.package_identification:_identify(src/cpp_StepperController) by extension 'colcon_pkg'
[0.179s] Level 1:colcon.colcon_core.package_identification:_identify(src/cpp_StepperController) by extensions ['colcon_meta']
[0.179s] Level 1:colcon.colcon_core.package_identification:_identify(src/cpp_StepperController) by extension 'colcon_meta'
[0.179s] Level 1:colcon.colcon_core.package_identification:_identify(src/cpp_StepperController) by extensions ['ros']
[0.179s] Level 1:colcon.colcon_core.package_identification:_identify(src/cpp_StepperController) by extension 'ros'
[0.179s] Level 1:colcon.colcon_core.package_identification:_identify(src/cpp_StepperController) by extensions ['cmake', 'python']
[0.179s] Level 1:colcon.colcon_core.package_identification:_identify(src/cpp_StepperController) by extension 'cmake'
[0.179s] Level 1:colcon.colcon_core.package_identification:_identify(src/cpp_StepperController) by extension 'python'
[0.179s] Level 1:colcon.colcon_core.package_identification:_identify(src/cpp_StepperController) by extensions ['python_setup_py']
[0.179s] Level 1:colcon.colcon_core.package_identification:_identify(src/cpp_StepperController) by extension 'python_setup_py'
[0.179s] Level 1:colcon.colcon_core.package_identification:_identify(src/cpp_StepperController/include) by extensions ['ignore', 'ignore_ament_install']
[0.179s] Level 1:colcon.colcon_core.package_identification:_identify(src/cpp_StepperController/include) by extension 'ignore'
[0.179s] Level 1:colcon.colcon_core.package_identification:_identify(src/cpp_StepperController/include) by extension 'ignore_ament_install'
[0.179s] Level 1:colcon.colcon_core.package_identification:_identify(src/cpp_StepperController/include) by extensions ['colcon_pkg']
[0.179s] Level 1:colcon.colcon_core.package_identification:_identify(src/cpp_StepperController/include) by extension 'colcon_pkg'
[0.179s] Level 1:colcon.colcon_core.package_identification:_identify(src/cpp_StepperController/include) by extensions ['colcon_meta']
[0.179s] Level 1:colcon.colcon_core.package_identification:_identify(src/cpp_StepperController/include) by extension 'colcon_meta'
[0.179s] Level 1:colcon.colcon_core.package_identification:_identify(src/cpp_StepperController/include) by extensions ['ros']
[0.179s] Level 1:colcon.colcon_core.package_identification:_identify(src/cpp_StepperController/include) by extension 'ros'
[0.179s] Level 1:colcon.colcon_core.package_identification:_identify(src/cpp_StepperController/include) by extensions ['cmake', 'python']
[0.179s] Level 1:colcon.colcon_core.package_identification:_identify(src/cpp_StepperController/include) by extension 'cmake'
[0.179s] Level 1:colcon.colcon_core.package_identification:_identify(src/cpp_StepperController/include) by extension 'python'
[0.179s] Level 1:colcon.colcon_core.package_identification:_identify(src/cpp_StepperController/include) by extensions ['python_setup_py']
[0.179s] Level 1:colcon.colcon_core.package_identification:_identify(src/cpp_StepperController/include) by extension 'python_setup_py'
[0.179s] Level 1:colcon.colcon_core.package_identification:_identify(src/cpp_StepperController/include/cpp_StepperController) by extensions ['ignore', 'ignore_ament_install']
[0.180s] Level 1:colcon.colcon_core.package_identification:_identify(src/cpp_StepperController/include/cpp_StepperController) by extension 'ignore'
[0.180s] Level 1:colcon.colcon_core.package_identification:_identify(src/cpp_StepperController/include/cpp_StepperController) by extension 'ignore_ament_install'
[0.180s] Level 1:colcon.colcon_core.package_identification:_identify(src/cpp_StepperController/include/cpp_StepperController) by extensions ['colcon_pkg']
[0.180s] Level 1:colcon.colcon_core.package_identification:_identify(src/cpp_StepperController/include/cpp_StepperController) by extension 'colcon_pkg'
[0.180s] Level 1:colcon.colcon_core.package_identification:_identify(src/cpp_StepperController/include/cpp_StepperController) by extensions ['colcon_meta']
[0.180s] Level 1:colcon.colcon_core.package_identification:_identify(src/cpp_StepperController/include/cpp_StepperController) by extension 'colcon_meta'
[0.180s] Level 1:colcon.colcon_core.package_identification:_identify(src/cpp_StepperController/include/cpp_StepperController) by extensions ['ros']
[0.180s] Level 1:colcon.colcon_core.package_identification:_identify(src/cpp_StepperController/include/cpp_StepperController) by extension 'ros'
[0.180s] Level 1:colcon.colcon_core.package_identification:_identify(src/cpp_StepperController/include/cpp_StepperController) by extensions ['cmake', 'python']
[0.180s] Level 1:colcon.colcon_core.package_identification:_identify(src/cpp_StepperController/include/cpp_StepperController) by extension 'cmake'
[0.180s] Level 1:colcon.colcon_core.package_identification:_identify(src/cpp_StepperController/include/cpp_StepperController) by extension 'python'
[0.180s] Level 1:colcon.colcon_core.package_identification:_identify(src/cpp_StepperController/include/cpp_StepperController) by extensions ['python_setup_py']
[0.180s] Level 1:colcon.colcon_core.package_identification:_identify(src/cpp_StepperController/include/cpp_StepperController) by extension 'python_setup_py'
[0.180s] Level 1:colcon.colcon_core.package_identification:_identify(src/cpp_stepper_controller) by extensions ['ignore', 'ignore_ament_install']
[0.180s] Level 1:colcon.colcon_core.package_identification:_identify(src/cpp_stepper_controller) by extension 'ignore'
[0.180s] Level 1:colcon.colcon_core.package_identification:_identify(src/cpp_stepper_controller) by extension 'ignore_ament_install'
[0.180s] Level 1:colcon.colcon_core.package_identification:_identify(src/cpp_stepper_controller) by extensions ['colcon_pkg']
[0.180s] Level 1:colcon.colcon_core.package_identification:_identify(src/cpp_stepper_controller) by extension 'colcon_pkg'
[0.180s] Level 1:colcon.colcon_core.package_identification:_identify(src/cpp_stepper_controller) by extensions ['colcon_meta']
[0.180s] Level 1:colcon.colcon_core.package_identification:_identify(src/cpp_stepper_controller) by extension 'colcon_meta'
[0.180s] Level 1:colcon.colcon_core.package_identification:_identify(src/cpp_stepper_controller) by extensions ['ros']
[0.180s] Level 1:colcon.colcon_core.package_identification:_identify(src/cpp_stepper_controller) by extension 'ros'
[0.182s] DEBUG:colcon.colcon_core.package_identification:Package 'src/cpp_stepper_controller' with type 'ros.ament_cmake' and name 'cpp_stepper_controller'
[0.182s] Level 1:colcon.colcon_core.package_identification:_identify(src/install) by extensions ['ignore', 'ignore_ament_install']
[0.182s] Level 1:colcon.colcon_core.package_identification:_identify(src/install) by extension 'ignore'
[0.182s] Level 1:colcon.colcon_core.package_identification:_identify(src/install) ignored
[0.182s] Level 1:colcon.colcon_core.package_identification:_identify(src/log) by extensions ['ignore', 'ignore_ament_install']
[0.182s] Level 1:colcon.colcon_core.package_identification:_identify(src/log) by extension 'ignore'
[0.182s] Level 1:colcon.colcon_core.package_identification:_identify(src/log) ignored
[0.182s] Level 1:colcon.colcon_core.package_identification:_identify(src/py_publisher) by extensions ['ignore', 'ignore_ament_install']
[0.182s] Level 1:colcon.colcon_core.package_identification:_identify(src/py_publisher) by extension 'ignore'
[0.182s] Level 1:colcon.colcon_core.package_identification:_identify(src/py_publisher) by extension 'ignore_ament_install'
[0.182s] Level 1:colcon.colcon_core.package_identification:_identify(src/py_publisher) by extensions ['colcon_pkg']
[0.182s] Level 1:colcon.colcon_core.package_identification:_identify(src/py_publisher) by extension 'colcon_pkg'
[0.182s] Level 1:colcon.colcon_core.package_identification:_identify(src/py_publisher) by extensions ['colcon_meta']
[0.182s] Level 1:colcon.colcon_core.package_identification:_identify(src/py_publisher) by extension 'colcon_meta'
[0.182s] Level 1:colcon.colcon_core.package_identification:_identify(src/py_publisher) by extensions ['ros']
[0.182s] Level 1:colcon.colcon_core.package_identification:_identify(src/py_publisher) by extension 'ros'
[0.183s] DEBUG:colcon.colcon_core.package_identification:Package 'src/py_publisher' with type 'ros.ament_python' and name 'py_publisher'
[0.183s] Level 1:colcon.colcon_core.package_identification:_identify(windows) by extensions ['ignore', 'ignore_ament_install']
[0.183s] Level 1:colcon.colcon_core.package_identification:_identify(windows) by extension 'ignore'
[0.183s] Level 1:colcon.colcon_core.package_identification:_identify(windows) by extension 'ignore_ament_install'
[0.183s] Level 1:colcon.colcon_core.package_identification:_identify(windows) by extensions ['colcon_pkg']
[0.183s] Level 1:colcon.colcon_core.package_identification:_identify(windows) by extension 'colcon_pkg'
[0.183s] Level 1:colcon.colcon_core.package_identification:_identify(windows) by extensions ['colcon_meta']
[0.183s] Level 1:colcon.colcon_core.package_identification:_identify(windows) by extension 'colcon_meta'
[0.183s] Level 1:colcon.colcon_core.package_identification:_identify(windows) by extensions ['ros']
[0.183s] Level 1:colcon.colcon_core.package_identification:_identify(windows) by extension 'ros'
[0.183s] Level 1:colcon.colcon_core.package_identification:_identify(windows) by extensions ['cmake', 'python']
[0.183s] Level 1:colcon.colcon_core.package_identification:_identify(windows) by extension 'cmake'
[0.183s] Level 1:colcon.colcon_core.package_identification:_identify(windows) by extension 'python'
[0.183s] Level 1:colcon.colcon_core.package_identification:_identify(windows) by extensions ['python_setup_py']
[0.183s] Level 1:colcon.colcon_core.package_identification:_identify(windows) by extension 'python_setup_py'
[0.183s] Level 1:colcon.colcon_core.package_discovery:discover_packages(recursive) using defaults
[0.183s] Level 1:colcon.colcon_core.package_discovery:discover_packages(ignore) discover
[0.183s] Level 1:colcon.colcon_core.package_discovery:discover_packages(ignore) using defaults
[0.183s] Level 1:colcon.colcon_core.package_discovery:discover_packages(path) discover
[0.183s] Level 1:colcon.colcon_core.package_discovery:discover_packages(path) using defaults
[0.194s] INFO:colcon.colcon_core.package_selection:Skipping not selected package 'cpp_stepper_controller' in 'src/cpp_stepper_controller'
[0.194s] Level 1:colcon.colcon_core.package_discovery:discover_packages(prefix_path) check parameters
[0.195s] Level 1:colcon.colcon_core.package_discovery:discover_packages(prefix_path) discover
[0.201s] DEBUG:colcon.colcon_installed_package_information.package_discovery:Found 3 installed packages in /root/Terrance/install
[0.201s] DEBUG:colcon.colcon_installed_package_information.package_discovery:Found 281 installed packages in /opt/ros/iron
[0.202s] Level 1:colcon.colcon_core.package_discovery:discover_packages(prefix_path) using defaults
[0.222s] Level 5:colcon.colcon_core.verb:set package 'py_publisher' build argument 'cmake_args' from command line to 'None'
[0.222s] Level 5:colcon.colcon_core.verb:set package 'py_publisher' build argument 'cmake_target' from command line to 'None'
[0.222s] Level 5:colcon.colcon_core.verb:set package 'py_publisher' build argument 'cmake_target_skip_unavailable' from command line to 'False'
[0.222s] Level 5:colcon.colcon_core.verb:set package 'py_publisher' build argument 'cmake_clean_cache' from command line to 'False'
[0.222s] Level 5:colcon.colcon_core.verb:set package 'py_publisher' build argument 'cmake_clean_first' from command line to 'False'
[0.222s] Level 5:colcon.colcon_core.verb:set package 'py_publisher' build argument 'cmake_force_configure' from command line to 'False'
[0.222s] Level 5:colcon.colcon_core.verb:set package 'py_publisher' build argument 'ament_cmake_args' from command line to 'None'
[0.222s] Level 5:colcon.colcon_core.verb:set package 'py_publisher' build argument 'catkin_cmake_args' from command line to 'None'
[0.222s] Level 5:colcon.colcon_core.verb:set package 'py_publisher' build argument 'catkin_skip_building_tests' from command line to 'False'
[0.222s] DEBUG:colcon.colcon_core.verb:Building package 'py_publisher' with the following arguments: {'ament_cmake_args': None, 'build_base': '/root/Terrance/build/py_publisher', 'catkin_cmake_args': None, 'catkin_skip_building_tests': False, 'cmake_args': None, 'cmake_clean_cache': False, 'cmake_clean_first': False, 'cmake_force_configure': False, 'cmake_target': None, 'cmake_target_skip_unavailable': False, 'install_base': '/root/Terrance/install/py_publisher', 'merge_install': False, 'path': '/root/Terrance/src/py_publisher', 'symlink_install': False, 'test_result_base': None}
[0.222s] INFO:colcon.colcon_core.executor:Executing jobs using 'parallel' executor
[0.222s] DEBUG:colcon.colcon_parallel_executor.executor.parallel:run_until_complete
[0.223s] INFO:colcon.colcon_ros.task.ament_python.build:Building ROS package in '/root/Terrance/src/py_publisher' with build type 'ament_python'
[0.223s] Level 1:colcon.colcon_core.shell:create_environment_hook('py_publisher', 'ament_prefix_path')
[0.224s] INFO:colcon.colcon_core.plugin_system:Skipping extension 'colcon_core.shell.bat': Not used on non-Windows systems
[0.224s] INFO:colcon.colcon_core.shell:Creating environment hook '/root/Terrance/install/py_publisher/share/py_publisher/hook/ament_prefix_path.ps1'
[0.225s] INFO:colcon.colcon_core.shell:Creating environment descriptor '/root/Terrance/install/py_publisher/share/py_publisher/hook/ament_prefix_path.dsv'
[0.225s] INFO:colcon.colcon_core.shell:Creating environment hook '/root/Terrance/install/py_publisher/share/py_publisher/hook/ament_prefix_path.sh'
[0.225s] INFO:colcon.colcon_core.shell:Skip shell extension 'powershell' for command environment: Not usable outside of PowerShell
[0.225s] DEBUG:colcon.colcon_core.shell:Skip shell extension 'dsv' for command environment
[0.352s] INFO:colcon.colcon_core.task.python.build:Building Python package in '/root/Terrance/src/py_publisher'
[0.352s] INFO:colcon.colcon_core.shell:Skip shell extension 'powershell' for command environment: Not usable outside of PowerShell
[0.352s] DEBUG:colcon.colcon_core.shell:Skip shell extension 'dsv' for command environment
[0.531s] DEBUG:colcon.colcon_core.event_handler.log_command:Invoking command in '/root/Terrance/src/py_publisher': PYTHONPATH=/root/Terrance/build/py_publisher/prefix_override:/root/Terrance/install/py_publisher/lib/python3.10/site-packages:${PYTHONPATH} /usr/bin/python3 -W ignore:setup.py install is deprecated setup.py egg_info --egg-base ../../build/py_publisher build --build-base /root/Terrance/build/py_publisher/build install --record /root/Terrance/build/py_publisher/install.log --single-version-externally-managed install_data
[0.680s] DEBUG:colcon.colcon_core.event_handler.log_command:Invoked command in '/root/Terrance/src/py_publisher' returned '0': PYTHONPATH=/root/Terrance/build/py_publisher/prefix_override:/root/Terrance/install/py_publisher/lib/python3.10/site-packages:${PYTHONPATH} /usr/bin/python3 -W ignore:setup.py install is deprecated setup.py egg_info --egg-base ../../build/py_publisher build --build-base /root/Terrance/build/py_publisher/build install --record /root/Terrance/build/py_publisher/install.log --single-version-externally-managed install_data
[0.681s] Level 1:colcon.colcon_core.environment:checking '/root/Terrance/install/py_publisher' for CMake module files
[0.681s] Level 1:colcon.colcon_core.environment:checking '/root/Terrance/install/py_publisher' for CMake config files
[0.682s] Level 1:colcon.colcon_core.environment:checking '/root/Terrance/install/py_publisher/lib'
[0.682s] Level 1:colcon.colcon_core.environment:checking '/root/Terrance/install/py_publisher/bin'
[0.682s] Level 1:colcon.colcon_core.environment:checking '/root/Terrance/install/py_publisher/lib/pkgconfig/py_publisher.pc'
[0.682s] Level 1:colcon.colcon_core.environment:checking '/root/Terrance/install/py_publisher/lib/python3.10/site-packages'
[0.682s] Level 1:colcon.colcon_core.shell:create_environment_hook('py_publisher', 'pythonpath')
[0.682s] INFO:colcon.colcon_core.shell:Creating environment hook '/root/Terrance/install/py_publisher/share/py_publisher/hook/pythonpath.ps1'
[0.682s] INFO:colcon.colcon_core.shell:Creating environment descriptor '/root/Terrance/install/py_publisher/share/py_publisher/hook/pythonpath.dsv'
[0.682s] INFO:colcon.colcon_core.shell:Creating environment hook '/root/Terrance/install/py_publisher/share/py_publisher/hook/pythonpath.sh'
[0.683s] Level 1:colcon.colcon_core.environment:checking '/root/Terrance/install/py_publisher/bin'
[0.683s] Level 1:colcon.colcon_core.environment:create_environment_scripts_only(py_publisher)
[0.683s] INFO:colcon.colcon_core.shell:Creating package script '/root/Terrance/install/py_publisher/share/py_publisher/package.ps1'
[0.683s] INFO:colcon.colcon_core.shell:Creating package descriptor '/root/Terrance/install/py_publisher/share/py_publisher/package.dsv'
[0.684s] INFO:colcon.colcon_core.shell:Creating package script '/root/Terrance/install/py_publisher/share/py_publisher/package.sh'
[0.684s] INFO:colcon.colcon_core.shell:Creating package script '/root/Terrance/install/py_publisher/share/py_publisher/package.bash'
[0.684s] INFO:colcon.colcon_core.shell:Creating package script '/root/Terrance/install/py_publisher/share/py_publisher/package.zsh'
[0.684s] Level 1:colcon.colcon_core.environment:create_file_with_runtime_dependencies(/root/Terrance/install/py_publisher/share/colcon-core/packages/py_publisher)
[0.685s] DEBUG:colcon.colcon_parallel_executor.executor.parallel:closing loop
[0.685s] DEBUG:colcon.colcon_parallel_executor.executor.parallel:loop closed
[0.685s] DEBUG:colcon.colcon_parallel_executor.executor.parallel:run_until_complete finished with '0'
[0.685s] DEBUG:colcon.colcon_core.event_reactor:joining thread
[0.710s] INFO:colcon.colcon_core.plugin_system:Skipping extension 'colcon_notification.desktop_notification.notify_send': Could not find 'notify-send'
[0.710s] INFO:colcon.colcon_core.plugin_system:Skipping extension 'colcon_notification.desktop_notification.terminal_notifier': Not used on non-Darwin systems
[0.710s] INFO:colcon.colcon_core.plugin_system:Skipping extension 'colcon_notification.desktop_notification.win32': Not used on non-Windows systems
[0.710s] INFO:colcon.colcon_notification.desktop_notification:Sending desktop notification using 'notify2'
[0.712s] DEBUG:colcon.colcon_notification.desktop_notification.notify2:Failed to initialize notify2: org.freedesktop.DBus.Error.ServiceUnknown: The name org.freedesktop.Notifications was not provided by any .service files
[0.712s] DEBUG:colcon.colcon_core.event_reactor:joined thread
[0.713s] INFO:colcon.colcon_core.shell:Creating prefix script '/root/Terrance/install/local_setup.ps1'
[0.713s] INFO:colcon.colcon_core.shell:Creating prefix util module '/root/Terrance/install/_local_setup_util_ps1.py'
[0.714s] INFO:colcon.colcon_core.shell:Creating prefix chain script '/root/Terrance/install/setup.ps1'
[0.715s] INFO:colcon.colcon_core.shell:Creating prefix script '/root/Terrance/install/local_setup.sh'
[0.715s] INFO:colcon.colcon_core.shell:Creating prefix util module '/root/Terrance/install/_local_setup_util_sh.py'
[0.715s] INFO:colcon.colcon_core.shell:Creating prefix chain script '/root/Terrance/install/setup.sh'
[0.716s] INFO:colcon.colcon_core.shell:Creating prefix script '/root/Terrance/install/local_setup.bash'
[0.716s] INFO:colcon.colcon_core.shell:Creating prefix chain script '/root/Terrance/install/setup.bash'
[0.716s] INFO:colcon.colcon_core.shell:Creating prefix script '/root/Terrance/install/local_setup.zsh'
[0.717s] INFO:colcon.colcon_core.shell:Creating prefix chain script '/root/Terrance/install/setup.zsh'
