[0.052s] Invoking command in '/home/seds/Desktop/TERRANCE/Terrance/build/cpp_stepper_controller': /usr/bin/cmake /home/seds/Desktop/TERRANCE/Terrance/src/cpp_stepper_controller -DCMAKE_INSTALL_PREFIX=/home/seds/Desktop/TERRANCE/Terrance/install/cpp_stepper_controller
[0.307s] -- The C compiler identification is GNU 11.4.0
[0.567s] -- The CXX compiler identification is GNU 11.4.0
[0.595s] -- Detecting C compiler ABI info
[0.890s] -- Detecting C compiler ABI info - done
[0.916s] -- Check for working C compiler: /usr/bin/cc - skipped
[0.917s] -- Detecting C compile features
[0.918s] -- Detecting C compile features - done
[0.931s] -- Detecting CXX compiler ABI info
[1.307s] -- Detecting CXX compiler ABI info - done
[1.335s] -- Check for working CXX compiler: /usr/bin/c++ - skipped
[1.336s] -- Detecting CXX compile features
[1.338s] -- Detecting CXX compile features - done
[1.495s] [31mCMake Error at CMakeLists.txt:13 (find_package):
[1.495s]   By not providing "Findrclcpp.cmake" in CMAKE_MODULE_PATH this project has
[1.496s]   asked CMake to find a package configuration file provided by "rclcpp", but
[1.496s]   CMake did not find one.
[1.497s] 
[1.498s]   Could not find a package configuration file provided by "rclcpp" with any
[1.498s]   of the following names:
[1.499s] 
[1.500s]     rclcppConfig.cmake
[1.501s]     rclcpp-config.cmake
[1.502s] 
[1.503s]   Add the installation prefix of "rclcpp" to CMAKE_PREFIX_PATH or set
[1.505s]   "rclcpp_DIR" to a directory containing one of the above files.  If "rclcpp"
[1.505s]   provides a separate development package or SDK, be sure it has been
[1.506s]   installed.
[1.506s] 
[1.508s] [0m
[1.508s] -- Configuring incomplete, errors occurred!
[1.509s] See also "/home/seds/Desktop/TERRANCE/Terrance/build/cpp_stepper_controller/CMakeFiles/CMakeOutput.log".
[1.512s] Invoked command in '/home/seds/Desktop/TERRANCE/Terrance/build/cpp_stepper_controller' returned '1': /usr/bin/cmake /home/seds/Desktop/TERRANCE/Terrance/src/cpp_stepper_controller -DCMAKE_INSTALL_PREFIX=/home/seds/Desktop/TERRANCE/Terrance/install/cpp_stepper_controller
