-- Found ament_cmake: 2.0.5 (/opt/ros/iron/share/ament_cmake/cmake)
[31mCMake Error at /opt/ros/iron/share/ament_cmake_core/cmake/core/stamp.cmake:24 (configure_file):
  Operation not permitted
Call Stack (most recent call first):
  /opt/ros/iron/share/ament_cmake_core/cmake/ament_cmake_package_templates-extras.cmake:24 (stamp)
  /opt/ros/iron/share/ament_cmake_core/cmake/ament_cmake_coreConfig.cmake:41 (include)
  /opt/ros/iron/share/ament_cmake/cmake/ament_cmake_export_dependencies-extras.cmake:15 (find_package)
  /opt/ros/iron/share/ament_cmake/cmake/ament_cmakeConfig.cmake:41 (include)
  CMakeLists.txt:12 (find_package)

[0m
[31mCMake Error at /opt/ros/iron/share/ament_cmake_core/cmake/ament_cmake_uninstall_target-extras.cmake:28 (configure_file):
  Operation not permitted
Call Stack (most recent call first):
  /opt/ros/iron/share/ament_cmake_core/cmake/ament_cmake_coreConfig.cmake:41 (include)
  /opt/ros/iron/share/ament_cmake/cmake/ament_cmake_export_dependencies-extras.cmake:15 (find_package)
  /opt/ros/iron/share/ament_cmake/cmake/ament_cmakeConfig.cmake:41 (include)
  CMakeLists.txt:12 (find_package)

[0m
[31mCMake Error at /opt/ros/iron/share/ament_cmake_test/cmake/ament_cmake_test-extras.cmake:34 (configure_file):
  Operation not permitted
Call Stack (most recent call first):
  /opt/ros/iron/share/ament_cmake_test/cmake/ament_cmake_testConfig.cmake:41 (include)
  /opt/ros/iron/share/ament_cmake/cmake/ament_cmake_export_dependencies-extras.cmake:21 (find_package)
  /opt/ros/iron/share/ament_cmake/cmake/ament_cmakeConfig.cmake:41 (include)
  CMakeLists.txt:12 (find_package)

[0m
-- Found rclcpp: 21.0.6 (/opt/ros/iron/share/rclcpp/cmake)
-- Found rosidl_generator_c: 4.0.1 (/opt/ros/iron/share/rosidl_generator_c/cmake)
-- Found rosidl_generator_cpp: 4.0.1 (/opt/ros/iron/share/rosidl_generator_cpp/cmake)
-- Using all available rosidl_typesupport_c: rosidl_typesupport_fastrtps_c;rosidl_typesupport_introspection_c
-- Using all available rosidl_typesupport_cpp: rosidl_typesupport_fastrtps_cpp;rosidl_typesupport_introspection_cpp
-- Found rmw_implementation_cmake: 7.1.0 (/opt/ros/iron/share/rmw_implementation_cmake/cmake)
-- Found rmw_fastrtps_cpp: 7.1.3 (/opt/ros/iron/share/rmw_fastrtps_cpp/cmake)
-- Using RMW implementation 'rmw_fastrtps_cpp' as default
-- Found rclcpp_components: 21.0.6 (/opt/ros/iron/share/rclcpp_components/cmake)
-- Found std_msgs: 5.0.0 (/opt/ros/iron/share/std_msgs/cmake)
-- Found ament_lint_auto: 0.14.3 (/opt/ros/iron/share/ament_lint_auto/cmake)
[31mCMake Error at /opt/ros/iron/share/ament_cmake_core/cmake/core/stamp.cmake:24 (configure_file):
  Operation not permitted
Call Stack (most recent call first):
  /opt/ros/iron/share/ament_cmake_core/cmake/core/ament_package_xml.cmake:73 (stamp)
  /opt/ros/iron/share/ament_cmake_core/cmake/core/ament_package_xml.cmake:49 (_ament_package_xml)
  /opt/ros/iron/share/ament_lint_auto/cmake/ament_lint_auto_find_test_dependencies.cmake:31 (ament_package_xml)
  CMakeLists.txt:48 (ament_lint_auto_find_test_dependencies)

[0m
[31mCMake Error at /opt/ros/iron/share/ament_cmake_core/cmake/core/stamp.cmake:24 (configure_file):
  Operation not permitted
Call Stack (most recent call first):
  /opt/ros/iron/share/ament_cmake_core/cmake/core/ament_package_xml.cmake:73 (stamp)
  /opt/ros/iron/share/ament_cmake_core/cmake/core/ament_package_xml.cmake:49 (_ament_package_xml)
  /opt/ros/iron/share/ament_cmake_core/cmake/core/ament_package.cmake:63 (ament_package_xml)
  CMakeLists.txt:51 (ament_package)

[0m
[31mCMake Error at /opt/ros/iron/share/ament_cmake_core/cmake/core/stamp.cmake:24 (configure_file):
  Operation not permitted
Call Stack (most recent call first):
  /opt/ros/iron/share/ament_cmake_core/cmake/environment_hooks/ament_environment_hooks.cmake:37 (stamp)
  /opt/ros/iron/share/ament_cmake_core/cmake/environment_hooks/ament_cmake_environment_hooks_package_hook.cmake:20 (ament_environment_hooks)
  /opt/ros/iron/share/ament_cmake_core/cmake/core/ament_execute_extensions.cmake:48 (include)
  /opt/ros/iron/share/ament_cmake_core/cmake/core/ament_package.cmake:66 (ament_execute_extensions)
  CMakeLists.txt:51 (ament_package)

[0m
[31mCMake Error at /opt/ros/iron/share/ament_cmake_core/cmake/core/stamp.cmake:24 (configure_file):
  Operation not permitted
Call Stack (most recent call first):
  /opt/ros/iron/share/ament_cmake_core/cmake/environment_hooks/ament_environment_hooks.cmake:37 (stamp)
  /opt/ros/iron/share/ament_cmake_core/cmake/environment_hooks/ament_cmake_environment_hooks_package_hook.cmake:20 (ament_environment_hooks)
  /opt/ros/iron/share/ament_cmake_core/cmake/core/ament_execute_extensions.cmake:48 (include)
  /opt/ros/iron/share/ament_cmake_core/cmake/core/ament_package.cmake:66 (ament_execute_extensions)
  CMakeLists.txt:51 (ament_package)

[0m
[31mCMake Error at /opt/ros/iron/share/ament_cmake_core/cmake/environment_hooks/ament_generate_package_environment.cmake:73 (configure_file):
  Operation not permitted
Call Stack (most recent call first):
  /opt/ros/iron/share/ament_cmake_core/cmake/environment_hooks/ament_cmake_environment_hooks_package_hook.cmake:26 (ament_generate_package_environment)
  /opt/ros/iron/share/ament_cmake_core/cmake/core/ament_execute_extensions.cmake:48 (include)
  /opt/ros/iron/share/ament_cmake_core/cmake/core/ament_package.cmake:66 (ament_execute_extensions)
  CMakeLists.txt:51 (ament_package)

[0m
[31mCMake Error at /opt/ros/iron/share/ament_cmake_core/cmake/environment_hooks/ament_generate_package_environment.cmake:73 (configure_file):
  Operation not permitted
Call Stack (most recent call first):
  /opt/ros/iron/share/ament_cmake_core/cmake/environment_hooks/ament_cmake_environment_hooks_package_hook.cmake:26 (ament_generate_package_environment)
  /opt/ros/iron/share/ament_cmake_core/cmake/core/ament_execute_extensions.cmake:48 (include)
  /opt/ros/iron/share/ament_cmake_core/cmake/core/ament_package.cmake:66 (ament_execute_extensions)
  CMakeLists.txt:51 (ament_package)

[0m
[31mCMake Error at /opt/ros/iron/share/ament_cmake_core/cmake/environment_hooks/ament_generate_package_environment.cmake:73 (configure_file):
  Operation not permitted
Call Stack (most recent call first):
  /opt/ros/iron/share/ament_cmake_core/cmake/environment_hooks/ament_cmake_environment_hooks_package_hook.cmake:26 (ament_generate_package_environment)
  /opt/ros/iron/share/ament_cmake_core/cmake/core/ament_execute_extensions.cmake:48 (include)
  /opt/ros/iron/share/ament_cmake_core/cmake/core/ament_package.cmake:66 (ament_execute_extensions)
  CMakeLists.txt:51 (ament_package)

[0m
[31mCMake Error at /opt/ros/iron/share/ament_cmake_core/cmake/core/stamp.cmake:24 (configure_file):
  Operation not permitted
Call Stack (most recent call first):
  /opt/ros/iron/share/ament_cmake_core/cmake/core/ament_package.cmake:135 (stamp)
  /opt/ros/iron/share/ament_cmake_core/cmake/core/ament_package.cmake:68 (_ament_package)
  CMakeLists.txt:51 (ament_package)

[0m
-- Configuring incomplete, errors occurred!
See also "/home/seds/Desktop/TERRANCE/Terrance/build/cpp_stepper_controller/CMakeFiles/CMakeOutput.log".
gmake: *** [Makefile:294: cmake_check_build_system] Error 1
