[0.055s] Invoking command in '/home/seds/Desktop/TERRANCE/Terrance/build/cpp_stepper_controller': CMAKE_PREFIX_PATH=${CMAKE_PREFIX_PATH}:/home/seds/Desktop/TERRANCE/Terrance/install/py_publisher:/opt/ros/iron /usr/bin/cmake --build /home/seds/Desktop/TERRANCE/Terrance/build/cpp_stepper_controller -- -j4 -l4
[0.403s] -- Found ament_cmake: 2.0.5 (/opt/ros/iron/share/ament_cmake/cmake)
[0.818s] [31mCMake Error at /opt/ros/iron/share/ament_cmake_core/cmake/core/stamp.cmake:24 (configure_file):
[0.818s]   Operation not permitted
[0.819s] Call Stack (most recent call first):
[0.819s]   /opt/ros/iron/share/ament_cmake_core/cmake/ament_cmake_package_templates-extras.cmake:24 (stamp)
[0.819s]   /opt/ros/iron/share/ament_cmake_core/cmake/ament_cmake_coreConfig.cmake:41 (include)
[0.820s]   /opt/ros/iron/share/ament_cmake/cmake/ament_cmake_export_dependencies-extras.cmake:15 (find_package)
[0.820s]   /opt/ros/iron/share/ament_cmake/cmake/ament_cmakeConfig.cmake:41 (include)
[0.820s]   CMakeLists.txt:12 (find_package)
[0.821s] 
[0.821s] [0m
[1.120s] [31mCMake Error at /opt/ros/iron/share/ament_cmake_core/cmake/ament_cmake_uninstall_target-extras.cmake:28 (configure_file):
[1.120s]   Operation not permitted
[1.120s] Call Stack (most recent call first):
[1.121s]   /opt/ros/iron/share/ament_cmake_core/cmake/ament_cmake_coreConfig.cmake:41 (include)
[1.121s]   /opt/ros/iron/share/ament_cmake/cmake/ament_cmake_export_dependencies-extras.cmake:15 (find_package)
[1.121s]   /opt/ros/iron/share/ament_cmake/cmake/ament_cmakeConfig.cmake:41 (include)
[1.122s]   CMakeLists.txt:12 (find_package)
[1.122s] 
[1.122s] [0m
[1.175s] [31mCMake Error at /opt/ros/iron/share/ament_cmake_test/cmake/ament_cmake_test-extras.cmake:34 (configure_file):
[1.176s]   Operation not permitted
[1.176s] Call Stack (most recent call first):
[1.176s]   /opt/ros/iron/share/ament_cmake_test/cmake/ament_cmake_testConfig.cmake:41 (include)
[1.177s]   /opt/ros/iron/share/ament_cmake/cmake/ament_cmake_export_dependencies-extras.cmake:21 (find_package)
[1.177s]   /opt/ros/iron/share/ament_cmake/cmake/ament_cmakeConfig.cmake:41 (include)
[1.177s]   CMakeLists.txt:12 (find_package)
[1.178s] 
[1.178s] [0m
[1.186s] -- Found rclcpp: 21.0.6 (/opt/ros/iron/share/rclcpp/cmake)
[1.431s] -- Found rosidl_generator_c: 4.0.1 (/opt/ros/iron/share/rosidl_generator_c/cmake)
[1.485s] -- Found rosidl_generator_cpp: 4.0.1 (/opt/ros/iron/share/rosidl_generator_cpp/cmake)
[1.562s] -- Using all available rosidl_typesupport_c: rosidl_typesupport_fastrtps_c;rosidl_typesupport_introspection_c
[1.651s] -- Using all available rosidl_typesupport_cpp: rosidl_typesupport_fastrtps_cpp;rosidl_typesupport_introspection_cpp
[2.349s] -- Found rmw_implementation_cmake: 7.1.0 (/opt/ros/iron/share/rmw_implementation_cmake/cmake)
[2.360s] -- Found rmw_fastrtps_cpp: 7.1.3 (/opt/ros/iron/share/rmw_fastrtps_cpp/cmake)
[3.480s] -- Using RMW implementation 'rmw_fastrtps_cpp' as default
[4.581s] -- Found rclcpp_components: 21.0.6 (/opt/ros/iron/share/rclcpp_components/cmake)
[4.989s] -- Found std_msgs: 5.0.0 (/opt/ros/iron/share/std_msgs/cmake)
[5.145s] -- Found ament_lint_auto: 0.14.3 (/opt/ros/iron/share/ament_lint_auto/cmake)
[5.151s] [31mCMake Error at /opt/ros/iron/share/ament_cmake_core/cmake/core/stamp.cmake:24 (configure_file):
[5.152s]   Operation not permitted
[5.152s] Call Stack (most recent call first):
[5.153s]   /opt/ros/iron/share/ament_cmake_core/cmake/core/ament_package_xml.cmake:73 (stamp)
[5.153s]   /opt/ros/iron/share/ament_cmake_core/cmake/core/ament_package_xml.cmake:49 (_ament_package_xml)
[5.153s]   /opt/ros/iron/share/ament_lint_auto/cmake/ament_lint_auto_find_test_dependencies.cmake:31 (ament_package_xml)
[5.154s]   CMakeLists.txt:48 (ament_lint_auto_find_test_dependencies)
[5.154s] 
[5.154s] [0m
[5.155s] [31mCMake Error at /opt/ros/iron/share/ament_cmake_core/cmake/core/stamp.cmake:24 (configure_file):
[5.155s]   Operation not permitted
[5.155s] Call Stack (most recent call first):
[5.156s]   /opt/ros/iron/share/ament_cmake_core/cmake/core/ament_package_xml.cmake:73 (stamp)
[5.156s]   /opt/ros/iron/share/ament_cmake_core/cmake/core/ament_package_xml.cmake:49 (_ament_package_xml)
[5.156s]   /opt/ros/iron/share/ament_cmake_core/cmake/core/ament_package.cmake:63 (ament_package_xml)
[5.157s]   CMakeLists.txt:51 (ament_package)
[5.158s] 
[5.158s] [0m
[5.159s] [31mCMake Error at /opt/ros/iron/share/ament_cmake_core/cmake/core/stamp.cmake:24 (configure_file):
[5.160s]   Operation not permitted
[5.160s] Call Stack (most recent call first):
[5.161s]   /opt/ros/iron/share/ament_cmake_core/cmake/environment_hooks/ament_environment_hooks.cmake:37 (stamp)
[5.162s]   /opt/ros/iron/share/ament_cmake_core/cmake/environment_hooks/ament_cmake_environment_hooks_package_hook.cmake:20 (ament_environment_hooks)
[5.162s]   /opt/ros/iron/share/ament_cmake_core/cmake/core/ament_execute_extensions.cmake:48 (include)
[5.164s]   /opt/ros/iron/share/ament_cmake_core/cmake/core/ament_package.cmake:66 (ament_execute_extensions)
[5.165s]   CMakeLists.txt:51 (ament_package)
[5.166s] 
[5.166s] [0m
[5.167s] [31mCMake Error at /opt/ros/iron/share/ament_cmake_core/cmake/core/stamp.cmake:24 (configure_file):
[5.167s]   Operation not permitted
[5.167s] Call Stack (most recent call first):
[5.168s]   /opt/ros/iron/share/ament_cmake_core/cmake/environment_hooks/ament_environment_hooks.cmake:37 (stamp)
[5.169s]   /opt/ros/iron/share/ament_cmake_core/cmake/environment_hooks/ament_cmake_environment_hooks_package_hook.cmake:20 (ament_environment_hooks)
[5.170s]   /opt/ros/iron/share/ament_cmake_core/cmake/core/ament_execute_extensions.cmake:48 (include)
[5.171s]   /opt/ros/iron/share/ament_cmake_core/cmake/core/ament_package.cmake:66 (ament_execute_extensions)
[5.171s]   CMakeLists.txt:51 (ament_package)
[5.171s] 
[5.172s] [0m
[5.172s] [31mCMake Error at /opt/ros/iron/share/ament_cmake_core/cmake/environment_hooks/ament_generate_package_environment.cmake:73 (configure_file):
[5.173s]   Operation not permitted
[5.173s] Call Stack (most recent call first):
[5.173s]   /opt/ros/iron/share/ament_cmake_core/cmake/environment_hooks/ament_cmake_environment_hooks_package_hook.cmake:26 (ament_generate_package_environment)
[5.174s]   /opt/ros/iron/share/ament_cmake_core/cmake/core/ament_execute_extensions.cmake:48 (include)
[5.174s]   /opt/ros/iron/share/ament_cmake_core/cmake/core/ament_package.cmake:66 (ament_execute_extensions)
[5.174s]   CMakeLists.txt:51 (ament_package)
[5.175s] 
[5.175s] [0m
[5.175s] [31mCMake Error at /opt/ros/iron/share/ament_cmake_core/cmake/environment_hooks/ament_generate_package_environment.cmake:73 (configure_file):
[5.176s]   Operation not permitted
[5.176s] Call Stack (most recent call first):
[5.176s]   /opt/ros/iron/share/ament_cmake_core/cmake/environment_hooks/ament_cmake_environment_hooks_package_hook.cmake:26 (ament_generate_package_environment)
[5.177s]   /opt/ros/iron/share/ament_cmake_core/cmake/core/ament_execute_extensions.cmake:48 (include)
[5.177s]   /opt/ros/iron/share/ament_cmake_core/cmake/core/ament_package.cmake:66 (ament_execute_extensions)
[5.178s]   CMakeLists.txt:51 (ament_package)
[5.179s] 
[5.180s] [0m
[5.180s] [31mCMake Error at /opt/ros/iron/share/ament_cmake_core/cmake/environment_hooks/ament_generate_package_environment.cmake:73 (configure_file):
[5.181s]   Operation not permitted
[5.181s] Call Stack (most recent call first):
[5.182s]   /opt/ros/iron/share/ament_cmake_core/cmake/environment_hooks/ament_cmake_environment_hooks_package_hook.cmake:26 (ament_generate_package_environment)
[5.183s]   /opt/ros/iron/share/ament_cmake_core/cmake/core/ament_execute_extensions.cmake:48 (include)
[5.183s]   /opt/ros/iron/share/ament_cmake_core/cmake/core/ament_package.cmake:66 (ament_execute_extensions)
[5.184s]   CMakeLists.txt:51 (ament_package)
[5.185s] 
[5.186s] [0m
[5.186s] [31mCMake Error at /opt/ros/iron/share/ament_cmake_core/cmake/core/stamp.cmake:24 (configure_file):
[5.186s]   Operation not permitted
[5.187s] Call Stack (most recent call first):
[5.187s]   /opt/ros/iron/share/ament_cmake_core/cmake/core/ament_package.cmake:135 (stamp)
[5.188s]   /opt/ros/iron/share/ament_cmake_core/cmake/core/ament_package.cmake:68 (_ament_package)
[5.190s]   CMakeLists.txt:51 (ament_package)
[5.190s] 
[5.191s] [0m
[5.192s] -- Configuring incomplete, errors occurred!
[5.193s] See also "/home/seds/Desktop/TERRANCE/Terrance/build/cpp_stepper_controller/CMakeFiles/CMakeOutput.log".
[5.218s] gmake: *** [Makefile:294: cmake_check_build_system] Error 1
[5.227s] Invoked command in '/home/seds/Desktop/TERRANCE/Terrance/build/cpp_stepper_controller' returned '2': CMAKE_PREFIX_PATH=${CMAKE_PREFIX_PATH}:/home/seds/Desktop/TERRANCE/Terrance/install/py_publisher:/opt/ros/iron /usr/bin/cmake --build /home/seds/Desktop/TERRANCE/Terrance/build/cpp_stepper_controller -- -j4 -l4
