[0.044s] Invoking command in '/home/seds/Desktop/TERRANCE/Terrance/build/cpp_stepper_controller': /usr/bin/cmake /home/seds/Desktop/TERRANCE/Terrance/src/cpp_stepper_controller -DCMAKE_INSTALL_PREFIX=/home/seds/Desktop/TERRANCE/Terrance/install/cpp_stepper_controller
[0.310s] -- The C compiler identification is GNU 11.4.0
[0.569s] -- The CXX compiler identification is GNU 11.4.0
[0.597s] -- Detecting C compiler ABI info
[0.892s] -- Detecting C compiler ABI info - done
[0.917s] -- Check for working C compiler: /usr/bin/cc - skipped
[0.918s] -- Detecting C compile features
[0.919s] -- Detecting C compile features - done
[0.937s] -- Detecting CXX compiler ABI info
[1.310s] -- Detecting CXX compiler ABI info - done
[1.339s] -- Check for working CXX compiler: /usr/bin/c++ - skipped
[1.340s] -- Detecting CXX compile features
[1.341s] -- Detecting CXX compile features - done
[1.497s] [31mCMake Error at CMakeLists.txt:12 (find_package):
[1.497s]   By not providing "Findament_cmake.cmake" in CMAKE_MODULE_PATH this project
[1.498s]   has asked CMake to find a package configuration file provided by
[1.498s]   "ament_cmake", but CMake did not find one.
[1.499s] 
[1.499s]   Could not find a package configuration file provided by "ament_cmake" with
[1.500s]   any of the following names:
[1.501s] 
[1.501s]     ament_cmakeConfig.cmake
[1.502s]     ament_cmake-config.cmake
[1.503s] 
[1.503s]   Add the installation prefix of "ament_cmake" to CMAKE_PREFIX_PATH or set
[1.504s]   "ament_cmake_DIR" to a directory containing one of the above files.  If
[1.504s]   "ament_cmake" provides a separate development package or SDK, be sure it
[1.505s]   has been installed.
[1.506s] 
[1.507s] [0m
[1.508s] -- Configuring incomplete, errors occurred!
[1.508s] See also "/home/seds/Desktop/TERRANCE/Terrance/build/cpp_stepper_controller/CMakeFiles/CMakeOutput.log".
[1.511s] Invoked command in '/home/seds/Desktop/TERRANCE/Terrance/build/cpp_stepper_controller' returned '1': /usr/bin/cmake /home/seds/Desktop/TERRANCE/Terrance/src/cpp_stepper_controller -DCMAKE_INSTALL_PREFIX=/home/seds/Desktop/TERRANCE/Terrance/install/cpp_stepper_controller
