[0.458s] DEBUG:colcon:Command line arguments: ['/usr/bin/colcon', 'build']
[0.459s] DEBUG:colcon:Parsed command line arguments: Namespace(log_base=None, log_level=None, verb_name='build', build_base='build', install_base='install', merge_install=False, symlink_install=False, test_result_base=None, continue_on_error=False, executor='parallel', parallel_workers=4, event_handlers=None, ignore_user_meta=False, metas=['./colcon.meta'], base_paths=['.'], packages_ignore=None, packages_ignore_regex=None, paths=None, packages_up_to=None, packages_up_to_regex=None, packages_above=None, packages_above_and_dependencies=None, packages_above_depth=None, packages_select_by_dep=None, packages_skip_by_dep=None, packages_skip_up_to=None, packages_select_build_failed=False, packages_skip_build_finished=False, packages_select_test_failures=False, packages_skip_test_passed=False, packages_select=None, packages_skip=None, packages_select_regex=None, packages_skip_regex=None, packages_start=None, packages_end=None, allow_overriding=[], cmake_args=None, cmake_target=None, cmake_target_skip_unavailable=False, cmake_clean_cache=False, cmake_clean_first=False, cmake_force_configure=False, ament_cmake_args=None, catkin_cmake_args=None, catkin_skip_building_tests=False, mixin_files=None, mixin=None, verb_parser=<colcon_mixin.mixin.mixin_argument.MixinArgumentDecorator object at 0xffff9f46e020>, verb_extension=<colcon_core.verb.build.BuildVerb object at 0xffff9f46db70>, main=<bound method BuildVerb.main of <colcon_core.verb.build.BuildVerb object at 0xffff9f46db70>>, mixin_verb=('build',))
[1.252s] Level 1:colcon.colcon_core.package_discovery:discover_packages(colcon_meta) check parameters
[1.253s] Level 1:colcon.colcon_core.package_discovery:discover_packages(recursive) check parameters
[1.253s] Level 1:colcon.colcon_core.package_discovery:discover_packages(ignore) check parameters
[1.253s] Level 1:colcon.colcon_core.package_discovery:discover_packages(path) check parameters
[1.253s] Level 1:colcon.colcon_core.package_discovery:discover_packages(colcon_meta) discover
[1.253s] Level 1:colcon.colcon_core.package_discovery:discover_packages(recursive) discover
[1.253s] INFO:colcon.colcon_core.package_discovery:Crawling recursively for packages in '/home/seds/Desktop/TERRANCE/Terrance'
[1.257s] Level 1:colcon.colcon_core.package_identification:_identify(.) by extensions ['ignore', 'ignore_ament_install']
[1.257s] Level 1:colcon.colcon_core.package_identification:_identify(.) by extension 'ignore'
[1.257s] Level 1:colcon.colcon_core.package_identification:_identify(.) by extension 'ignore_ament_install'
[1.257s] Level 1:colcon.colcon_core.package_identification:_identify(.) by extensions ['colcon_pkg']
[1.258s] Level 1:colcon.colcon_core.package_identification:_identify(.) by extension 'colcon_pkg'
[1.258s] Level 1:colcon.colcon_core.package_identification:_identify(.) by extensions ['colcon_meta']
[1.258s] Level 1:colcon.colcon_core.package_identification:_identify(.) by extension 'colcon_meta'
[1.258s] Level 1:colcon.colcon_core.package_identification:_identify(.) by extensions ['ros']
[1.258s] Level 1:colcon.colcon_core.package_identification:_identify(.) by extension 'ros'
[1.302s] Level 1:colcon.colcon_core.package_identification:_identify(.) by extensions ['cmake', 'python']
[1.302s] Level 1:colcon.colcon_core.package_identification:_identify(.) by extension 'cmake'
[1.303s] Level 1:colcon.colcon_core.package_identification:_identify(.) by extension 'python'
[1.303s] Level 1:colcon.colcon_core.package_identification:_identify(.) by extensions ['python_setup_py']
[1.303s] Level 1:colcon.colcon_core.package_identification:_identify(.) by extension 'python_setup_py'
[1.303s] Level 1:colcon.colcon_core.package_identification:_identify(build) by extensions ['ignore', 'ignore_ament_install']
[1.304s] Level 1:colcon.colcon_core.package_identification:_identify(build) by extension 'ignore'
[1.304s] Level 1:colcon.colcon_core.package_identification:_identify(build) ignored
[1.305s] Level 1:colcon.colcon_core.package_identification:_identify(install) by extensions ['ignore', 'ignore_ament_install']
[1.305s] Level 1:colcon.colcon_core.package_identification:_identify(install) by extension 'ignore'
[1.305s] Level 1:colcon.colcon_core.package_identification:_identify(install) ignored
[1.307s] Level 1:colcon.colcon_core.package_identification:_identify(log) by extensions ['ignore', 'ignore_ament_install']
[1.307s] Level 1:colcon.colcon_core.package_identification:_identify(log) by extension 'ignore'
[1.307s] Level 1:colcon.colcon_core.package_identification:_identify(log) ignored
[1.308s] Level 1:colcon.colcon_core.package_identification:_identify(scripts) by extensions ['ignore', 'ignore_ament_install']
[1.308s] Level 1:colcon.colcon_core.package_identification:_identify(scripts) by extension 'ignore'
[1.308s] Level 1:colcon.colcon_core.package_identification:_identify(scripts) by extension 'ignore_ament_install'
[1.308s] Level 1:colcon.colcon_core.package_identification:_identify(scripts) by extensions ['colcon_pkg']
[1.308s] Level 1:colcon.colcon_core.package_identification:_identify(scripts) by extension 'colcon_pkg'
[1.309s] Level 1:colcon.colcon_core.package_identification:_identify(scripts) by extensions ['colcon_meta']
[1.309s] Level 1:colcon.colcon_core.package_identification:_identify(scripts) by extension 'colcon_meta'
[1.309s] Level 1:colcon.colcon_core.package_identification:_identify(scripts) by extensions ['ros']
[1.309s] Level 1:colcon.colcon_core.package_identification:_identify(scripts) by extension 'ros'
[1.309s] Level 1:colcon.colcon_core.package_identification:_identify(scripts) by extensions ['cmake', 'python']
[1.309s] Level 1:colcon.colcon_core.package_identification:_identify(scripts) by extension 'cmake'
[1.310s] Level 1:colcon.colcon_core.package_identification:_identify(scripts) by extension 'python'
[1.310s] Level 1:colcon.colcon_core.package_identification:_identify(scripts) by extensions ['python_setup_py']
[1.310s] Level 1:colcon.colcon_core.package_identification:_identify(scripts) by extension 'python_setup_py'
[1.310s] Level 1:colcon.colcon_core.package_identification:_identify(src) by extensions ['ignore', 'ignore_ament_install']
[1.311s] Level 1:colcon.colcon_core.package_identification:_identify(src) by extension 'ignore'
[1.311s] Level 1:colcon.colcon_core.package_identification:_identify(src) by extension 'ignore_ament_install'
[1.311s] Level 1:colcon.colcon_core.package_identification:_identify(src) by extensions ['colcon_pkg']
[1.311s] Level 1:colcon.colcon_core.package_identification:_identify(src) by extension 'colcon_pkg'
[1.311s] Level 1:colcon.colcon_core.package_identification:_identify(src) by extensions ['colcon_meta']
[1.311s] Level 1:colcon.colcon_core.package_identification:_identify(src) by extension 'colcon_meta'
[1.312s] Level 1:colcon.colcon_core.package_identification:_identify(src) by extensions ['ros']
[1.312s] Level 1:colcon.colcon_core.package_identification:_identify(src) by extension 'ros'
[1.312s] Level 1:colcon.colcon_core.package_identification:_identify(src) by extensions ['cmake', 'python']
[1.312s] Level 1:colcon.colcon_core.package_identification:_identify(src) by extension 'cmake'
[1.312s] Level 1:colcon.colcon_core.package_identification:_identify(src) by extension 'python'
[1.312s] Level 1:colcon.colcon_core.package_identification:_identify(src) by extensions ['python_setup_py']
[1.312s] Level 1:colcon.colcon_core.package_identification:_identify(src) by extension 'python_setup_py'
[1.313s] Level 1:colcon.colcon_core.package_identification:_identify(src/build) by extensions ['ignore', 'ignore_ament_install']
[1.313s] Level 1:colcon.colcon_core.package_identification:_identify(src/build) by extension 'ignore'
[1.313s] Level 1:colcon.colcon_core.package_identification:_identify(src/build) ignored
[1.314s] Level 1:colcon.colcon_core.package_identification:_identify(src/cpp_stepper_controller) by extensions ['ignore', 'ignore_ament_install']
[1.314s] Level 1:colcon.colcon_core.package_identification:_identify(src/cpp_stepper_controller) by extension 'ignore'
[1.314s] Level 1:colcon.colcon_core.package_identification:_identify(src/cpp_stepper_controller) by extension 'ignore_ament_install'
[1.314s] Level 1:colcon.colcon_core.package_identification:_identify(src/cpp_stepper_controller) by extensions ['colcon_pkg']
[1.315s] Level 1:colcon.colcon_core.package_identification:_identify(src/cpp_stepper_controller) by extension 'colcon_pkg'
[1.315s] Level 1:colcon.colcon_core.package_identification:_identify(src/cpp_stepper_controller) by extensions ['colcon_meta']
[1.315s] Level 1:colcon.colcon_core.package_identification:_identify(src/cpp_stepper_controller) by extension 'colcon_meta'
[1.315s] Level 1:colcon.colcon_core.package_identification:_identify(src/cpp_stepper_controller) by extensions ['ros']
[1.315s] Level 1:colcon.colcon_core.package_identification:_identify(src/cpp_stepper_controller) by extension 'ros'
[1.324s] DEBUG:colcon.colcon_core.package_identification:Package 'src/cpp_stepper_controller' with type 'ros.ament_cmake' and name 'cpp_stepper_controller'
[1.324s] Level 1:colcon.colcon_core.package_identification:_identify(src/install) by extensions ['ignore', 'ignore_ament_install']
[1.325s] Level 1:colcon.colcon_core.package_identification:_identify(src/install) by extension 'ignore'
[1.325s] Level 1:colcon.colcon_core.package_identification:_identify(src/install) ignored
[1.325s] Level 1:colcon.colcon_core.package_identification:_identify(src/log) by extensions ['ignore', 'ignore_ament_install']
[1.326s] Level 1:colcon.colcon_core.package_identification:_identify(src/log) by extension 'ignore'
[1.326s] Level 1:colcon.colcon_core.package_identification:_identify(src/log) ignored
[1.326s] Level 1:colcon.colcon_core.package_identification:_identify(src/py_publisher) by extensions ['ignore', 'ignore_ament_install']
[1.327s] Level 1:colcon.colcon_core.package_identification:_identify(src/py_publisher) by extension 'ignore'
[1.327s] Level 1:colcon.colcon_core.package_identification:_identify(src/py_publisher) by extension 'ignore_ament_install'
[1.327s] Level 1:colcon.colcon_core.package_identification:_identify(src/py_publisher) by extensions ['colcon_pkg']
[1.327s] Level 1:colcon.colcon_core.package_identification:_identify(src/py_publisher) by extension 'colcon_pkg'
[1.327s] Level 1:colcon.colcon_core.package_identification:_identify(src/py_publisher) by extensions ['colcon_meta']
[1.328s] Level 1:colcon.colcon_core.package_identification:_identify(src/py_publisher) by extension 'colcon_meta'
[1.328s] Level 1:colcon.colcon_core.package_identification:_identify(src/py_publisher) by extensions ['ros']
[1.328s] Level 1:colcon.colcon_core.package_identification:_identify(src/py_publisher) by extension 'ros'
[1.330s] DEBUG:colcon.colcon_core.package_identification:Package 'src/py_publisher' with type 'ros.ament_python' and name 'py_publisher'
[1.330s] Level 1:colcon.colcon_core.package_discovery:discover_packages(recursive) using defaults
[1.331s] Level 1:colcon.colcon_core.package_discovery:discover_packages(ignore) discover
[1.331s] Level 1:colcon.colcon_core.package_discovery:discover_packages(ignore) using defaults
[1.331s] Level 1:colcon.colcon_core.package_discovery:discover_packages(path) discover
[1.331s] Level 1:colcon.colcon_core.package_discovery:discover_packages(path) using defaults
[1.448s] Level 1:colcon.colcon_core.package_discovery:discover_packages(prefix_path) check parameters
[1.449s] Level 1:colcon.colcon_core.package_discovery:discover_packages(prefix_path) discover
[1.457s] DEBUG:colcon.colcon_installed_package_information.package_discovery:Found 3 installed packages in /home/seds/Desktop/TERRANCE/Terrance/install
[1.466s] DEBUG:colcon.colcon_installed_package_information.package_discovery:Found 281 installed packages in /opt/ros/iron
[1.473s] Level 1:colcon.colcon_core.package_discovery:discover_packages(prefix_path) using defaults
[1.667s] Level 5:colcon.colcon_core.verb:set package 'cpp_stepper_controller' build argument 'cmake_args' from command line to 'None'
[1.668s] Level 5:colcon.colcon_core.verb:set package 'cpp_stepper_controller' build argument 'cmake_target' from command line to 'None'
[1.668s] Level 5:colcon.colcon_core.verb:set package 'cpp_stepper_controller' build argument 'cmake_target_skip_unavailable' from command line to 'False'
[1.668s] Level 5:colcon.colcon_core.verb:set package 'cpp_stepper_controller' build argument 'cmake_clean_cache' from command line to 'False'
[1.668s] Level 5:colcon.colcon_core.verb:set package 'cpp_stepper_controller' build argument 'cmake_clean_first' from command line to 'False'
[1.668s] Level 5:colcon.colcon_core.verb:set package 'cpp_stepper_controller' build argument 'cmake_force_configure' from command line to 'False'
[1.668s] Level 5:colcon.colcon_core.verb:set package 'cpp_stepper_controller' build argument 'ament_cmake_args' from command line to 'None'
[1.668s] Level 5:colcon.colcon_core.verb:set package 'cpp_stepper_controller' build argument 'catkin_cmake_args' from command line to 'None'
[1.668s] Level 5:colcon.colcon_core.verb:set package 'cpp_stepper_controller' build argument 'catkin_skip_building_tests' from command line to 'False'
[1.669s] DEBUG:colcon.colcon_core.verb:Building package 'cpp_stepper_controller' with the following arguments: {'ament_cmake_args': None, 'build_base': '/home/seds/Desktop/TERRANCE/Terrance/build/cpp_stepper_controller', 'catkin_cmake_args': None, 'catkin_skip_building_tests': False, 'cmake_args': None, 'cmake_clean_cache': False, 'cmake_clean_first': False, 'cmake_force_configure': False, 'cmake_target': None, 'cmake_target_skip_unavailable': False, 'install_base': '/home/seds/Desktop/TERRANCE/Terrance/install/cpp_stepper_controller', 'merge_install': False, 'path': '/home/seds/Desktop/TERRANCE/Terrance/src/cpp_stepper_controller', 'symlink_install': False, 'test_result_base': None}
[1.670s] Level 5:colcon.colcon_core.verb:set package 'py_publisher' build argument 'cmake_args' from command line to 'None'
[1.670s] Level 5:colcon.colcon_core.verb:set package 'py_publisher' build argument 'cmake_target' from command line to 'None'
[1.670s] Level 5:colcon.colcon_core.verb:set package 'py_publisher' build argument 'cmake_target_skip_unavailable' from command line to 'False'
[1.670s] Level 5:colcon.colcon_core.verb:set package 'py_publisher' build argument 'cmake_clean_cache' from command line to 'False'
[1.671s] Level 5:colcon.colcon_core.verb:set package 'py_publisher' build argument 'cmake_clean_first' from command line to 'False'
[1.671s] Level 5:colcon.colcon_core.verb:set package 'py_publisher' build argument 'cmake_force_configure' from command line to 'False'
[1.671s] Level 5:colcon.colcon_core.verb:set package 'py_publisher' build argument 'ament_cmake_args' from command line to 'None'
[1.671s] Level 5:colcon.colcon_core.verb:set package 'py_publisher' build argument 'catkin_cmake_args' from command line to 'None'
[1.671s] Level 5:colcon.colcon_core.verb:set package 'py_publisher' build argument 'catkin_skip_building_tests' from command line to 'False'
[1.671s] DEBUG:colcon.colcon_core.verb:Building package 'py_publisher' with the following arguments: {'ament_cmake_args': None, 'build_base': '/home/seds/Desktop/TERRANCE/Terrance/build/py_publisher', 'catkin_cmake_args': None, 'catkin_skip_building_tests': False, 'cmake_args': None, 'cmake_clean_cache': False, 'cmake_clean_first': False, 'cmake_force_configure': False, 'cmake_target': None, 'cmake_target_skip_unavailable': False, 'install_base': '/home/seds/Desktop/TERRANCE/Terrance/install/py_publisher', 'merge_install': False, 'path': '/home/seds/Desktop/TERRANCE/Terrance/src/py_publisher', 'symlink_install': False, 'test_result_base': None}
[1.672s] INFO:colcon.colcon_core.executor:Executing jobs using 'parallel' executor
[1.675s] DEBUG:colcon.colcon_parallel_executor.executor.parallel:run_until_complete
[1.676s] INFO:colcon.colcon_ros.task.ament_cmake.build:Building ROS package in '/home/seds/Desktop/TERRANCE/Terrance/src/cpp_stepper_controller' with build type 'ament_cmake'
[1.677s] INFO:colcon.colcon_cmake.task.cmake.build:Building CMake package in '/home/seds/Desktop/TERRANCE/Terrance/src/cpp_stepper_controller'
[1.685s] INFO:colcon.colcon_core.plugin_system:Skipping extension 'colcon_core.shell.bat': Not used on non-Windows systems
[1.685s] INFO:colcon.colcon_core.shell:Skip shell extension 'powershell' for command environment: Not usable outside of PowerShell
[1.686s] DEBUG:colcon.colcon_core.shell:Skip shell extension 'dsv' for command environment
[1.710s] INFO:colcon.colcon_ros.task.ament_python.build:Building ROS package in '/home/seds/Desktop/TERRANCE/Terrance/src/py_publisher' with build type 'ament_python'
[1.711s] Level 1:colcon.colcon_core.shell:create_environment_hook('py_publisher', 'ament_prefix_path')
[1.714s] INFO:colcon.colcon_core.shell:Creating environment hook '/home/seds/Desktop/TERRANCE/Terrance/install/py_publisher/share/py_publisher/hook/ament_prefix_path.ps1'
[1.719s] INFO:colcon.colcon_core.shell:Creating environment descriptor '/home/seds/Desktop/TERRANCE/Terrance/install/py_publisher/share/py_publisher/hook/ament_prefix_path.dsv'
[1.722s] INFO:colcon.colcon_core.shell:Creating environment hook '/home/seds/Desktop/TERRANCE/Terrance/install/py_publisher/share/py_publisher/hook/ament_prefix_path.sh'
[1.725s] INFO:colcon.colcon_core.shell:Skip shell extension 'powershell' for command environment: Not usable outside of PowerShell
[1.725s] DEBUG:colcon.colcon_core.shell:Skip shell extension 'dsv' for command environment
[1.770s] DEBUG:colcon.colcon_core.event_handler.log_command:Invoking command in '/home/seds/Desktop/TERRANCE/Terrance/build/cpp_stepper_controller': CMAKE_PREFIX_PATH=${CMAKE_PREFIX_PATH}:/home/seds/Desktop/TERRANCE/Terrance/install/py_publisher:/opt/ros/iron /usr/bin/cmake --build /home/seds/Desktop/TERRANCE/Terrance/build/cpp_stepper_controller -- -j4 -l4
[3.107s] INFO:colcon.colcon_core.task.python.build:Building Python package in '/home/seds/Desktop/TERRANCE/Terrance/src/py_publisher'
[3.108s] INFO:colcon.colcon_core.shell:Skip shell extension 'powershell' for command environment: Not usable outside of PowerShell
[3.108s] DEBUG:colcon.colcon_core.shell:Skip shell extension 'dsv' for command environment
[5.071s] DEBUG:colcon.colcon_core.event_handler.log_command:Invoking command in '/home/seds/Desktop/TERRANCE/Terrance/src/py_publisher': PYTHONPATH=/home/seds/Desktop/TERRANCE/Terrance/build/py_publisher/prefix_override:/home/seds/Desktop/TERRANCE/Terrance/install/py_publisher/lib/python3.10/site-packages:${PYTHONPATH} /usr/bin/python3 -W ignore:setup.py install is deprecated setup.py egg_info --egg-base ../../build/py_publisher build --build-base /home/seds/Desktop/TERRANCE/Terrance/build/py_publisher/build install --record /home/seds/Desktop/TERRANCE/Terrance/build/py_publisher/install.log --single-version-externally-managed install_data
[6.968s] DEBUG:colcon.colcon_core.event_handler.log_command:Invoked command in '/home/seds/Desktop/TERRANCE/Terrance/src/py_publisher' returned '0': PYTHONPATH=/home/seds/Desktop/TERRANCE/Terrance/build/py_publisher/prefix_override:/home/seds/Desktop/TERRANCE/Terrance/install/py_publisher/lib/python3.10/site-packages:${PYTHONPATH} /usr/bin/python3 -W ignore:setup.py install is deprecated setup.py egg_info --egg-base ../../build/py_publisher build --build-base /home/seds/Desktop/TERRANCE/Terrance/build/py_publisher/build install --record /home/seds/Desktop/TERRANCE/Terrance/build/py_publisher/install.log --single-version-externally-managed install_data
[6.985s] Level 1:colcon.colcon_core.environment:checking '/home/seds/Desktop/TERRANCE/Terrance/install/py_publisher' for CMake module files
[6.988s] Level 1:colcon.colcon_core.environment:checking '/home/seds/Desktop/TERRANCE/Terrance/install/py_publisher' for CMake config files
[6.993s] Level 1:colcon.colcon_core.environment:checking '/home/seds/Desktop/TERRANCE/Terrance/install/py_publisher/lib'
[6.995s] Level 1:colcon.colcon_core.environment:checking '/home/seds/Desktop/TERRANCE/Terrance/install/py_publisher/bin'
[6.996s] Level 1:colcon.colcon_core.environment:checking '/home/seds/Desktop/TERRANCE/Terrance/install/py_publisher/lib/pkgconfig/py_publisher.pc'
[6.997s] Level 1:colcon.colcon_core.environment:checking '/home/seds/Desktop/TERRANCE/Terrance/install/py_publisher/lib/python3.10/site-packages'
[6.998s] Level 1:colcon.colcon_core.shell:create_environment_hook('py_publisher', 'pythonpath')
[6.999s] INFO:colcon.colcon_core.shell:Creating environment hook '/home/seds/Desktop/TERRANCE/Terrance/install/py_publisher/share/py_publisher/hook/pythonpath.ps1'
[7.001s] INFO:colcon.colcon_core.shell:Creating environment descriptor '/home/seds/Desktop/TERRANCE/Terrance/install/py_publisher/share/py_publisher/hook/pythonpath.dsv'
[7.004s] INFO:colcon.colcon_core.shell:Creating environment hook '/home/seds/Desktop/TERRANCE/Terrance/install/py_publisher/share/py_publisher/hook/pythonpath.sh'
[7.008s] Level 1:colcon.colcon_core.environment:checking '/home/seds/Desktop/TERRANCE/Terrance/install/py_publisher/bin'
[7.009s] Level 1:colcon.colcon_core.environment:create_environment_scripts_only(py_publisher)
[7.011s] INFO:colcon.colcon_core.shell:Creating package script '/home/seds/Desktop/TERRANCE/Terrance/install/py_publisher/share/py_publisher/package.ps1'
[7.016s] INFO:colcon.colcon_core.shell:Creating package descriptor '/home/seds/Desktop/TERRANCE/Terrance/install/py_publisher/share/py_publisher/package.dsv'
[7.020s] INFO:colcon.colcon_core.shell:Creating package script '/home/seds/Desktop/TERRANCE/Terrance/install/py_publisher/share/py_publisher/package.sh'
[7.025s] INFO:colcon.colcon_core.shell:Creating package script '/home/seds/Desktop/TERRANCE/Terrance/install/py_publisher/share/py_publisher/package.bash'
[7.029s] INFO:colcon.colcon_core.shell:Creating package script '/home/seds/Desktop/TERRANCE/Terrance/install/py_publisher/share/py_publisher/package.zsh'
[7.032s] Level 1:colcon.colcon_core.environment:create_file_with_runtime_dependencies(/home/seds/Desktop/TERRANCE/Terrance/install/py_publisher/share/colcon-core/packages/py_publisher)
[34.728s] DEBUG:colcon.colcon_core.event_handler.log_command:Invoked command in '/home/seds/Desktop/TERRANCE/Terrance/build/cpp_stepper_controller' returned '0': CMAKE_PREFIX_PATH=${CMAKE_PREFIX_PATH}:/home/seds/Desktop/TERRANCE/Terrance/install/py_publisher:/opt/ros/iron /usr/bin/cmake --build /home/seds/Desktop/TERRANCE/Terrance/build/cpp_stepper_controller -- -j4 -l4
[34.926s] DEBUG:colcon.colcon_core.event_handler.log_command:Invoking command in '/home/seds/Desktop/TERRANCE/Terrance/build/cpp_stepper_controller': CMAKE_PREFIX_PATH=${CMAKE_PREFIX_PATH}:/home/seds/Desktop/TERRANCE/Terrance/install/py_publisher:/opt/ros/iron /usr/bin/cmake --install /home/seds/Desktop/TERRANCE/Terrance/build/cpp_stepper_controller
[35.008s] Level 1:colcon.colcon_core.environment:create_environment_scripts_only(cpp_stepper_controller)
[35.009s] Level 1:colcon.colcon_core.environment:checking '/home/seds/Desktop/TERRANCE/Terrance/install/cpp_stepper_controller' for CMake module files
[35.011s] DEBUG:colcon.colcon_core.event_handler.log_command:Invoked command in '/home/seds/Desktop/TERRANCE/Terrance/build/cpp_stepper_controller' returned '0': CMAKE_PREFIX_PATH=${CMAKE_PREFIX_PATH}:/home/seds/Desktop/TERRANCE/Terrance/install/py_publisher:/opt/ros/iron /usr/bin/cmake --install /home/seds/Desktop/TERRANCE/Terrance/build/cpp_stepper_controller
[35.013s] Level 1:colcon.colcon_core.environment:checking '/home/seds/Desktop/TERRANCE/Terrance/install/cpp_stepper_controller' for CMake config files
[35.016s] Level 1:colcon.colcon_core.shell:create_environment_hook('cpp_stepper_controller', 'cmake_prefix_path')
[35.017s] INFO:colcon.colcon_core.shell:Creating environment hook '/home/seds/Desktop/TERRANCE/Terrance/install/cpp_stepper_controller/share/cpp_stepper_controller/hook/cmake_prefix_path.ps1'
[35.020s] INFO:colcon.colcon_core.shell:Creating environment descriptor '/home/seds/Desktop/TERRANCE/Terrance/install/cpp_stepper_controller/share/cpp_stepper_controller/hook/cmake_prefix_path.dsv'
[35.022s] INFO:colcon.colcon_core.shell:Creating environment hook '/home/seds/Desktop/TERRANCE/Terrance/install/cpp_stepper_controller/share/cpp_stepper_controller/hook/cmake_prefix_path.sh'
[35.025s] Level 1:colcon.colcon_core.environment:checking '/home/seds/Desktop/TERRANCE/Terrance/install/cpp_stepper_controller/lib'
[35.025s] Level 1:colcon.colcon_core.environment:checking '/home/seds/Desktop/TERRANCE/Terrance/install/cpp_stepper_controller/bin'
[35.026s] Level 1:colcon.colcon_core.environment:checking '/home/seds/Desktop/TERRANCE/Terrance/install/cpp_stepper_controller/lib/pkgconfig/cpp_stepper_controller.pc'
[35.027s] Level 1:colcon.colcon_core.environment:checking '/home/seds/Desktop/TERRANCE/Terrance/install/cpp_stepper_controller/lib/python3.10/site-packages'
[35.027s] Level 1:colcon.colcon_core.environment:checking '/home/seds/Desktop/TERRANCE/Terrance/install/cpp_stepper_controller/bin'
[35.028s] INFO:colcon.colcon_core.shell:Creating package script '/home/seds/Desktop/TERRANCE/Terrance/install/cpp_stepper_controller/share/cpp_stepper_controller/package.ps1'
[35.031s] INFO:colcon.colcon_core.shell:Creating package descriptor '/home/seds/Desktop/TERRANCE/Terrance/install/cpp_stepper_controller/share/cpp_stepper_controller/package.dsv'
[35.033s] INFO:colcon.colcon_core.shell:Creating package script '/home/seds/Desktop/TERRANCE/Terrance/install/cpp_stepper_controller/share/cpp_stepper_controller/package.sh'
[35.035s] INFO:colcon.colcon_core.shell:Creating package script '/home/seds/Desktop/TERRANCE/Terrance/install/cpp_stepper_controller/share/cpp_stepper_controller/package.bash'
[35.036s] INFO:colcon.colcon_core.shell:Creating package script '/home/seds/Desktop/TERRANCE/Terrance/install/cpp_stepper_controller/share/cpp_stepper_controller/package.zsh'
[35.038s] Level 1:colcon.colcon_core.environment:create_file_with_runtime_dependencies(/home/seds/Desktop/TERRANCE/Terrance/install/cpp_stepper_controller/share/colcon-core/packages/cpp_stepper_controller)
[35.199s] Level 1:colcon.colcon_core.environment:create_environment_scripts_only(cpp_stepper_controller)
[35.200s] Level 1:colcon.colcon_core.environment:checking '/home/seds/Desktop/TERRANCE/Terrance/install/cpp_stepper_controller' for CMake module files
[35.204s] Level 1:colcon.colcon_core.environment:checking '/home/seds/Desktop/TERRANCE/Terrance/install/cpp_stepper_controller' for CMake config files
[35.207s] Level 1:colcon.colcon_core.shell:create_environment_hook('cpp_stepper_controller', 'cmake_prefix_path')
[35.208s] INFO:colcon.colcon_core.shell:Creating environment hook '/home/seds/Desktop/TERRANCE/Terrance/install/cpp_stepper_controller/share/cpp_stepper_controller/hook/cmake_prefix_path.ps1'
[35.211s] INFO:colcon.colcon_core.shell:Creating environment descriptor '/home/seds/Desktop/TERRANCE/Terrance/install/cpp_stepper_controller/share/cpp_stepper_controller/hook/cmake_prefix_path.dsv'
[35.214s] INFO:colcon.colcon_core.shell:Creating environment hook '/home/seds/Desktop/TERRANCE/Terrance/install/cpp_stepper_controller/share/cpp_stepper_controller/hook/cmake_prefix_path.sh'
[35.216s] Level 1:colcon.colcon_core.environment:checking '/home/seds/Desktop/TERRANCE/Terrance/install/cpp_stepper_controller/lib'
[35.217s] Level 1:colcon.colcon_core.environment:checking '/home/seds/Desktop/TERRANCE/Terrance/install/cpp_stepper_controller/bin'
[35.217s] Level 1:colcon.colcon_core.environment:checking '/home/seds/Desktop/TERRANCE/Terrance/install/cpp_stepper_controller/lib/pkgconfig/cpp_stepper_controller.pc'
[35.218s] Level 1:colcon.colcon_core.environment:checking '/home/seds/Desktop/TERRANCE/Terrance/install/cpp_stepper_controller/lib/python3.10/site-packages'
[35.219s] Level 1:colcon.colcon_core.environment:checking '/home/seds/Desktop/TERRANCE/Terrance/install/cpp_stepper_controller/bin'
[35.220s] INFO:colcon.colcon_core.shell:Creating package script '/home/seds/Desktop/TERRANCE/Terrance/install/cpp_stepper_controller/share/cpp_stepper_controller/package.ps1'
[35.222s] INFO:colcon.colcon_core.shell:Creating package descriptor '/home/seds/Desktop/TERRANCE/Terrance/install/cpp_stepper_controller/share/cpp_stepper_controller/package.dsv'
[35.225s] INFO:colcon.colcon_core.shell:Creating package script '/home/seds/Desktop/TERRANCE/Terrance/install/cpp_stepper_controller/share/cpp_stepper_controller/package.sh'
[35.227s] INFO:colcon.colcon_core.shell:Creating package script '/home/seds/Desktop/TERRANCE/Terrance/install/cpp_stepper_controller/share/cpp_stepper_controller/package.bash'
[35.229s] INFO:colcon.colcon_core.shell:Creating package script '/home/seds/Desktop/TERRANCE/Terrance/install/cpp_stepper_controller/share/cpp_stepper_controller/package.zsh'
[35.231s] Level 1:colcon.colcon_core.environment:create_file_with_runtime_dependencies(/home/seds/Desktop/TERRANCE/Terrance/install/cpp_stepper_controller/share/colcon-core/packages/cpp_stepper_controller)
[35.232s] DEBUG:colcon.colcon_parallel_executor.executor.parallel:closing loop
[35.234s] DEBUG:colcon.colcon_parallel_executor.executor.parallel:loop closed
[35.234s] DEBUG:colcon.colcon_parallel_executor.executor.parallel:run_until_complete finished with '0'
[35.235s] DEBUG:colcon.colcon_core.event_reactor:joining thread
[35.257s] INFO:colcon.colcon_core.plugin_system:Skipping extension 'colcon_notification.desktop_notification.terminal_notifier': Not used on non-Darwin systems
[35.258s] INFO:colcon.colcon_core.plugin_system:Skipping extension 'colcon_notification.desktop_notification.win32': Not used on non-Windows systems
[35.258s] INFO:colcon.colcon_notification.desktop_notification:Sending desktop notification using 'notify2'
[35.259s] DEBUG:colcon.colcon_notification.desktop_notification.notify2:Failed to initialize notify2: org.freedesktop.DBus.Error.NoReply: Did not receive a reply. Possible causes include: the remote application did not send a reply, the message bus security policy blocked the reply, the reply timeout expired, or the network connection was broken.
[35.259s] DEBUG:colcon.colcon_core.event_reactor:joined thread
[35.261s] INFO:colcon.colcon_core.shell:Creating prefix script '/home/seds/Desktop/TERRANCE/Terrance/install/local_setup.ps1'
[35.265s] INFO:colcon.colcon_core.shell:Creating prefix util module '/home/seds/Desktop/TERRANCE/Terrance/install/_local_setup_util_ps1.py'
[35.273s] INFO:colcon.colcon_core.shell:Creating prefix chain script '/home/seds/Desktop/TERRANCE/Terrance/install/setup.ps1'
[35.279s] INFO:colcon.colcon_core.shell:Creating prefix script '/home/seds/Desktop/TERRANCE/Terrance/install/local_setup.sh'
[35.282s] INFO:colcon.colcon_core.shell:Creating prefix util module '/home/seds/Desktop/TERRANCE/Terrance/install/_local_setup_util_sh.py'
[35.285s] INFO:colcon.colcon_core.shell:Creating prefix chain script '/home/seds/Desktop/TERRANCE/Terrance/install/setup.sh'
[35.290s] INFO:colcon.colcon_core.shell:Creating prefix script '/home/seds/Desktop/TERRANCE/Terrance/install/local_setup.bash'
[35.292s] INFO:colcon.colcon_core.shell:Creating prefix chain script '/home/seds/Desktop/TERRANCE/Terrance/install/setup.bash'
[35.297s] INFO:colcon.colcon_core.shell:Creating prefix script '/home/seds/Desktop/TERRANCE/Terrance/install/local_setup.zsh'
[35.299s] INFO:colcon.colcon_core.shell:Creating prefix chain script '/home/seds/Desktop/TERRANCE/Terrance/install/setup.zsh'
