-- The C compiler identification is GNU 11.4.0
-- The CXX compiler identification is GNU 11.4.0
-- Detecting C compiler ABI info
-- Detecting C compiler ABI info - done
-- Check for working C compiler: /usr/bin/cc - skipped
-- Detecting C compile features
-- Detecting C compile features - done
-- Detecting CXX compiler ABI info
-- Detecting CXX compiler ABI info - done
-- Check for working CXX compiler: /usr/bin/c++ - skipped
-- Detecting CXX compile features
-- Detecting CXX compile features - done
-- Found ament_cmake: 2.0.4 (/opt/ros/iron/share/ament_cmake/cmake)
-- Found Python3: /usr/bin/python3.10 (found version "3.10.12") found components: Interpreter 
-- Found ament_lint_auto: 0.14.3 (/opt/ros/iron/share/ament_lint_auto/cmake)
-- Added test 'cppcheck' to perform static code analysis on C / C++ code
-- Configured cppcheck include dirs: 
-- Configured cppcheck exclude dirs and/or files: 
-- Added test 'lint_cmake' to check CMake code style
-- Added test 'uncrustify' to check C / C++ code style
-- Configured uncrustify additional arguments: 
-- Added test 'xmllint' to check XML markup files
-- Configuring done
-- Generating done
-- Build files have been written to: /root/Terrance/build/cpp_StepperController
-- Install configuration: ""
-- Installing: /root/Terrance/install/cpp_StepperController/share/ament_index/resource_index/package_run_dependencies/cpp_StepperController
-- Installing: /root/Terrance/install/cpp_StepperController/share/ament_index/resource_index/parent_prefix_path/cpp_StepperController
-- Installing: /root/Terrance/install/cpp_StepperController/share/cpp_StepperController/environment/ament_prefix_path.sh
-- Installing: /root/Terrance/install/cpp_StepperController/share/cpp_StepperController/environment/ament_prefix_path.dsv
-- Installing: /root/Terrance/install/cpp_StepperController/share/cpp_StepperController/environment/path.sh
-- Installing: /root/Terrance/install/cpp_StepperController/share/cpp_StepperController/environment/path.dsv
-- Installing: /root/Terrance/install/cpp_StepperController/share/cpp_StepperController/local_setup.bash
-- Installing: /root/Terrance/install/cpp_StepperController/share/cpp_StepperController/local_setup.sh
-- Installing: /root/Terrance/install/cpp_StepperController/share/cpp_StepperController/local_setup.zsh
-- Installing: /root/Terrance/install/cpp_StepperController/share/cpp_StepperController/local_setup.dsv
-- Installing: /root/Terrance/install/cpp_StepperController/share/cpp_StepperController/package.dsv
-- Installing: /root/Terrance/install/cpp_StepperController/share/ament_index/resource_index/packages/cpp_StepperController
-- Installing: /root/Terrance/install/cpp_StepperController/share/cpp_StepperController/cmake/cpp_StepperControllerConfig.cmake
-- Installing: /root/Terrance/install/cpp_StepperController/share/cpp_StepperController/cmake/cpp_StepperControllerConfig-version.cmake
-- Installing: /root/Terrance/install/cpp_StepperController/share/cpp_StepperController/package.xml
