[0.012s] Invoking command in '/root/Terrance/build/cpp_StepperController': CMAKE_PREFIX_PATH=/opt/ros/iron /usr/bin/cmake /root/Terrance/src/cpp_StepperController -DCMAKE_INSTALL_PREFIX=/root/Terrance/install/cpp_StepperController
[0.207s] -- The C compiler identification is GNU 11.4.0
[0.684s] -- The CXX compiler identification is GNU 11.4.0
[2.072s] -- Detecting C compiler ABI info
[2.219s] -- Detecting C compiler ABI info - done
[2.223s] -- Check for working C compiler: /usr/bin/cc - skipped
[2.224s] -- Detecting C compile features
[2.225s] -- Detecting C compile features - done
[2.228s] -- Detecting CXX compiler ABI info
[2.372s] -- Detecting CXX compiler ABI info - done
[2.376s] -- Check for working CXX compiler: /usr/bin/c++ - skipped
[2.377s] -- Detecting CXX compile features
[2.377s] -- Detecting CXX compile features - done
[2.378s] -- Found ament_cmake: 2.0.4 (/opt/ros/iron/share/ament_cmake/cmake)
[2.466s] -- Found Python3: /usr/bin/python3.10 (found version "3.10.12") found components: Interpreter 
[2.510s] -- Found ament_lint_auto: 0.14.3 (/opt/ros/iron/share/ament_lint_auto/cmake)
[2.538s] WARNING: Package name "cpp_StepperController" does not follow the naming conventions. It should start with a lower case letter and only contain lower case letters, digits, underscores, and dashes.
[2.550s] -- Added test 'cppcheck' to perform static code analysis on C / C++ code
[2.550s] -- Configured cppcheck include dirs: 
[2.550s] -- Configured cppcheck exclude dirs and/or files: 
[2.551s] -- Added test 'lint_cmake' to check CMake code style
[2.551s] -- Added test 'uncrustify' to check C / C++ code style
[2.551s] -- Configured uncrustify additional arguments: 
[2.551s] -- Added test 'xmllint' to check XML markup files
[2.552s] -- Configuring done
[2.554s] -- Generating done
[2.554s] -- Build files have been written to: /root/Terrance/build/cpp_StepperController
[2.558s] Invoked command in '/root/Terrance/build/cpp_StepperController' returned '0': CMAKE_PREFIX_PATH=/opt/ros/iron /usr/bin/cmake /root/Terrance/src/cpp_StepperController -DCMAKE_INSTALL_PREFIX=/root/Terrance/install/cpp_StepperController
[2.558s] Invoking command in '/root/Terrance/build/cpp_StepperController': CMAKE_PREFIX_PATH=/opt/ros/iron /usr/bin/cmake --build /root/Terrance/build/cpp_StepperController -- -j20 -l20
[2.574s] Invoked command in '/root/Terrance/build/cpp_StepperController' returned '0': CMAKE_PREFIX_PATH=/opt/ros/iron /usr/bin/cmake --build /root/Terrance/build/cpp_StepperController -- -j20 -l20
[2.586s] Invoking command in '/root/Terrance/build/cpp_StepperController': CMAKE_PREFIX_PATH=/opt/ros/iron /usr/bin/cmake --install /root/Terrance/build/cpp_StepperController
[2.589s] -- Install configuration: ""
[2.589s] -- Installing: /root/Terrance/install/cpp_StepperController/share/ament_index/resource_index/package_run_dependencies/cpp_StepperController
[2.590s] -- Installing: /root/Terrance/install/cpp_StepperController/share/ament_index/resource_index/parent_prefix_path/cpp_StepperController
[2.590s] -- Installing: /root/Terrance/install/cpp_StepperController/share/cpp_StepperController/environment/ament_prefix_path.sh
[2.590s] -- Installing: /root/Terrance/install/cpp_StepperController/share/cpp_StepperController/environment/ament_prefix_path.dsv
[2.590s] -- Installing: /root/Terrance/install/cpp_StepperController/share/cpp_StepperController/environment/path.sh
[2.590s] -- Installing: /root/Terrance/install/cpp_StepperController/share/cpp_StepperController/environment/path.dsv
[2.590s] -- Installing: /root/Terrance/install/cpp_StepperController/share/cpp_StepperController/local_setup.bash
[2.590s] -- Installing: /root/Terrance/install/cpp_StepperController/share/cpp_StepperController/local_setup.sh
[2.590s] -- Installing: /root/Terrance/install/cpp_StepperController/share/cpp_StepperController/local_setup.zsh
[2.590s] -- Installing: /root/Terrance/install/cpp_StepperController/share/cpp_StepperController/local_setup.dsv
[2.591s] -- Installing: /root/Terrance/install/cpp_StepperController/share/cpp_StepperController/package.dsv
[2.591s] -- Installing: /root/Terrance/install/cpp_StepperController/share/ament_index/resource_index/packages/cpp_StepperController
[2.591s] -- Installing: /root/Terrance/install/cpp_StepperController/share/cpp_StepperController/cmake/cpp_StepperControllerConfig.cmake
[2.591s] -- Installing: /root/Terrance/install/cpp_StepperController/share/cpp_StepperController/cmake/cpp_StepperControllerConfig-version.cmake
[2.591s] -- Installing: /root/Terrance/install/cpp_StepperController/share/cpp_StepperController/package.xml
[2.592s] Invoked command in '/root/Terrance/build/cpp_StepperController' returned '0': CMAKE_PREFIX_PATH=/opt/ros/iron /usr/bin/cmake --install /root/Terrance/build/cpp_StepperController
