[0.013s] Invoking command in '/root/Terrance/build/cpp_stepper_controller': CMAKE_PREFIX_PATH=${CMAKE_PREFIX_PATH}:/root/Terrance/install/py_publisher:/opt/ros/iron /usr/bin/cmake --build /root/Terrance/build/cpp_stepper_controller -- -j20 -l20
[0.033s] [35m[1mConsolidate compiler generated dependencies of target cpp_stepper_controller[0m
[0.042s] [ 25%] [32mBuilding CXX object CMakeFiles/cpp_stepper_controller.dir/src/cpp_stepper_controller.cpp.o[0m
[2.017s] [01m[K/root/Terrance/src/cpp_stepper_controller/src/cpp_stepper_controller.cpp:[m[K In function ‘[01m[Kint main(int, char**)[m[K’:
[2.017s] [01m[K/root/Terrance/src/cpp_stepper_controller/src/cpp_stepper_controller.cpp:34:20:[m[K [01;35m[Kwarning: [m[Kunused variable ‘[01m[Kgamepad[m[K’ [[01;35m[K]8;;https://gcc.gnu.org/onlinedocs/gcc/Warning-Options.html#index-Wunused-variable-Wunused-variable]8;;[m[K]
[2.017s]    34 |     const Gamepad &[01;35m[Kgamepad[m[K = controller_subscriber->getGamepad();
[2.017s]       |                    [01;35m[K^~~~~~~[m[K
[5.907s] [ 50%] [32m[1mLinking CXX executable cpp_stepper_controller[0m
[6.173s] [100%] Built target cpp_stepper_controller
[6.179s] Invoked command in '/root/Terrance/build/cpp_stepper_controller' returned '0': CMAKE_PREFIX_PATH=${CMAKE_PREFIX_PATH}:/root/Terrance/install/py_publisher:/opt/ros/iron /usr/bin/cmake --build /root/Terrance/build/cpp_stepper_controller -- -j20 -l20
[6.199s] Invoking command in '/root/Terrance/build/cpp_stepper_controller': CMAKE_PREFIX_PATH=${CMAKE_PREFIX_PATH}:/root/Terrance/install/py_publisher:/opt/ros/iron /usr/bin/cmake --install /root/Terrance/build/cpp_stepper_controller
[6.202s] -- Install configuration: ""
[6.202s] -- Installing: /root/Terrance/install/cpp_stepper_controller/lib/cpp_stepper_controller/cpp_stepper_controller
[6.206s] -- Set runtime path of "/root/Terrance/install/cpp_stepper_controller/lib/cpp_stepper_controller/cpp_stepper_controller" to ""
[6.206s] -- Up-to-date: /root/Terrance/install/cpp_stepper_controller/share/ament_index/resource_index/package_run_dependencies/cpp_stepper_controller
[6.206s] -- Up-to-date: /root/Terrance/install/cpp_stepper_controller/share/ament_index/resource_index/parent_prefix_path/cpp_stepper_controller
[6.206s] -- Up-to-date: /root/Terrance/install/cpp_stepper_controller/share/cpp_stepper_controller/environment/ament_prefix_path.sh
[6.206s] -- Up-to-date: /root/Terrance/install/cpp_stepper_controller/share/cpp_stepper_controller/environment/ament_prefix_path.dsv
[6.206s] -- Up-to-date: /root/Terrance/install/cpp_stepper_controller/share/cpp_stepper_controller/environment/path.sh
[6.206s] -- Up-to-date: /root/Terrance/install/cpp_stepper_controller/share/cpp_stepper_controller/environment/path.dsv
[6.206s] -- Up-to-date: /root/Terrance/install/cpp_stepper_controller/share/cpp_stepper_controller/local_setup.bash
[6.206s] -- Up-to-date: /root/Terrance/install/cpp_stepper_controller/share/cpp_stepper_controller/local_setup.sh
[6.207s] -- Up-to-date: /root/Terrance/install/cpp_stepper_controller/share/cpp_stepper_controller/local_setup.zsh
[6.207s] -- Up-to-date: /root/Terrance/install/cpp_stepper_controller/share/cpp_stepper_controller/local_setup.dsv
[6.207s] -- Installing: /root/Terrance/install/cpp_stepper_controller/share/cpp_stepper_controller/package.dsv
[6.207s] -- Up-to-date: /root/Terrance/install/cpp_stepper_controller/share/ament_index/resource_index/packages/cpp_stepper_controller
[6.207s] -- Up-to-date: /root/Terrance/install/cpp_stepper_controller/share/cpp_stepper_controller/cmake/cpp_stepper_controllerConfig.cmake
[6.207s] -- Up-to-date: /root/Terrance/install/cpp_stepper_controller/share/cpp_stepper_controller/cmake/cpp_stepper_controllerConfig-version.cmake
[6.207s] -- Up-to-date: /root/Terrance/install/cpp_stepper_controller/share/cpp_stepper_controller/package.xml
[6.208s] Invoked command in '/root/Terrance/build/cpp_stepper_controller' returned '0': CMAKE_PREFIX_PATH=${CMAKE_PREFIX_PATH}:/root/Terrance/install/py_publisher:/opt/ros/iron /usr/bin/cmake --install /root/Terrance/build/cpp_stepper_controller
