[0.006s] Invoking command in '/root/Terrance/build/cpp_stepper_controller': CMAKE_PREFIX_PATH=/opt/ros/iron /usr/bin/cmake /root/Terrance/src/cpp_stepper_controller -DCMAKE_INSTALL_PREFIX=/root/Terrance/install/cpp_stepper_controller
[0.217s] -- The C compiler identification is GNU 11.4.0
[0.614s] -- The CXX compiler identification is GNU 11.4.0
[0.815s] -- Detecting C compiler ABI info
[0.923s] -- Detecting C compiler ABI info - done
[0.926s] -- Check for working C compiler: /usr/bin/cc - skipped
[0.927s] -- Detecting C compile features
[0.928s] -- Detecting C compile features - done
[0.930s] -- Detecting CXX compiler ABI info
[1.039s] -- Detecting CXX compiler ABI info - done
[1.043s] -- Check for working CXX compiler: /usr/bin/c++ - skipped
[1.043s] -- Detecting CXX compile features
[1.043s] -- Detecting CXX compile features - done
[1.053s] -- Found ament_cmake: 2.0.4 (/opt/ros/iron/share/ament_cmake/cmake)
[1.144s] -- Found Python3: /usr/bin/python3.10 (found version "3.10.12") found components: Interpreter 
[1.301s] -- Found ament_lint_auto: 0.14.3 (/opt/ros/iron/share/ament_lint_auto/cmake)
[1.349s] -- Added test 'cppcheck' to perform static code analysis on C / C++ code
[1.349s] -- Configured cppcheck include dirs: $<BUILD_INTERFACE:/root/Terrance/src/cpp_stepper_controller/include>
[1.349s] -- Configured cppcheck exclude dirs and/or files: 
[1.350s] -- Added test 'lint_cmake' to check CMake code style
[1.351s] -- Added test 'uncrustify' to check C / C++ code style
[1.351s] -- Configured uncrustify additional arguments: 
[1.351s] -- Added test 'xmllint' to check XML markup files
[1.352s] -- Configuring done
[1.356s] -- Generating done
[1.356s] -- Build files have been written to: /root/Terrance/build/cpp_stepper_controller
[1.360s] Invoked command in '/root/Terrance/build/cpp_stepper_controller' returned '0': CMAKE_PREFIX_PATH=/opt/ros/iron /usr/bin/cmake /root/Terrance/src/cpp_stepper_controller -DCMAKE_INSTALL_PREFIX=/root/Terrance/install/cpp_stepper_controller
[1.361s] Invoking command in '/root/Terrance/build/cpp_stepper_controller': CMAKE_PREFIX_PATH=/opt/ros/iron /usr/bin/cmake --build /root/Terrance/build/cpp_stepper_controller -- -j20 -l20
[1.375s] [35m[1mConsolidate compiler generated dependencies of target cpp_stepper_controller[0m
[1.380s] [ 33%] [32mBuilding CXX object CMakeFiles/cpp_stepper_controller.dir/src/StepperController.cpp.o[0m
[1.381s] [ 66%] [32mBuilding CXX object CMakeFiles/cpp_stepper_controller.dir/src/cpp_stepper_controller.cpp.o[0m
[1.406s] [01m[K/root/Terrance/src/cpp_stepper_controller/src/StepperController.cpp:[m[K In member function ‘[01m[Kvoid StepperController::updateActivation(uint32_t)[m[K’:
[1.406s] [01m[K/root/Terrance/src/cpp_stepper_controller/src/StepperController.cpp:19:21:[m[K [01;35m[Kwarning: [m[Kcomparison of integer expressions of different signedness: ‘[01m[Kuint32_t[m[K’ {aka ‘[01m[Kunsigned int[m[K’} and ‘[01m[Kint[m[K’ [[01;35m[K]8;;https://gcc.gnu.org/onlinedocs/gcc/Warning-Options.html#index-Wsign-compare-Wsign-compare]8;;[m[K]
[1.406s]    19 |   if ([01;35m[Kt - period_us > previous_step[m[K)
[1.406s]       |       [01;35m[K~~~~~~~~~~~~~~^~~~~~~~~~~~~~~[m[K
[1.419s] [100%] [32m[1mLinking CXX executable cpp_stepper_controller[0m
[1.511s] [100%] Built target cpp_stepper_controller
[1.517s] Invoked command in '/root/Terrance/build/cpp_stepper_controller' returned '0': CMAKE_PREFIX_PATH=/opt/ros/iron /usr/bin/cmake --build /root/Terrance/build/cpp_stepper_controller -- -j20 -l20
[1.530s] Invoking command in '/root/Terrance/build/cpp_stepper_controller': CMAKE_PREFIX_PATH=/opt/ros/iron /usr/bin/cmake --install /root/Terrance/build/cpp_stepper_controller
[1.533s] -- Install configuration: ""
[1.533s] -- Installing: /root/Terrance/install/cpp_stepper_controller/lib/cpp_stepper_controller/cpp_stepper_controller
[1.533s] -- Set runtime path of "/root/Terrance/install/cpp_stepper_controller/lib/cpp_stepper_controller/cpp_stepper_controller" to ""
[1.533s] -- Up-to-date: /root/Terrance/install/cpp_stepper_controller/share/ament_index/resource_index/package_run_dependencies/cpp_stepper_controller
[1.533s] -- Installing: /root/Terrance/install/cpp_stepper_controller/share/ament_index/resource_index/parent_prefix_path/cpp_stepper_controller
[1.534s] -- Installing: /root/Terrance/install/cpp_stepper_controller/share/cpp_stepper_controller/environment/ament_prefix_path.sh
[1.534s] -- Up-to-date: /root/Terrance/install/cpp_stepper_controller/share/cpp_stepper_controller/environment/ament_prefix_path.dsv
[1.534s] -- Installing: /root/Terrance/install/cpp_stepper_controller/share/cpp_stepper_controller/environment/path.sh
[1.534s] -- Up-to-date: /root/Terrance/install/cpp_stepper_controller/share/cpp_stepper_controller/environment/path.dsv
[1.534s] -- Up-to-date: /root/Terrance/install/cpp_stepper_controller/share/cpp_stepper_controller/local_setup.bash
[1.534s] -- Installing: /root/Terrance/install/cpp_stepper_controller/share/cpp_stepper_controller/local_setup.sh
[1.534s] -- Up-to-date: /root/Terrance/install/cpp_stepper_controller/share/cpp_stepper_controller/local_setup.zsh
[1.534s] -- Up-to-date: /root/Terrance/install/cpp_stepper_controller/share/cpp_stepper_controller/local_setup.dsv
[1.534s] -- Installing: /root/Terrance/install/cpp_stepper_controller/share/cpp_stepper_controller/package.dsv
[1.534s] -- Up-to-date: /root/Terrance/install/cpp_stepper_controller/share/ament_index/resource_index/packages/cpp_stepper_controller
[1.534s] -- Up-to-date: /root/Terrance/install/cpp_stepper_controller/share/cpp_stepper_controller/cmake/cpp_stepper_controllerConfig.cmake
[1.535s] -- Up-to-date: /root/Terrance/install/cpp_stepper_controller/share/cpp_stepper_controller/cmake/cpp_stepper_controllerConfig-version.cmake
[1.535s] -- Up-to-date: /root/Terrance/install/cpp_stepper_controller/share/cpp_stepper_controller/package.xml
[1.535s] Invoked command in '/root/Terrance/build/cpp_stepper_controller' returned '0': CMAKE_PREFIX_PATH=/opt/ros/iron /usr/bin/cmake --install /root/Terrance/build/cpp_stepper_controller
