[0.057s] Invoking command in '/home/seds/Desktop/TERRANCE/Terrance/build/cpp_stepper_controller': CMAKE_PREFIX_PATH=${CMAKE_PREFIX_PATH}:/opt/ros/iron /usr/bin/cmake --build /home/seds/Desktop/TERRANCE/Terrance/build/cpp_stepper_controller -- -j4 -l4
[0.144s] -- Found ament_cmake: 2.0.4 (/opt/ros/iron/share/ament_cmake/cmake)
[0.989s] [31mCMake Error at CMakeLists.txt:12 (find_package):
[0.989s]   By not providing "Findpigpio.cmake" in CMAKE_MODULE_PATH this project has
[0.990s]   asked CMake to find a package configuration file provided by "pigpio", but
[0.990s]   CMake did not find one.
[0.990s] 
[0.991s]   Could not find a package configuration file provided by "pigpio" with any
[0.991s]   of the following names:
[0.992s] 
[0.992s]     pigpioConfig.cmake
[0.993s]     pigpio-config.cmake
[0.993s] 
[0.994s]   Add the installation prefix of "pigpio" to CMAKE_PREFIX_PATH or set
[0.994s]   "pigpio_DIR" to a directory containing one of the above files.  If "pigpio"
[0.994s]   provides a separate development package or SDK, be sure it has been
[0.995s]   installed.
[0.995s] 
[0.995s] [0m
[0.996s] -- Configuring incomplete, errors occurred!
[0.996s] See also "/home/seds/Desktop/TERRANCE/Terrance/build/cpp_stepper_controller/CMakeFiles/CMakeOutput.log".
[0.998s] gmake: *** [Makefile:267: cmake_check_build_system] Error 1
[1.004s] Invoked command in '/home/seds/Desktop/TERRANCE/Terrance/build/cpp_stepper_controller' returned '2': CMAKE_PREFIX_PATH=${CMAKE_PREFIX_PATH}:/opt/ros/iron /usr/bin/cmake --build /home/seds/Desktop/TERRANCE/Terrance/build/cpp_stepper_controller -- -j4 -l4
