[0.538s] DEBUG:colcon:Command line arguments: ['/usr/bin/colcon', 'build']
[0.538s] DEBUG:colcon:Parsed command line arguments: Namespace(log_base=None, log_level=None, verb_name='build', build_base='build', install_base='install', merge_install=False, symlink_install=False, test_result_base=None, continue_on_error=False, executor='parallel', parallel_workers=4, event_handlers=None, ignore_user_meta=False, metas=['./colcon.meta'], base_paths=['.'], packages_ignore=None, packages_ignore_regex=None, paths=None, packages_up_to=None, packages_up_to_regex=None, packages_above=None, packages_above_and_dependencies=None, packages_above_depth=None, packages_select_by_dep=None, packages_skip_by_dep=None, packages_skip_up_to=None, packages_select_build_failed=False, packages_skip_build_finished=False, packages_select_test_failures=False, packages_skip_test_passed=False, packages_select=None, packages_skip=None, packages_select_regex=None, packages_skip_regex=None, packages_start=None, packages_end=None, allow_overriding=[], cmake_args=None, cmake_target=None, cmake_target_skip_unavailable=False, cmake_clean_cache=False, cmake_clean_first=False, cmake_force_configure=False, ament_cmake_args=None, catkin_cmake_args=None, catkin_skip_building_tests=False, verb_parser=<colcon_defaults.argument_parser.defaults.DefaultArgumentsDecorator object at 0xffff7fb80370>, verb_extension=<colcon_core.verb.build.BuildVerb object at 0xffff7fcbcf70>, main=<bound method BuildVerb.main of <colcon_core.verb.build.BuildVerb object at 0xffff7fcbcf70>>)
[1.532s] Level 1:colcon.colcon_core.package_discovery:discover_packages(colcon_meta) check parameters
[1.533s] Level 1:colcon.colcon_core.package_discovery:discover_packages(recursive) check parameters
[1.533s] Level 1:colcon.colcon_core.package_discovery:discover_packages(ignore) check parameters
[1.533s] Level 1:colcon.colcon_core.package_discovery:discover_packages(path) check parameters
[1.533s] Level 1:colcon.colcon_core.package_discovery:discover_packages(colcon_meta) discover
[1.533s] Level 1:colcon.colcon_core.package_discovery:discover_packages(recursive) discover
[1.534s] INFO:colcon.colcon_core.package_discovery:Crawling recursively for packages in '/home/seds/Desktop/TERRANCE/Terrance'
[1.534s] Level 1:colcon.colcon_core.package_identification:_identify(.) by extensions ['ignore', 'ignore_ament_install']
[1.535s] Level 1:colcon.colcon_core.package_identification:_identify(.) by extension 'ignore'
[1.535s] Level 1:colcon.colcon_core.package_identification:_identify(.) by extension 'ignore_ament_install'
[1.535s] Level 1:colcon.colcon_core.package_identification:_identify(.) by extensions ['colcon_pkg']
[1.535s] Level 1:colcon.colcon_core.package_identification:_identify(.) by extension 'colcon_pkg'
[1.536s] Level 1:colcon.colcon_core.package_identification:_identify(.) by extensions ['colcon_meta']
[1.536s] Level 1:colcon.colcon_core.package_identification:_identify(.) by extension 'colcon_meta'
[1.536s] Level 1:colcon.colcon_core.package_identification:_identify(.) by extensions ['ros']
[1.536s] Level 1:colcon.colcon_core.package_identification:_identify(.) by extension 'ros'
[1.590s] Level 1:colcon.colcon_core.package_identification:_identify(.) by extensions ['cmake', 'python']
[1.590s] Level 1:colcon.colcon_core.package_identification:_identify(.) by extension 'cmake'
[1.590s] Level 1:colcon.colcon_core.package_identification:_identify(.) by extension 'python'
[1.591s] Level 1:colcon.colcon_core.package_identification:_identify(.) by extensions ['python_setup_py']
[1.591s] Level 1:colcon.colcon_core.package_identification:_identify(.) by extension 'python_setup_py'
[1.592s] Level 1:colcon.colcon_core.package_identification:_identify(build) by extensions ['ignore', 'ignore_ament_install']
[1.592s] Level 1:colcon.colcon_core.package_identification:_identify(build) by extension 'ignore'
[1.592s] Level 1:colcon.colcon_core.package_identification:_identify(build) ignored
[1.593s] Level 1:colcon.colcon_core.package_identification:_identify(install) by extensions ['ignore', 'ignore_ament_install']
[1.594s] Level 1:colcon.colcon_core.package_identification:_identify(install) by extension 'ignore'
[1.594s] Level 1:colcon.colcon_core.package_identification:_identify(install) ignored
[1.595s] Level 1:colcon.colcon_core.package_identification:_identify(log) by extensions ['ignore', 'ignore_ament_install']
[1.595s] Level 1:colcon.colcon_core.package_identification:_identify(log) by extension 'ignore'
[1.596s] Level 1:colcon.colcon_core.package_identification:_identify(log) ignored
[1.596s] Level 1:colcon.colcon_core.package_identification:_identify(src) by extensions ['ignore', 'ignore_ament_install']
[1.596s] Level 1:colcon.colcon_core.package_identification:_identify(src) by extension 'ignore'
[1.597s] Level 1:colcon.colcon_core.package_identification:_identify(src) by extension 'ignore_ament_install'
[1.597s] Level 1:colcon.colcon_core.package_identification:_identify(src) by extensions ['colcon_pkg']
[1.597s] Level 1:colcon.colcon_core.package_identification:_identify(src) by extension 'colcon_pkg'
[1.597s] Level 1:colcon.colcon_core.package_identification:_identify(src) by extensions ['colcon_meta']
[1.598s] Level 1:colcon.colcon_core.package_identification:_identify(src) by extension 'colcon_meta'
[1.598s] Level 1:colcon.colcon_core.package_identification:_identify(src) by extensions ['ros']
[1.598s] Level 1:colcon.colcon_core.package_identification:_identify(src) by extension 'ros'
[1.598s] Level 1:colcon.colcon_core.package_identification:_identify(src) by extensions ['cmake', 'python']
[1.599s] Level 1:colcon.colcon_core.package_identification:_identify(src) by extension 'cmake'
[1.599s] Level 1:colcon.colcon_core.package_identification:_identify(src) by extension 'python'
[1.599s] Level 1:colcon.colcon_core.package_identification:_identify(src) by extensions ['python_setup_py']
[1.599s] Level 1:colcon.colcon_core.package_identification:_identify(src) by extension 'python_setup_py'
[1.600s] Level 1:colcon.colcon_core.package_identification:_identify(src/build) by extensions ['ignore', 'ignore_ament_install']
[1.601s] Level 1:colcon.colcon_core.package_identification:_identify(src/build) by extension 'ignore'
[1.601s] Level 1:colcon.colcon_core.package_identification:_identify(src/build) ignored
[1.602s] Level 1:colcon.colcon_core.package_identification:_identify(src/cpp_stepper_controller) by extensions ['ignore', 'ignore_ament_install']
[1.602s] Level 1:colcon.colcon_core.package_identification:_identify(src/cpp_stepper_controller) by extension 'ignore'
[1.603s] Level 1:colcon.colcon_core.package_identification:_identify(src/cpp_stepper_controller) by extension 'ignore_ament_install'
[1.603s] Level 1:colcon.colcon_core.package_identification:_identify(src/cpp_stepper_controller) by extensions ['colcon_pkg']
[1.604s] Level 1:colcon.colcon_core.package_identification:_identify(src/cpp_stepper_controller) by extension 'colcon_pkg'
[1.604s] Level 1:colcon.colcon_core.package_identification:_identify(src/cpp_stepper_controller) by extensions ['colcon_meta']
[1.604s] Level 1:colcon.colcon_core.package_identification:_identify(src/cpp_stepper_controller) by extension 'colcon_meta'
[1.605s] Level 1:colcon.colcon_core.package_identification:_identify(src/cpp_stepper_controller) by extensions ['ros']
[1.605s] Level 1:colcon.colcon_core.package_identification:_identify(src/cpp_stepper_controller) by extension 'ros'
[1.617s] DEBUG:colcon.colcon_core.package_identification:Package 'src/cpp_stepper_controller' with type 'ros.ament_cmake' and name 'cpp_stepper_controller'
[1.618s] Level 1:colcon.colcon_core.package_identification:_identify(src/install) by extensions ['ignore', 'ignore_ament_install']
[1.618s] Level 1:colcon.colcon_core.package_identification:_identify(src/install) by extension 'ignore'
[1.619s] Level 1:colcon.colcon_core.package_identification:_identify(src/install) ignored
[1.620s] Level 1:colcon.colcon_core.package_identification:_identify(src/log) by extensions ['ignore', 'ignore_ament_install']
[1.620s] Level 1:colcon.colcon_core.package_identification:_identify(src/log) by extension 'ignore'
[1.621s] Level 1:colcon.colcon_core.package_identification:_identify(src/log) ignored
[1.621s] Level 1:colcon.colcon_core.package_discovery:discover_packages(recursive) using defaults
[1.621s] Level 1:colcon.colcon_core.package_discovery:discover_packages(ignore) discover
[1.621s] Level 1:colcon.colcon_core.package_discovery:discover_packages(ignore) using defaults
[1.622s] Level 1:colcon.colcon_core.package_discovery:discover_packages(path) discover
[1.622s] Level 1:colcon.colcon_core.package_discovery:discover_packages(path) using defaults
[1.718s] Level 1:colcon.colcon_core.package_discovery:discover_packages(prefix_path) check parameters
[1.719s] Level 1:colcon.colcon_core.package_discovery:discover_packages(prefix_path) discover
[1.728s] DEBUG:colcon.colcon_installed_package_information.package_discovery:Found 2 installed packages in /home/seds/Desktop/TERRANCE/Terrance/install
[1.738s] DEBUG:colcon.colcon_installed_package_information.package_discovery:Found 281 installed packages in /opt/ros/iron
[1.789s] Level 1:colcon.colcon_core.package_discovery:discover_packages(prefix_path) using defaults
[2.039s] Level 5:colcon.colcon_core.verb:set package 'cpp_stepper_controller' build argument 'cmake_args' from command line to 'None'
[2.039s] Level 5:colcon.colcon_core.verb:set package 'cpp_stepper_controller' build argument 'cmake_target' from command line to 'None'
[2.039s] Level 5:colcon.colcon_core.verb:set package 'cpp_stepper_controller' build argument 'cmake_target_skip_unavailable' from command line to 'False'
[2.039s] Level 5:colcon.colcon_core.verb:set package 'cpp_stepper_controller' build argument 'cmake_clean_cache' from command line to 'False'
[2.040s] Level 5:colcon.colcon_core.verb:set package 'cpp_stepper_controller' build argument 'cmake_clean_first' from command line to 'False'
[2.040s] Level 5:colcon.colcon_core.verb:set package 'cpp_stepper_controller' build argument 'cmake_force_configure' from command line to 'False'
[2.040s] Level 5:colcon.colcon_core.verb:set package 'cpp_stepper_controller' build argument 'ament_cmake_args' from command line to 'None'
[2.040s] Level 5:colcon.colcon_core.verb:set package 'cpp_stepper_controller' build argument 'catkin_cmake_args' from command line to 'None'
[2.040s] Level 5:colcon.colcon_core.verb:set package 'cpp_stepper_controller' build argument 'catkin_skip_building_tests' from command line to 'False'
[2.040s] DEBUG:colcon.colcon_core.verb:Building package 'cpp_stepper_controller' with the following arguments: {'ament_cmake_args': None, 'build_base': '/home/seds/Desktop/TERRANCE/Terrance/build/cpp_stepper_controller', 'catkin_cmake_args': None, 'catkin_skip_building_tests': False, 'cmake_args': None, 'cmake_clean_cache': False, 'cmake_clean_first': False, 'cmake_force_configure': False, 'cmake_target': None, 'cmake_target_skip_unavailable': False, 'install_base': '/home/seds/Desktop/TERRANCE/Terrance/install/cpp_stepper_controller', 'merge_install': False, 'path': '/home/seds/Desktop/TERRANCE/Terrance/src/cpp_stepper_controller', 'symlink_install': False, 'test_result_base': None}
[2.041s] INFO:colcon.colcon_core.executor:Executing jobs using 'parallel' executor
[2.045s] DEBUG:colcon.colcon_parallel_executor.executor.parallel:run_until_complete
[2.046s] INFO:colcon.colcon_ros.task.ament_cmake.build:Building ROS package in '/home/seds/Desktop/TERRANCE/Terrance/src/cpp_stepper_controller' with build type 'ament_cmake'
[2.047s] INFO:colcon.colcon_cmake.task.cmake.build:Building CMake package in '/home/seds/Desktop/TERRANCE/Terrance/src/cpp_stepper_controller'
[2.057s] INFO:colcon.colcon_core.plugin_system:Skipping extension 'colcon_core.shell.bat': Not used on non-Windows systems
[2.058s] INFO:colcon.colcon_core.shell:Skip shell extension 'powershell' for command environment: Not usable outside of PowerShell
[2.058s] DEBUG:colcon.colcon_core.shell:Skip shell extension 'dsv' for command environment
[2.115s] DEBUG:colcon.colcon_core.event_handler.log_command:Invoking command in '/home/seds/Desktop/TERRANCE/Terrance/build/cpp_stepper_controller': CMAKE_PREFIX_PATH=${CMAKE_PREFIX_PATH}:/opt/ros/iron /usr/bin/cmake --build /home/seds/Desktop/TERRANCE/Terrance/build/cpp_stepper_controller -- -j4 -l4
[2.835s] DEBUG:colcon.colcon_core.event_handler.log_command:Invoked command in '/home/seds/Desktop/TERRANCE/Terrance/build/cpp_stepper_controller' returned '0': CMAKE_PREFIX_PATH=${CMAKE_PREFIX_PATH}:/opt/ros/iron /usr/bin/cmake --build /home/seds/Desktop/TERRANCE/Terrance/build/cpp_stepper_controller -- -j4 -l4
[3.031s] DEBUG:colcon.colcon_core.event_handler.log_command:Invoking command in '/home/seds/Desktop/TERRANCE/Terrance/build/cpp_stepper_controller': CMAKE_PREFIX_PATH=${CMAKE_PREFIX_PATH}:/opt/ros/iron /usr/bin/cmake --install /home/seds/Desktop/TERRANCE/Terrance/build/cpp_stepper_controller
[3.078s] Level 1:colcon.colcon_core.environment:create_environment_scripts_only(cpp_stepper_controller)
[3.083s] DEBUG:colcon.colcon_core.event_handler.log_command:Invoked command in '/home/seds/Desktop/TERRANCE/Terrance/build/cpp_stepper_controller' returned '0': CMAKE_PREFIX_PATH=${CMAKE_PREFIX_PATH}:/opt/ros/iron /usr/bin/cmake --install /home/seds/Desktop/TERRANCE/Terrance/build/cpp_stepper_controller
[3.097s] Level 1:colcon.colcon_core.environment:checking '/home/seds/Desktop/TERRANCE/Terrance/install/cpp_stepper_controller' for CMake module files
[3.101s] Level 1:colcon.colcon_core.environment:checking '/home/seds/Desktop/TERRANCE/Terrance/install/cpp_stepper_controller' for CMake config files
[3.103s] Level 1:colcon.colcon_core.shell:create_environment_hook('cpp_stepper_controller', 'cmake_prefix_path')
[3.104s] INFO:colcon.colcon_core.shell:Creating environment hook '/home/seds/Desktop/TERRANCE/Terrance/install/cpp_stepper_controller/share/cpp_stepper_controller/hook/cmake_prefix_path.ps1'
[3.107s] INFO:colcon.colcon_core.shell:Creating environment descriptor '/home/seds/Desktop/TERRANCE/Terrance/install/cpp_stepper_controller/share/cpp_stepper_controller/hook/cmake_prefix_path.dsv'
[3.110s] INFO:colcon.colcon_core.shell:Creating environment hook '/home/seds/Desktop/TERRANCE/Terrance/install/cpp_stepper_controller/share/cpp_stepper_controller/hook/cmake_prefix_path.sh'
[3.115s] Level 1:colcon.colcon_core.environment:checking '/home/seds/Desktop/TERRANCE/Terrance/install/cpp_stepper_controller/lib'
[3.116s] Level 1:colcon.colcon_core.environment:checking '/home/seds/Desktop/TERRANCE/Terrance/install/cpp_stepper_controller/bin'
[3.116s] Level 1:colcon.colcon_core.environment:checking '/home/seds/Desktop/TERRANCE/Terrance/install/cpp_stepper_controller/lib/pkgconfig/cpp_stepper_controller.pc'
[3.117s] Level 1:colcon.colcon_core.environment:checking '/home/seds/Desktop/TERRANCE/Terrance/install/cpp_stepper_controller/lib/python3.10/site-packages'
[3.118s] Level 1:colcon.colcon_core.environment:checking '/home/seds/Desktop/TERRANCE/Terrance/install/cpp_stepper_controller/bin'
[3.120s] INFO:colcon.colcon_core.shell:Creating package script '/home/seds/Desktop/TERRANCE/Terrance/install/cpp_stepper_controller/share/cpp_stepper_controller/package.ps1'
[3.123s] INFO:colcon.colcon_core.shell:Creating package descriptor '/home/seds/Desktop/TERRANCE/Terrance/install/cpp_stepper_controller/share/cpp_stepper_controller/package.dsv'
[3.126s] INFO:colcon.colcon_core.shell:Creating package script '/home/seds/Desktop/TERRANCE/Terrance/install/cpp_stepper_controller/share/cpp_stepper_controller/package.sh'
[3.130s] INFO:colcon.colcon_core.shell:Creating package script '/home/seds/Desktop/TERRANCE/Terrance/install/cpp_stepper_controller/share/cpp_stepper_controller/package.bash'
[3.134s] INFO:colcon.colcon_core.shell:Creating package script '/home/seds/Desktop/TERRANCE/Terrance/install/cpp_stepper_controller/share/cpp_stepper_controller/package.zsh'
[3.137s] Level 1:colcon.colcon_core.environment:create_file_with_runtime_dependencies(/home/seds/Desktop/TERRANCE/Terrance/install/cpp_stepper_controller/share/colcon-core/packages/cpp_stepper_controller)
[3.305s] Level 1:colcon.colcon_core.environment:create_environment_scripts_only(cpp_stepper_controller)
[3.306s] Level 1:colcon.colcon_core.environment:checking '/home/seds/Desktop/TERRANCE/Terrance/install/cpp_stepper_controller' for CMake module files
[3.310s] Level 1:colcon.colcon_core.environment:checking '/home/seds/Desktop/TERRANCE/Terrance/install/cpp_stepper_controller' for CMake config files
[3.313s] Level 1:colcon.colcon_core.shell:create_environment_hook('cpp_stepper_controller', 'cmake_prefix_path')
[3.314s] INFO:colcon.colcon_core.shell:Creating environment hook '/home/seds/Desktop/TERRANCE/Terrance/install/cpp_stepper_controller/share/cpp_stepper_controller/hook/cmake_prefix_path.ps1'
[3.316s] INFO:colcon.colcon_core.shell:Creating environment descriptor '/home/seds/Desktop/TERRANCE/Terrance/install/cpp_stepper_controller/share/cpp_stepper_controller/hook/cmake_prefix_path.dsv'
[3.318s] INFO:colcon.colcon_core.shell:Creating environment hook '/home/seds/Desktop/TERRANCE/Terrance/install/cpp_stepper_controller/share/cpp_stepper_controller/hook/cmake_prefix_path.sh'
[3.323s] Level 1:colcon.colcon_core.environment:checking '/home/seds/Desktop/TERRANCE/Terrance/install/cpp_stepper_controller/lib'
[3.324s] Level 1:colcon.colcon_core.environment:checking '/home/seds/Desktop/TERRANCE/Terrance/install/cpp_stepper_controller/bin'
[3.325s] Level 1:colcon.colcon_core.environment:checking '/home/seds/Desktop/TERRANCE/Terrance/install/cpp_stepper_controller/lib/pkgconfig/cpp_stepper_controller.pc'
[3.326s] Level 1:colcon.colcon_core.environment:checking '/home/seds/Desktop/TERRANCE/Terrance/install/cpp_stepper_controller/lib/python3.10/site-packages'
[3.327s] Level 1:colcon.colcon_core.environment:checking '/home/seds/Desktop/TERRANCE/Terrance/install/cpp_stepper_controller/bin'
[3.329s] INFO:colcon.colcon_core.shell:Creating package script '/home/seds/Desktop/TERRANCE/Terrance/install/cpp_stepper_controller/share/cpp_stepper_controller/package.ps1'
[3.332s] INFO:colcon.colcon_core.shell:Creating package descriptor '/home/seds/Desktop/TERRANCE/Terrance/install/cpp_stepper_controller/share/cpp_stepper_controller/package.dsv'
[3.334s] INFO:colcon.colcon_core.shell:Creating package script '/home/seds/Desktop/TERRANCE/Terrance/install/cpp_stepper_controller/share/cpp_stepper_controller/package.sh'
[3.337s] INFO:colcon.colcon_core.shell:Creating package script '/home/seds/Desktop/TERRANCE/Terrance/install/cpp_stepper_controller/share/cpp_stepper_controller/package.bash'
[3.339s] INFO:colcon.colcon_core.shell:Creating package script '/home/seds/Desktop/TERRANCE/Terrance/install/cpp_stepper_controller/share/cpp_stepper_controller/package.zsh'
[3.342s] Level 1:colcon.colcon_core.environment:create_file_with_runtime_dependencies(/home/seds/Desktop/TERRANCE/Terrance/install/cpp_stepper_controller/share/colcon-core/packages/cpp_stepper_controller)
[3.343s] DEBUG:colcon.colcon_parallel_executor.executor.parallel:closing loop
[3.346s] DEBUG:colcon.colcon_parallel_executor.executor.parallel:loop closed
[3.347s] DEBUG:colcon.colcon_parallel_executor.executor.parallel:run_until_complete finished with '0'
[3.347s] DEBUG:colcon.colcon_core.event_reactor:joining thread
[3.379s] INFO:colcon.colcon_core.plugin_system:Skipping extension 'colcon_notification.desktop_notification.terminal_notifier': Not used on non-Darwin systems
[3.380s] INFO:colcon.colcon_core.plugin_system:Skipping extension 'colcon_notification.desktop_notification.win32': Not used on non-Windows systems
[3.380s] INFO:colcon.colcon_notification.desktop_notification:Sending desktop notification using 'notify2'
[3.383s] DEBUG:colcon.colcon_notification.desktop_notification.notify2:Failed to initialize notify2: org.freedesktop.DBus.Error.NoReply: Did not receive a reply. Possible causes include: the remote application did not send a reply, the message bus security policy blocked the reply, the reply timeout expired, or the network connection was broken.
[3.384s] DEBUG:colcon.colcon_core.event_reactor:joined thread
[3.386s] INFO:colcon.colcon_core.shell:Creating prefix script '/home/seds/Desktop/TERRANCE/Terrance/install/local_setup.ps1'
[3.392s] INFO:colcon.colcon_core.shell:Creating prefix util module '/home/seds/Desktop/TERRANCE/Terrance/install/_local_setup_util_ps1.py'
[3.398s] INFO:colcon.colcon_core.shell:Creating prefix chain script '/home/seds/Desktop/TERRANCE/Terrance/install/setup.ps1'
[3.404s] INFO:colcon.colcon_core.shell:Creating prefix script '/home/seds/Desktop/TERRANCE/Terrance/install/local_setup.sh'
[3.407s] INFO:colcon.colcon_core.shell:Creating prefix util module '/home/seds/Desktop/TERRANCE/Terrance/install/_local_setup_util_sh.py'
[3.410s] INFO:colcon.colcon_core.shell:Creating prefix chain script '/home/seds/Desktop/TERRANCE/Terrance/install/setup.sh'
[3.415s] INFO:colcon.colcon_core.shell:Creating prefix script '/home/seds/Desktop/TERRANCE/Terrance/install/local_setup.bash'
[3.418s] INFO:colcon.colcon_core.shell:Creating prefix chain script '/home/seds/Desktop/TERRANCE/Terrance/install/setup.bash'
[3.423s] INFO:colcon.colcon_core.shell:Creating prefix script '/home/seds/Desktop/TERRANCE/Terrance/install/local_setup.zsh'
[3.426s] INFO:colcon.colcon_core.shell:Creating prefix chain script '/home/seds/Desktop/TERRANCE/Terrance/install/setup.zsh'
