[0.434s] DEBUG:colcon:Command line arguments: ['/usr/bin/colcon', 'build']
[0.434s] DEBUG:colcon:Parsed command line arguments: Namespace(log_base=None, log_level=None, verb_name='build', build_base='build', install_base='install', merge_install=False, symlink_install=False, test_result_base=None, continue_on_error=False, executor='parallel', parallel_workers=4, event_handlers=None, ignore_user_meta=False, metas=['./colcon.meta'], base_paths=['.'], packages_ignore=None, packages_ignore_regex=None, paths=None, packages_up_to=None, packages_up_to_regex=None, packages_above=None, packages_above_and_dependencies=None, packages_above_depth=None, packages_select_by_dep=None, packages_skip_by_dep=None, packages_skip_up_to=None, packages_select_build_failed=False, packages_skip_build_finished=False, packages_select_test_failures=False, packages_skip_test_passed=False, packages_select=None, packages_skip=None, packages_select_regex=None, packages_skip_regex=None, packages_start=None, packages_end=None, allow_overriding=[], cmake_args=None, cmake_target=None, cmake_target_skip_unavailable=False, cmake_clean_cache=False, cmake_clean_first=False, cmake_force_configure=False, ament_cmake_args=None, catkin_cmake_args=None, catkin_skip_building_tests=False, verb_parser=<colcon_defaults.argument_parser.defaults.DefaultArgumentsDecorator object at 0xffffa67f81f0>, verb_extension=<colcon_core.verb.build.BuildVerb object at 0xffffa6930df0>, main=<bound method BuildVerb.main of <colcon_core.verb.build.BuildVerb object at 0xffffa6930df0>>)
[1.232s] Level 1:colcon.colcon_core.package_discovery:discover_packages(colcon_meta) check parameters
[1.232s] Level 1:colcon.colcon_core.package_discovery:discover_packages(recursive) check parameters
[1.233s] Level 1:colcon.colcon_core.package_discovery:discover_packages(ignore) check parameters
[1.233s] Level 1:colcon.colcon_core.package_discovery:discover_packages(path) check parameters
[1.233s] Level 1:colcon.colcon_core.package_discovery:discover_packages(colcon_meta) discover
[1.233s] Level 1:colcon.colcon_core.package_discovery:discover_packages(recursive) discover
[1.233s] INFO:colcon.colcon_core.package_discovery:Crawling recursively for packages in '/home/seds/Desktop/TERRANCE/Terrance'
[1.234s] Level 1:colcon.colcon_core.package_identification:_identify(.) by extensions ['ignore', 'ignore_ament_install']
[1.234s] Level 1:colcon.colcon_core.package_identification:_identify(.) by extension 'ignore'
[1.235s] Level 1:colcon.colcon_core.package_identification:_identify(.) by extension 'ignore_ament_install'
[1.235s] Level 1:colcon.colcon_core.package_identification:_identify(.) by extensions ['colcon_pkg']
[1.235s] Level 1:colcon.colcon_core.package_identification:_identify(.) by extension 'colcon_pkg'
[1.235s] Level 1:colcon.colcon_core.package_identification:_identify(.) by extensions ['colcon_meta']
[1.236s] Level 1:colcon.colcon_core.package_identification:_identify(.) by extension 'colcon_meta'
[1.236s] Level 1:colcon.colcon_core.package_identification:_identify(.) by extensions ['ros']
[1.236s] Level 1:colcon.colcon_core.package_identification:_identify(.) by extension 'ros'
[1.282s] Level 1:colcon.colcon_core.package_identification:_identify(.) by extensions ['cmake', 'python']
[1.282s] Level 1:colcon.colcon_core.package_identification:_identify(.) by extension 'cmake'
[1.283s] Level 1:colcon.colcon_core.package_identification:_identify(.) by extension 'python'
[1.283s] Level 1:colcon.colcon_core.package_identification:_identify(.) by extensions ['python_setup_py']
[1.283s] Level 1:colcon.colcon_core.package_identification:_identify(.) by extension 'python_setup_py'
[1.284s] Level 1:colcon.colcon_core.package_identification:_identify(build) by extensions ['ignore', 'ignore_ament_install']
[1.284s] Level 1:colcon.colcon_core.package_identification:_identify(build) by extension 'ignore'
[1.285s] Level 1:colcon.colcon_core.package_identification:_identify(build) ignored
[1.285s] Level 1:colcon.colcon_core.package_identification:_identify(install) by extensions ['ignore', 'ignore_ament_install']
[1.286s] Level 1:colcon.colcon_core.package_identification:_identify(install) by extension 'ignore'
[1.286s] Level 1:colcon.colcon_core.package_identification:_identify(install) ignored
[1.287s] Level 1:colcon.colcon_core.package_identification:_identify(log) by extensions ['ignore', 'ignore_ament_install']
[1.287s] Level 1:colcon.colcon_core.package_identification:_identify(log) by extension 'ignore'
[1.287s] Level 1:colcon.colcon_core.package_identification:_identify(log) ignored
[1.288s] Level 1:colcon.colcon_core.package_identification:_identify(src) by extensions ['ignore', 'ignore_ament_install']
[1.288s] Level 1:colcon.colcon_core.package_identification:_identify(src) by extension 'ignore'
[1.288s] Level 1:colcon.colcon_core.package_identification:_identify(src) by extension 'ignore_ament_install'
[1.289s] Level 1:colcon.colcon_core.package_identification:_identify(src) by extensions ['colcon_pkg']
[1.289s] Level 1:colcon.colcon_core.package_identification:_identify(src) by extension 'colcon_pkg'
[1.289s] Level 1:colcon.colcon_core.package_identification:_identify(src) by extensions ['colcon_meta']
[1.289s] Level 1:colcon.colcon_core.package_identification:_identify(src) by extension 'colcon_meta'
[1.290s] Level 1:colcon.colcon_core.package_identification:_identify(src) by extensions ['ros']
[1.290s] Level 1:colcon.colcon_core.package_identification:_identify(src) by extension 'ros'
[1.290s] Level 1:colcon.colcon_core.package_identification:_identify(src) by extensions ['cmake', 'python']
[1.290s] Level 1:colcon.colcon_core.package_identification:_identify(src) by extension 'cmake'
[1.291s] Level 1:colcon.colcon_core.package_identification:_identify(src) by extension 'python'
[1.291s] Level 1:colcon.colcon_core.package_identification:_identify(src) by extensions ['python_setup_py']
[1.291s] Level 1:colcon.colcon_core.package_identification:_identify(src) by extension 'python_setup_py'
[1.292s] Level 1:colcon.colcon_core.package_identification:_identify(src/cpp_stepper_controller) by extensions ['ignore', 'ignore_ament_install']
[1.292s] Level 1:colcon.colcon_core.package_identification:_identify(src/cpp_stepper_controller) by extension 'ignore'
[1.292s] Level 1:colcon.colcon_core.package_identification:_identify(src/cpp_stepper_controller) by extension 'ignore_ament_install'
[1.293s] Level 1:colcon.colcon_core.package_identification:_identify(src/cpp_stepper_controller) by extensions ['colcon_pkg']
[1.293s] Level 1:colcon.colcon_core.package_identification:_identify(src/cpp_stepper_controller) by extension 'colcon_pkg'
[1.293s] Level 1:colcon.colcon_core.package_identification:_identify(src/cpp_stepper_controller) by extensions ['colcon_meta']
[1.293s] Level 1:colcon.colcon_core.package_identification:_identify(src/cpp_stepper_controller) by extension 'colcon_meta'
[1.294s] Level 1:colcon.colcon_core.package_identification:_identify(src/cpp_stepper_controller) by extensions ['ros']
[1.294s] Level 1:colcon.colcon_core.package_identification:_identify(src/cpp_stepper_controller) by extension 'ros'
[1.302s] DEBUG:colcon.colcon_core.package_identification:Package 'src/cpp_stepper_controller' with type 'ros.ament_cmake' and name 'cpp_stepper_controller'
[1.303s] Level 1:colcon.colcon_core.package_discovery:discover_packages(recursive) using defaults
[1.303s] Level 1:colcon.colcon_core.package_discovery:discover_packages(ignore) discover
[1.303s] Level 1:colcon.colcon_core.package_discovery:discover_packages(ignore) using defaults
[1.303s] Level 1:colcon.colcon_core.package_discovery:discover_packages(path) discover
[1.303s] Level 1:colcon.colcon_core.package_discovery:discover_packages(path) using defaults
[1.385s] Level 1:colcon.colcon_core.package_discovery:discover_packages(prefix_path) check parameters
[1.385s] Level 1:colcon.colcon_core.package_discovery:discover_packages(prefix_path) discover
[1.401s] DEBUG:colcon.colcon_installed_package_information.package_discovery:Found 281 installed packages in /opt/ros/iron
[1.451s] Level 1:colcon.colcon_core.package_discovery:discover_packages(prefix_path) using defaults
[1.656s] Level 5:colcon.colcon_core.verb:set package 'cpp_stepper_controller' build argument 'cmake_args' from command line to 'None'
[1.657s] Level 5:colcon.colcon_core.verb:set package 'cpp_stepper_controller' build argument 'cmake_target' from command line to 'None'
[1.657s] Level 5:colcon.colcon_core.verb:set package 'cpp_stepper_controller' build argument 'cmake_target_skip_unavailable' from command line to 'False'
[1.657s] Level 5:colcon.colcon_core.verb:set package 'cpp_stepper_controller' build argument 'cmake_clean_cache' from command line to 'False'
[1.657s] Level 5:colcon.colcon_core.verb:set package 'cpp_stepper_controller' build argument 'cmake_clean_first' from command line to 'False'
[1.657s] Level 5:colcon.colcon_core.verb:set package 'cpp_stepper_controller' build argument 'cmake_force_configure' from command line to 'False'
[1.657s] Level 5:colcon.colcon_core.verb:set package 'cpp_stepper_controller' build argument 'ament_cmake_args' from command line to 'None'
[1.658s] Level 5:colcon.colcon_core.verb:set package 'cpp_stepper_controller' build argument 'catkin_cmake_args' from command line to 'None'
[1.658s] Level 5:colcon.colcon_core.verb:set package 'cpp_stepper_controller' build argument 'catkin_skip_building_tests' from command line to 'False'
[1.658s] DEBUG:colcon.colcon_core.verb:Building package 'cpp_stepper_controller' with the following arguments: {'ament_cmake_args': None, 'build_base': '/home/seds/Desktop/TERRANCE/Terrance/build/cpp_stepper_controller', 'catkin_cmake_args': None, 'catkin_skip_building_tests': False, 'cmake_args': None, 'cmake_clean_cache': False, 'cmake_clean_first': False, 'cmake_force_configure': False, 'cmake_target': None, 'cmake_target_skip_unavailable': False, 'install_base': '/home/seds/Desktop/TERRANCE/Terrance/install/cpp_stepper_controller', 'merge_install': False, 'path': '/home/seds/Desktop/TERRANCE/Terrance/src/cpp_stepper_controller', 'symlink_install': False, 'test_result_base': None}
[1.658s] INFO:colcon.colcon_core.executor:Executing jobs using 'parallel' executor
[1.662s] DEBUG:colcon.colcon_parallel_executor.executor.parallel:run_until_complete
[1.663s] INFO:colcon.colcon_ros.task.ament_cmake.build:Building ROS package in '/home/seds/Desktop/TERRANCE/Terrance/src/cpp_stepper_controller' with build type 'ament_cmake'
[1.663s] INFO:colcon.colcon_cmake.task.cmake.build:Building CMake package in '/home/seds/Desktop/TERRANCE/Terrance/src/cpp_stepper_controller'
[1.671s] INFO:colcon.colcon_core.plugin_system:Skipping extension 'colcon_core.shell.bat': Not used on non-Windows systems
[1.673s] INFO:colcon.colcon_core.shell:Skip shell extension 'powershell' for command environment: Not usable outside of PowerShell
[1.673s] DEBUG:colcon.colcon_core.shell:Skip shell extension 'dsv' for command environment
[1.729s] DEBUG:colcon.colcon_core.event_handler.log_command:Invoking command in '/home/seds/Desktop/TERRANCE/Terrance/build/cpp_stepper_controller': CMAKE_PREFIX_PATH=/opt/ros/iron /usr/bin/cmake --build /home/seds/Desktop/TERRANCE/Terrance/build/cpp_stepper_controller -- -j4 -l4
[2.057s] DEBUG:colcon.colcon_core.event_handler.log_command:Invoked command in '/home/seds/Desktop/TERRANCE/Terrance/build/cpp_stepper_controller' returned '2': CMAKE_PREFIX_PATH=/opt/ros/iron /usr/bin/cmake --build /home/seds/Desktop/TERRANCE/Terrance/build/cpp_stepper_controller -- -j4 -l4
[2.188s] Level 1:colcon.colcon_core.environment:create_environment_scripts_only(cpp_stepper_controller)
[2.200s] Level 1:colcon.colcon_core.environment:checking '/home/seds/Desktop/TERRANCE/Terrance/install/cpp_stepper_controller' for CMake module files
[2.203s] Level 1:colcon.colcon_core.environment:checking '/home/seds/Desktop/TERRANCE/Terrance/install/cpp_stepper_controller' for CMake config files
[2.205s] Level 1:colcon.colcon_core.shell:create_environment_hook('cpp_stepper_controller', 'cmake_prefix_path')
[2.206s] INFO:colcon.colcon_core.shell:Creating environment hook '/home/seds/Desktop/TERRANCE/Terrance/install/cpp_stepper_controller/share/cpp_stepper_controller/hook/cmake_prefix_path.ps1'
[2.210s] INFO:colcon.colcon_core.shell:Creating environment descriptor '/home/seds/Desktop/TERRANCE/Terrance/install/cpp_stepper_controller/share/cpp_stepper_controller/hook/cmake_prefix_path.dsv'
[2.212s] INFO:colcon.colcon_core.shell:Creating environment hook '/home/seds/Desktop/TERRANCE/Terrance/install/cpp_stepper_controller/share/cpp_stepper_controller/hook/cmake_prefix_path.sh'
[2.220s] Level 1:colcon.colcon_core.environment:checking '/home/seds/Desktop/TERRANCE/Terrance/install/cpp_stepper_controller/lib'
[2.222s] Level 1:colcon.colcon_core.environment:checking '/home/seds/Desktop/TERRANCE/Terrance/install/cpp_stepper_controller/bin'
[2.222s] Level 1:colcon.colcon_core.environment:checking '/home/seds/Desktop/TERRANCE/Terrance/install/cpp_stepper_controller/lib/pkgconfig/cpp_stepper_controller.pc'
[2.223s] Level 1:colcon.colcon_core.environment:checking '/home/seds/Desktop/TERRANCE/Terrance/install/cpp_stepper_controller/lib/python3.10/site-packages'
[2.225s] Level 1:colcon.colcon_core.environment:checking '/home/seds/Desktop/TERRANCE/Terrance/install/cpp_stepper_controller/bin'
[2.226s] INFO:colcon.colcon_core.shell:Creating package script '/home/seds/Desktop/TERRANCE/Terrance/install/cpp_stepper_controller/share/cpp_stepper_controller/package.ps1'
[2.230s] INFO:colcon.colcon_core.shell:Creating package descriptor '/home/seds/Desktop/TERRANCE/Terrance/install/cpp_stepper_controller/share/cpp_stepper_controller/package.dsv'
[2.233s] INFO:colcon.colcon_core.shell:Creating package script '/home/seds/Desktop/TERRANCE/Terrance/install/cpp_stepper_controller/share/cpp_stepper_controller/package.sh'
[2.236s] INFO:colcon.colcon_core.shell:Creating package script '/home/seds/Desktop/TERRANCE/Terrance/install/cpp_stepper_controller/share/cpp_stepper_controller/package.bash'
[2.239s] INFO:colcon.colcon_core.shell:Creating package script '/home/seds/Desktop/TERRANCE/Terrance/install/cpp_stepper_controller/share/cpp_stepper_controller/package.zsh'
[2.243s] Level 1:colcon.colcon_core.environment:create_file_with_runtime_dependencies(/home/seds/Desktop/TERRANCE/Terrance/install/cpp_stepper_controller/share/colcon-core/packages/cpp_stepper_controller)
[2.254s] DEBUG:colcon.colcon_parallel_executor.executor.parallel:closing loop
[2.255s] DEBUG:colcon.colcon_parallel_executor.executor.parallel:loop closed
[2.256s] DEBUG:colcon.colcon_parallel_executor.executor.parallel:run_until_complete finished with '2'
[2.256s] DEBUG:colcon.colcon_core.event_reactor:joining thread
[2.287s] INFO:colcon.colcon_core.plugin_system:Skipping extension 'colcon_notification.desktop_notification.terminal_notifier': Not used on non-Darwin systems
[2.287s] INFO:colcon.colcon_core.plugin_system:Skipping extension 'colcon_notification.desktop_notification.win32': Not used on non-Windows systems
[2.288s] INFO:colcon.colcon_notification.desktop_notification:Sending desktop notification using 'notify2'
[2.360s] DEBUG:colcon.colcon_core.event_reactor:joined thread
[2.361s] INFO:colcon.colcon_core.shell:Creating prefix script '/home/seds/Desktop/TERRANCE/Terrance/install/local_setup.ps1'
[2.366s] INFO:colcon.colcon_core.shell:Creating prefix util module '/home/seds/Desktop/TERRANCE/Terrance/install/_local_setup_util_ps1.py'
[2.374s] INFO:colcon.colcon_core.shell:Creating prefix chain script '/home/seds/Desktop/TERRANCE/Terrance/install/setup.ps1'
[2.384s] INFO:colcon.colcon_core.shell:Creating prefix script '/home/seds/Desktop/TERRANCE/Terrance/install/local_setup.sh'
[2.393s] INFO:colcon.colcon_core.shell:Creating prefix util module '/home/seds/Desktop/TERRANCE/Terrance/install/_local_setup_util_sh.py'
[2.397s] INFO:colcon.colcon_core.shell:Creating prefix chain script '/home/seds/Desktop/TERRANCE/Terrance/install/setup.sh'
[2.404s] INFO:colcon.colcon_core.shell:Creating prefix script '/home/seds/Desktop/TERRANCE/Terrance/install/local_setup.bash'
[2.408s] INFO:colcon.colcon_core.shell:Creating prefix chain script '/home/seds/Desktop/TERRANCE/Terrance/install/setup.bash'
[2.413s] INFO:colcon.colcon_core.shell:Creating prefix script '/home/seds/Desktop/TERRANCE/Terrance/install/local_setup.zsh'
[2.416s] INFO:colcon.colcon_core.shell:Creating prefix chain script '/home/seds/Desktop/TERRANCE/Terrance/install/setup.zsh'
